2016-08-29 13:20:17 [scrapy] INFO: Scrapy 1.1.2 started (bot: xmmspider)
2016-08-29 13:20:17 [scrapy] INFO: Overridden settings: {'NEWSPIDER_MODULE': 'xmmspider.spiders', 'ROBOTSTXT_OBEY': True, 'SPIDER_MODULES': ['xmmspider.spiders'], 'LOG_FILE': '20160829.log', 'BOT_NAME': 'xmmspider'}
2016-08-29 13:20:17 [scrapy] INFO: Enabled extensions:
['scrapy.extensions.logstats.LogStats',
 'scrapy.extensions.telnet.TelnetConsole',
 'scrapy.extensions.corestats.CoreStats']
2016-08-29 13:20:17 [scrapy] INFO: Enabled downloader middlewares:
['xmmspider.middlewares.RandomUserAgent',
 'scrapy.downloadermiddlewares.robotstxt.RobotsTxtMiddleware',
 'scrapy.downloadermiddlewares.httpauth.HttpAuthMiddleware',
 'scrapy.downloadermiddlewares.downloadtimeout.DownloadTimeoutMiddleware',
 'scrapy.downloadermiddlewares.useragent.UserAgentMiddleware',
 'scrapy.downloadermiddlewares.retry.RetryMiddleware',
 'scrapy.downloadermiddlewares.defaultheaders.DefaultHeadersMiddleware',
 'scrapy.downloadermiddlewares.redirect.MetaRefreshMiddleware',
 'scrapy.downloadermiddlewares.redirect.RedirectMiddleware',
 'scrapy.downloadermiddlewares.cookies.CookiesMiddleware',
 'scrapy.downloadermiddlewares.httpcompression.HttpCompressionMiddleware',
 'scrapy.downloadermiddlewares.chunked.ChunkedTransferMiddleware',
 'scrapy.downloadermiddlewares.stats.DownloaderStats']
2016-08-29 13:20:17 [scrapy] INFO: Enabled spider middlewares:
['scrapy.spidermiddlewares.httperror.HttpErrorMiddleware',
 'scrapy.spidermiddlewares.offsite.OffsiteMiddleware',
 'scrapy.spidermiddlewares.referer.RefererMiddleware',
 'scrapy.spidermiddlewares.urllength.UrlLengthMiddleware',
 'scrapy.spidermiddlewares.depth.DepthMiddleware']
2016-08-29 13:20:17 [scrapy] INFO: Enabled item pipelines:
[]
2016-08-29 13:20:17 [scrapy] INFO: Spider opened
2016-08-29 13:20:17 [scrapy] INFO: Crawled 0 pages (at 0 pages/min), scraped 0 items (at 0 items/min)
2016-08-29 13:20:17 [scrapy] DEBUG: Telnet console listening on 127.0.0.1:6023
2016-08-29 13:20:17 [scrapy] DEBUG: Crawled (200) <GET https://shop34685656.taobao.com/robots.txt> (referer: None)
2016-08-29 13:20:17 [scrapy] DEBUG: Forbidden by robots.txt: <GET https://shop34685656.taobao.com/>
2016-08-29 13:20:17 [scrapy] INFO: Closing spider (finished)
2016-08-29 13:20:17 [scrapy] INFO: Dumping Scrapy stats:
{'downloader/exception_count': 1,
 'downloader/exception_type_count/scrapy.exceptions.IgnoreRequest': 1,
 'downloader/request_bytes': 294,
 'downloader/request_count': 1,
 'downloader/request_method_count/GET': 1,
 'downloader/response_bytes': 283,
 'downloader/response_count': 1,
 'downloader/response_status_count/200': 1,
 'finish_reason': 'finished',
 'finish_time': datetime.datetime(2016, 8, 29, 5, 20, 17, 554584),
 'log_count/DEBUG': 3,
 'log_count/INFO': 7,
 'response_received_count': 1,
 'scheduler/dequeued': 1,
 'scheduler/dequeued/memory': 1,
 'scheduler/enqueued': 1,
 'scheduler/enqueued/memory': 1,
 'start_time': datetime.datetime(2016, 8, 29, 5, 20, 17, 150293)}
2016-08-29 13:20:17 [scrapy] INFO: Spider closed (finished)
