2016-09-08 10:44:06 [scrapy] INFO: Scrapy 1.1.2 started (bot: xmmspider)
2016-09-08 10:44:06 [scrapy] INFO: Overridden settings: {'COOKIES_DEBUG': True, 'NEWSPIDER_MODULE': 'xmmspider.spiders', 'SPIDER_MODULES': ['xmmspider.spiders'], 'RETRY_TIMES': 5, 'BOT_NAME': 'xmmspider', 'LOG_FILE': '/Users/cean/workspace/Java/workspace/xmm-shop-tools/data-collection/xmmspider/xmmspider/logs/TaobaoShopSpider-1473264000.log', 'DOWNLOAD_DELAY': 3}
2016-09-08 10:44:06 [scrapy] INFO: Enabled extensions:
['scrapy.extensions.logstats.LogStats',
 'scrapy.extensions.telnet.TelnetConsole',
 'scrapy.extensions.corestats.CoreStats',
 'xmmspider.extensions.SpiderRequestInterval',
 'xmmspider.extensions.TaobaoShopDataMySQLLoader',
 'xmmspider.extensions.SpiderMonitor']
2016-09-08 10:44:06 [scrapy] INFO: Enabled downloader middlewares:
['scrapy.downloadermiddlewares.httpauth.HttpAuthMiddleware',
 'scrapy.downloadermiddlewares.downloadtimeout.DownloadTimeoutMiddleware',
 'scrapy.downloadermiddlewares.useragent.UserAgentMiddleware',
 'scrapy.downloadermiddlewares.retry.RetryMiddleware',
 'scrapy.downloadermiddlewares.defaultheaders.DefaultHeadersMiddleware',
 'scrapy.downloadermiddlewares.redirect.MetaRefreshMiddleware',
 'scrapy.downloadermiddlewares.redirect.RedirectMiddleware',
 'scrapy.downloadermiddlewares.cookies.CookiesMiddleware',
 'scrapy.downloadermiddlewares.httpcompression.HttpCompressionMiddleware',
 'scrapy.downloadermiddlewares.chunked.ChunkedTransferMiddleware',
 'scrapy.downloadermiddlewares.stats.DownloaderStats']
2016-09-08 10:44:06 [scrapy] INFO: Enabled spider middlewares:
['scrapy.spidermiddlewares.httperror.HttpErrorMiddleware',
 'scrapy.spidermiddlewares.offsite.OffsiteMiddleware',
 'scrapy.spidermiddlewares.referer.RefererMiddleware',
 'scrapy.spidermiddlewares.urllength.UrlLengthMiddleware',
 'scrapy.spidermiddlewares.depth.DepthMiddleware']
2016-09-08 10:44:06 [pykafka.topic] INFO: Successfully loaded pykafka.rdkafka extension.
2016-09-08 10:44:06 [scrapy] INFO: Enabled item pipelines:
['xmmspider.pipelines.PushDataToKafka']
2016-09-08 10:44:06 [scrapy] INFO: Spider opened
2016-09-08 10:44:06 [pykafka.cluster] DEBUG: Updating cluster, attempt 1/3
2016-09-08 10:44:06 [pykafka.connection] DEBUG: Connecting to 192.168.103.245:9092
2016-09-08 10:44:07 [pykafka.connection] DEBUG: Successfully connected to 192.168.103.245:9092
2016-09-08 10:44:07 [pykafka.handlers] INFO: RequestHandler.stop: about to flush requests queue
2016-09-08 10:44:07 [pykafka.cluster] INFO: Discovered 1 brokers
2016-09-08 10:44:07 [pykafka.cluster] DEBUG: Discovered broker id 0: 192.168.103.245:9092
2016-09-08 10:44:07 [pykafka.connection] DEBUG: Connecting to 192.168.103.245:9092
2016-09-08 10:44:07 [pykafka.connection] DEBUG: Successfully connected to 192.168.103.245:9092
2016-09-08 10:44:07 [pykafka.cluster] INFO: Discovered 4 topics
2016-09-08 10:44:07 [pykafka.cluster] DEBUG: Discovered topic 'taobao.shop.info'
2016-09-08 10:44:07 [pykafka.cluster] DEBUG: Discovered topic 'taobao.shop.product'
2016-09-08 10:44:07 [pykafka.cluster] DEBUG: Discovered topic 'tmall.shop.product'
2016-09-08 10:44:07 [pykafka.cluster] DEBUG: Discovered topic 'tmall.shop.info'
2016-09-08 10:44:07 [scrapy] INFO: Crawled 0 pages (at 0 pages/min), scraped 0 items (at 0 items/min)
2016-09-08 10:44:07 [xmmspider.extensions] INFO: load shop urls
2016-09-08 10:44:07 [scrapy] DEBUG: Telnet console listening on 127.0.0.1:6026
2016-09-08 10:44:08 [pykafka.handlers] INFO: RequestHandler worker: exiting cleanly
2016-09-08 10:44:13 [scrapy] DEBUG: Received cookies from: <200 https://shop34685656.taobao.com/>
Set-Cookie: thw=cn; Path=/; Domain=.taobao.com; Expires=Fri, 08-Sep-17 02:44:13 GMT;

2016-09-08 10:44:13 [scrapy] DEBUG: Crawled (200) <GET https://shop34685656.taobao.com/> (referer: None)
2016-09-08 10:44:16 [scrapy] DEBUG: Received cookies from: <200 https://shop20027371.taobao.com/>
Set-Cookie: thw=cn; Path=/; Domain=.taobao.com; Expires=Fri, 08-Sep-17 02:44:14 GMT;

2016-09-08 10:44:16 [scrapy] DEBUG: Crawled (200) <GET https://shop20027371.taobao.com/> (referer: None)
2016-09-08 10:44:16 [scrapy] DEBUG: Sending cookies to: <GET https://rate.taobao.com/user-rate-UMF8YvGkWvGIT.htm>
Cookie: cna=4RdLEIipQlECAWXM93goJEgl; thw=cn

2016-09-08 10:44:20 [scrapy] DEBUG: Sending cookies to: <GET https://rate.taobao.com/user-rate-UvCNWvCcGMGHT.htm>
Cookie: cna=4RdLEIipQlECAWXM93goJEgl; thw=cn

2016-09-08 10:44:20 [scrapy] DEBUG: Received cookies from: <200 https://rate.taobao.com/user-rate-UMF8YvGkWvGIT.htm>
Set-Cookie: uc1=cookie14=UoWwJ0glWKoSfQ%3D%3D; Domain=.taobao.com; Path=/

Set-Cookie: v=0; Domain=.taobao.com; Path=/

Set-Cookie: cookie2=1c42de58cb9a09db1b8bb76a09aacefd;Domain=.taobao.com;Path=/;HttpOnly

Set-Cookie: t=2b063499b9025029f99f91c03728331a; Domain=.taobao.com; Expires=Wed, 07-Dec-2016 02:44:20 GMT; Path=/

2016-09-08 10:44:20 [scrapy] DEBUG: Crawled (200) <GET https://rate.taobao.com/user-rate-UMF8YvGkWvGIT.htm> (referer: https://shop34685656.taobao.com/)
2016-09-08 10:44:20 [scrapy] DEBUG: Received cookies from: <200 https://rate.taobao.com/user-rate-UvCNWvCcGMGHT.htm>
Set-Cookie: uc1=cookie14=UoWwJ0glWKoSfQ%3D%3D; Domain=.taobao.com; Path=/

Set-Cookie: v=0; Domain=.taobao.com; Path=/

Set-Cookie: cookie2=1c79afd4697b047afc9774386235a329;Domain=.taobao.com;Path=/;HttpOnly

Set-Cookie: t=d4f22358b6accf064d9ca7348f219da4; Domain=.taobao.com; Expires=Wed, 07-Dec-2016 02:44:20 GMT; Path=/

2016-09-08 10:44:20 [scrapy] DEBUG: Crawled (200) <GET https://rate.taobao.com/user-rate-UvCNWvCcGMGHT.htm> (referer: https://shop20027371.taobao.com/)
2016-09-08 10:44:20 [pykafka.connection] DEBUG: Connecting to 192.168.103.245:9092
2016-09-08 10:44:20 [pykafka.connection] DEBUG: Successfully connected to 192.168.103.245:9092
2016-09-08 10:44:20 [pykafka.handlers] INFO: RequestHandler.stop: about to flush requests queue
2016-09-08 10:44:20 [pykafka.topic] INFO: Adding 3 partitions
2016-09-08 10:44:20 [pykafka.topic] DEBUG: Adding partition taobao.shop.info/0
2016-09-08 10:44:20 [pykafka.topic] DEBUG: Adding partition taobao.shop.info/1
2016-09-08 10:44:20 [pykafka.topic] DEBUG: Adding partition taobao.shop.info/2
2016-09-08 10:44:20 [pykafka.producer] INFO: Starting new produce worker for broker 0
2016-09-08 10:44:20 [pykafka.producer] DEBUG: Sending 1 messages to broker 0
2016-09-08 10:44:20 [pykafka.producer] DEBUG: Successfully sent 1/1 messages to broker 0
2016-09-08 10:44:20 [pykafka.producer] INFO: Blocking until all messages are sent
2016-09-08 10:44:21 [pykafka.handlers] INFO: RequestHandler worker: exiting cleanly
2016-09-08 10:44:25 [pykafka.producer] INFO: Worker exited for broker 192.168.103.245:9092
2016-09-08 10:44:25 [pykafka.producer] INFO: Blocking until all messages are sent
2016-09-08 10:44:25 [pykafka.producer] DEBUG: Finalising <pykafka.producer.Producer at 0x1064b7890>
2016-09-08 10:44:25 [scrapy] DEBUG: Scraped from <200 https://rate.taobao.com/user-rate-UMF8YvGkWvGIT.htm>
None
2016-09-08 10:44:25 [pykafka.connection] DEBUG: Connecting to 192.168.103.245:9092
2016-09-08 10:44:25 [pykafka.connection] DEBUG: Successfully connected to 192.168.103.245:9092
2016-09-08 10:44:25 [pykafka.handlers] INFO: RequestHandler.stop: about to flush requests queue
2016-09-08 10:44:25 [pykafka.topic] INFO: Adding 3 partitions
2016-09-08 10:44:25 [pykafka.topic] DEBUG: Adding partition taobao.shop.info/0
2016-09-08 10:44:25 [pykafka.topic] DEBUG: Adding partition taobao.shop.info/1
2016-09-08 10:44:25 [pykafka.topic] DEBUG: Adding partition taobao.shop.info/2
2016-09-08 10:44:25 [pykafka.producer] INFO: Starting new produce worker for broker 0
2016-09-08 10:44:25 [pykafka.producer] DEBUG: Sending 1 messages to broker 0
2016-09-08 10:44:25 [pykafka.producer] DEBUG: Successfully sent 1/1 messages to broker 0
2016-09-08 10:44:25 [pykafka.producer] INFO: Blocking until all messages are sent
2016-09-08 10:44:26 [pykafka.handlers] INFO: RequestHandler worker: exiting cleanly
2016-09-08 10:44:30 [pykafka.producer] INFO: Worker exited for broker 192.168.103.245:9092
2016-09-08 10:44:30 [pykafka.producer] INFO: Blocking until all messages are sent
2016-09-08 10:44:30 [pykafka.producer] DEBUG: Finalising <pykafka.producer.Producer at 0x10a2a81d0>
2016-09-08 10:44:30 [scrapy] DEBUG: Scraped from <200 https://rate.taobao.com/user-rate-UvCNWvCcGMGHT.htm>
None
2016-09-08 10:44:30 [scrapy] INFO: Closing spider (finished)
2016-09-08 10:44:30 [scrapy] INFO: Dumping Scrapy stats:
{'downloader/request_bytes': 1100,
 'downloader/request_count': 4,
 'downloader/request_method_count/GET': 4,
 'downloader/response_bytes': 44830,
 'downloader/response_count': 4,
 'downloader/response_status_count/200': 4,
 'finish_reason': 'finished',
 'finish_time': datetime.datetime(2016, 9, 8, 2, 44, 30, 330703),
 'item_scraped_count': 2,
 'log_count/DEBUG': 39,
 'log_count/INFO': 27,
 'request_depth_max': 1,
 'response_received_count': 4,
 'scheduler/dequeued': 4,
 'scheduler/dequeued/memory': 4,
 'scheduler/enqueued': 4,
 'scheduler/enqueued/memory': 4,
 'start_time': datetime.datetime(2016, 9, 8, 2, 44, 7, 497221)}
2016-09-08 10:44:30 [scrapy] INFO: Spider closed (finished)
2016-09-08 10:44:30 [pykafka.handlers] INFO: RequestHandler.stop: about to flush requests queue
