2016-09-03 15:14:46 [scrapy] INFO: Scrapy 1.1.2 started (bot: xmmspider)
2016-09-03 15:14:46 [scrapy] INFO: Overridden settings: {'COOKIES_DEBUG': True, 'NEWSPIDER_MODULE': 'xmmspider.spiders', 'SPIDER_MODULES': ['xmmspider.spiders'], 'BOT_NAME': 'xmmspider', 'LOG_FILE': '/Users/cean/workspace/Java/workspace/xmm-shop-tools/data-collection/xmmspider/xmmspider/logs/TaobaoShopSpider-1472832000000.log', 'DOWNLOAD_DELAY': 3}
2016-09-03 15:14:46 [scrapy] INFO: Enabled extensions:
['scrapy.extensions.logstats.LogStats',
 'scrapy.extensions.telnet.TelnetConsole',
 'scrapy.extensions.corestats.CoreStats',
 'xmmspider.extensions.TaobaoShopDataMySQLLoader']
2016-09-03 15:14:46 [scrapy] INFO: Enabled downloader middlewares:
['scrapy.downloadermiddlewares.httpauth.HttpAuthMiddleware',
 'scrapy.downloadermiddlewares.downloadtimeout.DownloadTimeoutMiddleware',
 'scrapy.downloadermiddlewares.useragent.UserAgentMiddleware',
 'scrapy.downloadermiddlewares.retry.RetryMiddleware',
 'scrapy.downloadermiddlewares.defaultheaders.DefaultHeadersMiddleware',
 'scrapy.downloadermiddlewares.redirect.MetaRefreshMiddleware',
 'scrapy.downloadermiddlewares.redirect.RedirectMiddleware',
 'scrapy.downloadermiddlewares.cookies.CookiesMiddleware',
 'scrapy.downloadermiddlewares.httpcompression.HttpCompressionMiddleware',
 'scrapy.downloadermiddlewares.chunked.ChunkedTransferMiddleware',
 'scrapy.downloadermiddlewares.stats.DownloaderStats']
2016-09-03 15:14:46 [scrapy] INFO: Enabled spider middlewares:
['scrapy.spidermiddlewares.httperror.HttpErrorMiddleware',
 'scrapy.spidermiddlewares.offsite.OffsiteMiddleware',
 'scrapy.spidermiddlewares.referer.RefererMiddleware',
 'scrapy.spidermiddlewares.urllength.UrlLengthMiddleware',
 'scrapy.spidermiddlewares.depth.DepthMiddleware']
2016-09-03 15:14:46 [pykafka.topic] INFO: Could not load pykafka.rdkafka extension.
Traceback (most recent call last):
  File "/Library/Frameworks/Python.framework/Versions/2.7/lib/python2.7/site-packages/pykafka/topic.py", line 39, in <module>
    from . import rdkafka
  File "/Library/Frameworks/Python.framework/Versions/2.7/lib/python2.7/site-packages/pykafka/rdkafka/__init__.py", line 1, in <module>
    from .producer import RdKafkaProducer
  File "/Library/Frameworks/Python.framework/Versions/2.7/lib/python2.7/site-packages/pykafka/rdkafka/producer.py", line 6, in <module>
    from . import _rd_kafka
ImportError: cannot import name _rd_kafka
2016-09-03 15:14:46 [scrapy] INFO: Enabled item pipelines:
['xmmspider.pipelines.PushDataToKafka']
2016-09-03 15:14:46 [scrapy] INFO: Spider opened
2016-09-03 15:14:46 [pykafka.cluster] DEBUG: Updating cluster, attempt 1/3
2016-09-03 15:14:46 [pykafka.connection] DEBUG: Connecting to 192.168.103.245:9092
2016-09-03 15:14:46 [pykafka.connection] DEBUG: Successfully connected to 192.168.103.245:9092
2016-09-03 15:14:46 [pykafka.handlers] INFO: RequestHandler.stop: about to flush requests queue
2016-09-03 15:14:46 [pykafka.cluster] INFO: Discovered 1 brokers
2016-09-03 15:14:46 [pykafka.cluster] DEBUG: Discovered broker id 0: 192.168.103.245:9092
2016-09-03 15:14:46 [pykafka.connection] DEBUG: Connecting to 192.168.103.245:9092
2016-09-03 15:14:46 [pykafka.connection] DEBUG: Successfully connected to 192.168.103.245:9092
2016-09-03 15:14:46 [pykafka.cluster] INFO: Discovered 2 topics
2016-09-03 15:14:46 [pykafka.cluster] DEBUG: Discovered topic 'taobao.shop.info'
2016-09-03 15:14:46 [pykafka.cluster] DEBUG: Discovered topic 'taobao.shop.product'
2016-09-03 15:14:46 [scrapy] INFO: Crawled 0 pages (at 0 pages/min), scraped 0 items (at 0 items/min)
2016-09-03 15:14:46 [xmmspider.extensions] INFO: load shop urls
2016-09-03 15:14:46 [scrapy] DEBUG: Telnet console listening on 127.0.0.1:6023
2016-09-03 15:14:46 [scrapy] DEBUG: Redirecting (301) to <GET https://shop20027371.taobao.com/> from <GET http://shop20027371.taobao.com/>
2016-09-03 15:14:46 [scrapy] DEBUG: Received cookies from: <200 https://shop34685656.taobao.com/>
Set-Cookie: thw=cn; Path=/; Domain=.taobao.com; Expires=Sun, 03-Sep-17 07:14:46 GMT;

2016-09-03 15:14:46 [scrapy] DEBUG: Crawled (200) <GET https://shop34685656.taobao.com/> (referer: None)
2016-09-03 15:14:46 [scrapy] DEBUG: Sending cookies to: <GET https://rate.taobao.com/user-rate-UMF8YvGkWvGIT.htm>
Cookie: cna=4RdLEIipQlECAWXM93goJEgl; thw=cn

2016-09-03 15:14:46 [scrapy] DEBUG: Received cookies from: <200 https://rate.taobao.com/user-rate-UMF8YvGkWvGIT.htm>
Set-Cookie: uc1=cookie14=UoWwJrNHNyR%2FmQ%3D%3D; Domain=.taobao.com; Path=/

Set-Cookie: v=0; Domain=.taobao.com; Path=/

Set-Cookie: cookie2=1c9d7758ae25afa3672ff21c2c72a8d3;Domain=.taobao.com;Path=/;HttpOnly

Set-Cookie: t=f286698446bd05884d8a077de5973aba; Domain=.taobao.com; Expires=Fri, 02-Dec-2016 07:14:46 GMT; Path=/

2016-09-03 15:14:46 [scrapy] DEBUG: Crawled (200) <GET https://rate.taobao.com/user-rate-UMF8YvGkWvGIT.htm> (referer: https://shop34685656.taobao.com/)
2016-09-03 15:14:46 [pykafka.connection] DEBUG: Connecting to 192.168.103.245:9092
2016-09-03 15:14:46 [pykafka.connection] DEBUG: Successfully connected to 192.168.103.245:9092
2016-09-03 15:14:46 [pykafka.handlers] INFO: RequestHandler.stop: about to flush requests queue
2016-09-03 15:14:46 [pykafka.topic] INFO: Adding 3 partitions
2016-09-03 15:14:46 [pykafka.topic] DEBUG: Adding partition taobao.shop.info/0
2016-09-03 15:14:46 [pykafka.topic] DEBUG: Adding partition taobao.shop.info/1
2016-09-03 15:14:46 [pykafka.topic] DEBUG: Adding partition taobao.shop.info/2
2016-09-03 15:14:46 [pykafka.producer] INFO: Starting new produce worker for broker 0
2016-09-03 15:14:46 [pykafka.producer] DEBUG: Sending 1 messages to broker 0
2016-09-03 15:14:47 [pykafka.producer] DEBUG: Successfully sent 1/1 messages to broker 0
2016-09-03 15:14:47 [pykafka.producer] INFO: Blocking until all messages are sent
2016-09-03 15:14:47 [pykafka.handlers] INFO: RequestHandler worker: exiting cleanly
2016-09-03 15:14:47 [pykafka.handlers] INFO: RequestHandler worker: exiting cleanly
2016-09-03 15:14:52 [pykafka.producer] INFO: Worker exited for broker 192.168.103.245:9092
2016-09-03 15:14:52 [pykafka.producer] INFO: Blocking until all messages are sent
2016-09-03 15:14:52 [pykafka.producer] DEBUG: Finalising <pykafka.producer.Producer at 0x1060b1550>
2016-09-03 15:14:52 [scrapy] DEBUG: Scraped from <200 https://rate.taobao.com/user-rate-UMF8YvGkWvGIT.htm>
None
2016-09-03 15:14:52 [scrapy] DEBUG: Received cookies from: <200 https://shop20027371.taobao.com/>
Set-Cookie: thw=cn; Path=/; Domain=.taobao.com; Expires=Sun, 03-Sep-17 07:14:52 GMT;

2016-09-03 15:14:52 [scrapy] DEBUG: Crawled (200) <GET https://shop20027371.taobao.com/> (referer: None)
2016-09-03 15:14:52 [scrapy] DEBUG: Sending cookies to: <GET https://rate.taobao.com/user-rate-UvCNWvCcGMGHT.htm>
Cookie: cna=4RdLEIipQlECAWXM93goJEgl; thw=cn; cookie2=1c9d7758ae25afa3672ff21c2c72a8d3; t=f286698446bd05884d8a077de5973aba; uc1=cookie14=UoWwJrNHNyR%2FmQ%3D%3D; v=0

2016-09-03 15:14:52 [scrapy] DEBUG: Received cookies from: <200 https://rate.taobao.com/user-rate-UvCNWvCcGMGHT.htm>
Set-Cookie: uc1=cookie14=UoWwJrNHNyR%2BOg%3D%3D; Domain=.taobao.com; Path=/

2016-09-03 15:14:52 [scrapy] DEBUG: Crawled (200) <GET https://rate.taobao.com/user-rate-UvCNWvCcGMGHT.htm> (referer: https://shop20027371.taobao.com/)
2016-09-03 15:14:52 [pykafka.connection] DEBUG: Connecting to 192.168.103.245:9092
2016-09-03 15:14:52 [pykafka.connection] DEBUG: Successfully connected to 192.168.103.245:9092
2016-09-03 15:14:52 [pykafka.handlers] INFO: RequestHandler.stop: about to flush requests queue
2016-09-03 15:14:52 [pykafka.topic] INFO: Adding 3 partitions
2016-09-03 15:14:52 [pykafka.topic] DEBUG: Adding partition taobao.shop.info/0
2016-09-03 15:14:52 [pykafka.topic] DEBUG: Adding partition taobao.shop.info/1
2016-09-03 15:14:52 [pykafka.topic] DEBUG: Adding partition taobao.shop.info/2
2016-09-03 15:14:52 [pykafka.producer] INFO: Starting new produce worker for broker 0
2016-09-03 15:14:52 [pykafka.producer] DEBUG: Sending 1 messages to broker 0
2016-09-03 15:14:52 [pykafka.producer] DEBUG: Successfully sent 1/1 messages to broker 0
2016-09-03 15:14:52 [pykafka.producer] INFO: Blocking until all messages are sent
2016-09-03 15:14:53 [pykafka.handlers] INFO: RequestHandler worker: exiting cleanly
2016-09-03 15:14:57 [pykafka.producer] INFO: Worker exited for broker 192.168.103.245:9092
2016-09-03 15:14:57 [pykafka.producer] INFO: Blocking until all messages are sent
2016-09-03 15:14:57 [pykafka.producer] DEBUG: Finalising <pykafka.producer.Producer at 0x10a365e10>
2016-09-03 15:14:57 [scrapy] DEBUG: Scraped from <200 https://rate.taobao.com/user-rate-UvCNWvCcGMGHT.htm>
None
2016-09-03 15:14:57 [scrapy] INFO: Closing spider (finished)
2016-09-03 15:14:57 [xmmspider.extensions] INFO: close
2016-09-03 15:14:57 [scrapy] INFO: Dumping Scrapy stats:
{'downloader/request_bytes': 1441,
 'downloader/request_count': 5,
 'downloader/request_method_count/GET': 5,
 'downloader/response_bytes': 45046,
 'downloader/response_count': 5,
 'downloader/response_status_count/200': 4,
 'downloader/response_status_count/301': 1,
 'finish_reason': 'finished',
 'finish_time': datetime.datetime(2016, 9, 3, 7, 14, 57, 631063),
 'item_scraped_count': 2,
 'log_count/DEBUG': 38,
 'log_count/INFO': 28,
 'request_depth_max': 1,
 'response_received_count': 4,
 'scheduler/dequeued': 5,
 'scheduler/dequeued/memory': 5,
 'scheduler/enqueued': 5,
 'scheduler/enqueued/memory': 5,
 'start_time': datetime.datetime(2016, 9, 3, 7, 14, 46, 266981)}
2016-09-03 15:14:57 [scrapy] INFO: Spider closed (finished)
2016-09-03 15:14:57 [pykafka.handlers] INFO: RequestHandler.stop: about to flush requests queue
