2016-09-09 09:28:51 [scrapy] INFO: Scrapy 1.1.2 started (bot: xmmspider)
2016-09-09 09:28:51 [scrapy] INFO: Overridden settings: {'COOKIES_DEBUG': True, 'NEWSPIDER_MODULE': 'xmmspider.spiders', 'SPIDER_MODULES': ['xmmspider.spiders'], 'RETRY_TIMES': 5, 'BOT_NAME': 'xmmspider', 'LOG_FILE': '/Users/cean/workspace/Java/workspace/xmm-shop-tools/data-collection/xmmspider/xmmspider/logs/TaobaoShopSpider-1473350400.log', 'DOWNLOAD_DELAY': 3}
2016-09-09 09:28:51 [scrapy] INFO: Enabled extensions:
['scrapy.extensions.logstats.LogStats',
 'scrapy.extensions.telnet.TelnetConsole',
 'scrapy.extensions.corestats.CoreStats',
 'xmmspider.extensions.SpiderRequestInterval',
 'xmmspider.extensions.TaobaoShopDataMySQLLoader',
 'xmmspider.extensions.SpiderMonitor']
2016-09-09 09:28:51 [scrapy] INFO: Enabled downloader middlewares:
['scrapy.downloadermiddlewares.httpauth.HttpAuthMiddleware',
 'scrapy.downloadermiddlewares.downloadtimeout.DownloadTimeoutMiddleware',
 'scrapy.downloadermiddlewares.useragent.UserAgentMiddleware',
 'scrapy.downloadermiddlewares.retry.RetryMiddleware',
 'scrapy.downloadermiddlewares.defaultheaders.DefaultHeadersMiddleware',
 'scrapy.downloadermiddlewares.redirect.MetaRefreshMiddleware',
 'scrapy.downloadermiddlewares.redirect.RedirectMiddleware',
 'scrapy.downloadermiddlewares.cookies.CookiesMiddleware',
 'scrapy.downloadermiddlewares.httpcompression.HttpCompressionMiddleware',
 'scrapy.downloadermiddlewares.chunked.ChunkedTransferMiddleware',
 'scrapy.downloadermiddlewares.stats.DownloaderStats']
2016-09-09 09:28:51 [scrapy] INFO: Enabled spider middlewares:
['scrapy.spidermiddlewares.httperror.HttpErrorMiddleware',
 'scrapy.spidermiddlewares.offsite.OffsiteMiddleware',
 'scrapy.spidermiddlewares.referer.RefererMiddleware',
 'scrapy.spidermiddlewares.urllength.UrlLengthMiddleware',
 'scrapy.spidermiddlewares.depth.DepthMiddleware']
2016-09-09 09:28:51 [pykafka.topic] INFO: Successfully loaded pykafka.rdkafka extension.
2016-09-09 09:28:51 [scrapy] INFO: Enabled item pipelines:
['xmmspider.pipelines.PushDataToKafka']
2016-09-09 09:28:51 [scrapy] INFO: Spider opened
2016-09-09 09:28:51 [pykafka.cluster] DEBUG: Updating cluster, attempt 1/3
2016-09-09 09:28:51 [pykafka.connection] DEBUG: Connecting to 192.168.103.245:9092
2016-09-09 09:28:52 [pykafka.connection] DEBUG: Successfully connected to 192.168.103.245:9092
2016-09-09 09:28:52 [pykafka.handlers] INFO: RequestHandler.stop: about to flush requests queue
2016-09-09 09:28:52 [pykafka.cluster] INFO: Discovered 1 brokers
2016-09-09 09:28:52 [pykafka.cluster] DEBUG: Discovered broker id 0: 192.168.103.245:9092
2016-09-09 09:28:52 [pykafka.connection] DEBUG: Connecting to 192.168.103.245:9092
2016-09-09 09:28:52 [pykafka.connection] DEBUG: Successfully connected to 192.168.103.245:9092
2016-09-09 09:28:52 [pykafka.cluster] INFO: Discovered 4 topics
2016-09-09 09:28:52 [pykafka.cluster] DEBUG: Discovered topic 'taobao.shop.info'
2016-09-09 09:28:52 [pykafka.cluster] DEBUG: Discovered topic 'taobao.shop.product'
2016-09-09 09:28:52 [pykafka.cluster] DEBUG: Discovered topic 'tmall.shop.product'
2016-09-09 09:28:52 [pykafka.cluster] DEBUG: Discovered topic 'tmall.shop.info'
2016-09-09 09:28:52 [scrapy] INFO: Crawled 0 pages (at 0 pages/min), scraped 0 items (at 0 items/min)
2016-09-09 09:28:52 [xmmspider.extensions] INFO: load shop urls
2016-09-09 09:28:52 [scrapy] DEBUG: Telnet console listening on 127.0.0.1:6026
2016-09-09 09:28:53 [pykafka.handlers] INFO: RequestHandler worker: exiting cleanly
2016-09-09 09:28:59 [scrapy] DEBUG: Received cookies from: <200 https://shop34685656.taobao.com/>
Set-Cookie: thw=cn; Path=/; Domain=.taobao.com; Expires=Sat, 09-Sep-17 01:28:56 GMT;

2016-09-09 09:28:59 [scrapy] DEBUG: Crawled (200) <GET https://shop34685656.taobao.com/> (referer: None)
2016-09-09 09:29:02 [scrapy] DEBUG: Received cookies from: <200 https://shop20027371.taobao.com/>
Set-Cookie: thw=cn; Path=/; Domain=.taobao.com; Expires=Sat, 09-Sep-17 01:28:57 GMT;

2016-09-09 09:29:02 [scrapy] DEBUG: Crawled (200) <GET https://shop20027371.taobao.com/> (referer: None)
2016-09-09 09:29:02 [scrapy] DEBUG: Sending cookies to: <GET https://rate.taobao.com/user-rate-UMF8YvGkWvGIT.htm>
Cookie: cna=4RdLEIipQlECAWXM93goJEgl; thw=cn

2016-09-09 09:29:05 [scrapy] DEBUG: Sending cookies to: <GET https://rate.taobao.com/user-rate-UvCNWvCcGMGHT.htm>
Cookie: cna=4RdLEIipQlECAWXM93goJEgl; thw=cn

2016-09-09 09:29:05 [scrapy] DEBUG: Received cookies from: <200 https://rate.taobao.com/user-rate-UMF8YvGkWvGIT.htm>
Set-Cookie: uc1=cookie14=UoWwJ0gtTt%2FRUQ%3D%3D; Domain=.taobao.com; Path=/

Set-Cookie: v=0; Domain=.taobao.com; Path=/

Set-Cookie: cookie2=1cf959e30c52f90c7d78798523dd511e;Domain=.taobao.com;Path=/;HttpOnly

Set-Cookie: t=6ac5d70c4226c2dcbea6175ceb71e87b; Domain=.taobao.com; Expires=Thu, 08-Dec-2016 01:29:03 GMT; Path=/

2016-09-09 09:29:05 [scrapy] DEBUG: Crawled (200) <GET https://rate.taobao.com/user-rate-UMF8YvGkWvGIT.htm> (referer: https://shop34685656.taobao.com/)
2016-09-09 09:29:05 [pykafka.connection] DEBUG: Connecting to 192.168.103.245:9092
2016-09-09 09:29:05 [pykafka.connection] DEBUG: Successfully connected to 192.168.103.245:9092
2016-09-09 09:29:05 [pykafka.handlers] INFO: RequestHandler.stop: about to flush requests queue
2016-09-09 09:29:05 [pykafka.topic] INFO: Adding 3 partitions
2016-09-09 09:29:05 [pykafka.topic] DEBUG: Adding partition taobao.shop.info/0
2016-09-09 09:29:05 [pykafka.topic] DEBUG: Adding partition taobao.shop.info/1
2016-09-09 09:29:05 [pykafka.topic] DEBUG: Adding partition taobao.shop.info/2
2016-09-09 09:29:05 [pykafka.producer] INFO: Starting new produce worker for broker 0
2016-09-09 09:29:05 [pykafka.producer] DEBUG: Sending 1 messages to broker 0
2016-09-09 09:29:05 [pykafka.producer] DEBUG: Successfully sent 1/1 messages to broker 0
2016-09-09 09:29:05 [pykafka.producer] INFO: Blocking until all messages are sent
2016-09-09 09:29:06 [pykafka.handlers] INFO: RequestHandler worker: exiting cleanly
2016-09-09 09:29:10 [pykafka.producer] INFO: Worker exited for broker 192.168.103.245:9092
2016-09-09 09:29:10 [pykafka.producer] INFO: Blocking until all messages are sent
2016-09-09 09:29:10 [pykafka.producer] DEBUG: Finalising <pykafka.producer.Producer at 0x1068b1590>
2016-09-09 09:29:10 [scrapy] DEBUG: Scraped from <200 https://rate.taobao.com/user-rate-UMF8YvGkWvGIT.htm>
None
2016-09-09 09:29:10 [scrapy] DEBUG: Received cookies from: <200 https://rate.taobao.com/user-rate-UvCNWvCcGMGHT.htm>
Set-Cookie: uc1=cookie14=UoWwJ0gtTt%2FRWg%3D%3D; Domain=.taobao.com; Path=/

Set-Cookie: v=0; Domain=.taobao.com; Path=/

Set-Cookie: cookie2=1c025482905173dcc6e5fd6c3f090246;Domain=.taobao.com;Path=/;HttpOnly

Set-Cookie: t=aeac2b4a32edb9787b10a92d166052da; Domain=.taobao.com; Expires=Thu, 08-Dec-2016 01:29:08 GMT; Path=/

2016-09-09 09:29:10 [scrapy] DEBUG: Crawled (200) <GET https://rate.taobao.com/user-rate-UvCNWvCcGMGHT.htm> (referer: https://shop20027371.taobao.com/)
2016-09-09 09:29:10 [pykafka.connection] DEBUG: Connecting to 192.168.103.245:9092
2016-09-09 09:29:10 [pykafka.connection] DEBUG: Successfully connected to 192.168.103.245:9092
2016-09-09 09:29:10 [pykafka.handlers] INFO: RequestHandler.stop: about to flush requests queue
2016-09-09 09:29:10 [pykafka.topic] INFO: Adding 3 partitions
2016-09-09 09:29:10 [pykafka.topic] DEBUG: Adding partition taobao.shop.info/0
2016-09-09 09:29:10 [pykafka.topic] DEBUG: Adding partition taobao.shop.info/1
2016-09-09 09:29:10 [pykafka.topic] DEBUG: Adding partition taobao.shop.info/2
2016-09-09 09:29:10 [pykafka.producer] INFO: Starting new produce worker for broker 0
2016-09-09 09:29:10 [pykafka.producer] DEBUG: Sending 1 messages to broker 0
2016-09-09 09:29:10 [pykafka.producer] DEBUG: Successfully sent 1/1 messages to broker 0
2016-09-09 09:29:10 [pykafka.producer] INFO: Blocking until all messages are sent
2016-09-09 09:29:11 [pykafka.handlers] INFO: RequestHandler worker: exiting cleanly
2016-09-09 09:29:15 [pykafka.producer] INFO: Worker exited for broker 192.168.103.245:9092
2016-09-09 09:29:15 [pykafka.producer] INFO: Blocking until all messages are sent
2016-09-09 09:29:15 [pykafka.producer] DEBUG: Finalising <pykafka.producer.Producer at 0x10a2a5a90>
2016-09-09 09:29:15 [scrapy] DEBUG: Scraped from <200 https://rate.taobao.com/user-rate-UvCNWvCcGMGHT.htm>
None
2016-09-09 09:29:15 [scrapy] INFO: Closing spider (finished)
2016-09-09 09:29:15 [scrapy] INFO: Dumping Scrapy stats:
{'downloader/request_bytes': 1100,
 'downloader/request_count': 4,
 'downloader/request_method_count/GET': 4,
 'downloader/response_bytes': 44861,
 'downloader/response_count': 4,
 'downloader/response_status_count/200': 4,
 'finish_reason': 'finished',
 'finish_time': datetime.datetime(2016, 9, 9, 1, 29, 15, 777654),
 'item_scraped_count': 2,
 'log_count/DEBUG': 39,
 'log_count/INFO': 27,
 'request_depth_max': 1,
 'response_received_count': 4,
 'scheduler/dequeued': 4,
 'scheduler/dequeued/memory': 4,
 'scheduler/enqueued': 4,
 'scheduler/enqueued/memory': 4,
 'start_time': datetime.datetime(2016, 9, 9, 1, 28, 52, 700256)}
2016-09-09 09:29:15 [scrapy] INFO: Spider closed (finished)
2016-09-09 09:29:15 [pykafka.handlers] INFO: RequestHandler.stop: about to flush requests queue
