2016-09-06 15:10:42 [scrapy] INFO: Scrapy 1.1.2 started (bot: xmmspider)
2016-09-06 15:10:42 [scrapy] INFO: Overridden settings: {'COOKIES_DEBUG': True, 'NEWSPIDER_MODULE': 'xmmspider.spiders', 'SPIDER_MODULES': ['xmmspider.spiders'], 'BOT_NAME': 'xmmspider', 'LOG_FILE': '/Users/cean/workspace/Java/workspace/xmm-shop-tools/data-collection/xmmspider/xmmspider/logs/TaobaoShopSpider-1473091200.log', 'DOWNLOAD_DELAY': 3}
2016-09-06 15:10:42 [scrapy] INFO: Enabled extensions:
['scrapy.extensions.logstats.LogStats',
 'scrapy.extensions.telnet.TelnetConsole',
 'scrapy.extensions.corestats.CoreStats',
 'xmmspider.extensions.SpiderRequestInterval',
 'xmmspider.extensions.TaobaoShopDataMySQLLoader',
 'xmmspider.extensions.SpiderMonitor']
2016-09-06 15:10:42 [scrapy] INFO: Enabled downloader middlewares:
['scrapy.downloadermiddlewares.httpauth.HttpAuthMiddleware',
 'scrapy.downloadermiddlewares.downloadtimeout.DownloadTimeoutMiddleware',
 'scrapy.downloadermiddlewares.useragent.UserAgentMiddleware',
 'scrapy.downloadermiddlewares.retry.RetryMiddleware',
 'scrapy.downloadermiddlewares.defaultheaders.DefaultHeadersMiddleware',
 'scrapy.downloadermiddlewares.redirect.MetaRefreshMiddleware',
 'scrapy.downloadermiddlewares.redirect.RedirectMiddleware',
 'scrapy.downloadermiddlewares.cookies.CookiesMiddleware',
 'scrapy.downloadermiddlewares.httpcompression.HttpCompressionMiddleware',
 'scrapy.downloadermiddlewares.chunked.ChunkedTransferMiddleware',
 'scrapy.downloadermiddlewares.stats.DownloaderStats']
2016-09-06 15:10:42 [scrapy] INFO: Enabled spider middlewares:
['scrapy.spidermiddlewares.httperror.HttpErrorMiddleware',
 'scrapy.spidermiddlewares.offsite.OffsiteMiddleware',
 'scrapy.spidermiddlewares.referer.RefererMiddleware',
 'scrapy.spidermiddlewares.urllength.UrlLengthMiddleware',
 'scrapy.spidermiddlewares.depth.DepthMiddleware']
2016-09-06 15:10:42 [pykafka.topic] INFO: Successfully loaded pykafka.rdkafka extension.
2016-09-06 15:10:42 [scrapy] INFO: Enabled item pipelines:
['xmmspider.pipelines.PushDataToKafka']
2016-09-06 15:10:42 [scrapy] INFO: Spider opened
2016-09-06 15:10:42 [pykafka.cluster] DEBUG: Updating cluster, attempt 1/3
2016-09-06 15:10:42 [pykafka.connection] DEBUG: Connecting to 192.168.103.245:9092
2016-09-06 15:10:42 [pykafka.connection] DEBUG: Successfully connected to 192.168.103.245:9092
2016-09-06 15:10:42 [pykafka.handlers] INFO: RequestHandler.stop: about to flush requests queue
2016-09-06 15:10:42 [pykafka.cluster] INFO: Discovered 1 brokers
2016-09-06 15:10:42 [pykafka.cluster] DEBUG: Discovered broker id 0: 192.168.103.245:9092
2016-09-06 15:10:42 [pykafka.connection] DEBUG: Connecting to 192.168.103.245:9092
2016-09-06 15:10:42 [pykafka.connection] DEBUG: Successfully connected to 192.168.103.245:9092
2016-09-06 15:10:42 [pykafka.cluster] INFO: Discovered 2 topics
2016-09-06 15:10:42 [pykafka.cluster] DEBUG: Discovered topic 'taobao.shop.info'
2016-09-06 15:10:42 [pykafka.cluster] DEBUG: Discovered topic 'taobao.shop.product'
2016-09-06 15:10:42 [scrapy] INFO: Crawled 0 pages (at 0 pages/min), scraped 0 items (at 0 items/min)
2016-09-06 15:10:42 [xmmspider.extensions] INFO: load shop urls
2016-09-06 15:10:42 [xmmspider.db] CRITICAL: 1062:Duplicate entry '1473091200' for key 'PRIMARY'
2016-09-06 15:10:42 [scrapy] DEBUG: Telnet console listening on 127.0.0.1:6024
2016-09-06 15:10:43 [pykafka.handlers] INFO: RequestHandler worker: exiting cleanly
2016-09-06 15:10:48 [scrapy] DEBUG: Redirecting (301) to <GET https://shop20027371.taobao.com/> from <GET http://shop20027371.taobao.com/>
2016-09-06 15:10:51 [scrapy] DEBUG: Received cookies from: <200 https://shop34685656.taobao.com/>
Set-Cookie: thw=cn; Path=/; Domain=.taobao.com; Expires=Wed, 06-Sep-17 07:10:51 GMT;

2016-09-06 15:10:51 [scrapy] DEBUG: Crawled (200) <GET https://shop34685656.taobao.com/> (referer: None)
2016-09-06 15:10:54 [scrapy] DEBUG: Received cookies from: <200 https://shop20027371.taobao.com/>
Set-Cookie: thw=cn; Path=/; Domain=.taobao.com; Expires=Wed, 06-Sep-17 07:10:52 GMT;

2016-09-06 15:10:54 [scrapy] DEBUG: Crawled (200) <GET https://shop20027371.taobao.com/> (referer: None)
2016-09-06 15:10:54 [scrapy] DEBUG: Sending cookies to: <GET https://rate.taobao.com/user-rate-UMF8YvGkWvGIT.htm>
Cookie: cna=4RdLEIipQlECAWXM93goJEgl; thw=cn

2016-09-06 15:10:57 [scrapy] DEBUG: Sending cookies to: <GET https://rate.taobao.com/user-rate-UvCNWvCcGMGHT.htm>
Cookie: cna=4RdLEIipQlECAWXM93goJEgl; thw=cn

2016-09-06 15:10:58 [scrapy] DEBUG: Received cookies from: <200 https://rate.taobao.com/user-rate-UMF8YvGkWvGIT.htm>
Set-Cookie: uc1=cookie14=UoWwJ0qnZOuGvA%3D%3D; Domain=.taobao.com; Path=/

Set-Cookie: v=0; Domain=.taobao.com; Path=/

Set-Cookie: cookie2=1c83ac0b6610c1519826349e10404b71;Domain=.taobao.com;Path=/;HttpOnly

Set-Cookie: t=a13f85f4b4ac30ea8101a7cd0ddc281b; Domain=.taobao.com; Expires=Mon, 05-Dec-2016 07:10:57 GMT; Path=/

2016-09-06 15:10:58 [scrapy] DEBUG: Crawled (200) <GET https://rate.taobao.com/user-rate-UMF8YvGkWvGIT.htm> (referer: https://shop34685656.taobao.com/)
2016-09-06 15:10:58 [pykafka.connection] DEBUG: Connecting to 192.168.103.245:9092
2016-09-06 15:10:58 [pykafka.connection] DEBUG: Successfully connected to 192.168.103.245:9092
2016-09-06 15:10:58 [pykafka.handlers] INFO: RequestHandler.stop: about to flush requests queue
2016-09-06 15:10:58 [pykafka.topic] INFO: Adding 3 partitions
2016-09-06 15:10:58 [pykafka.topic] DEBUG: Adding partition taobao.shop.info/0
2016-09-06 15:10:58 [pykafka.topic] DEBUG: Adding partition taobao.shop.info/1
2016-09-06 15:10:58 [pykafka.topic] DEBUG: Adding partition taobao.shop.info/2
2016-09-06 15:10:58 [pykafka.producer] INFO: Starting new produce worker for broker 0
2016-09-06 15:10:58 [pykafka.producer] DEBUG: Sending 1 messages to broker 0
2016-09-06 15:10:58 [pykafka.producer] DEBUG: Successfully sent 1/1 messages to broker 0
2016-09-06 15:10:58 [pykafka.producer] INFO: Blocking until all messages are sent
2016-09-06 15:10:59 [pykafka.handlers] INFO: RequestHandler worker: exiting cleanly
2016-09-06 15:11:03 [pykafka.producer] INFO: Worker exited for broker 192.168.103.245:9092
2016-09-06 15:11:03 [pykafka.producer] INFO: Blocking until all messages are sent
2016-09-06 15:11:03 [pykafka.producer] DEBUG: Finalising <pykafka.producer.Producer at 0x1049b7890>
2016-09-06 15:11:03 [scrapy] DEBUG: Scraped from <200 https://rate.taobao.com/user-rate-UMF8YvGkWvGIT.htm>
None
2016-09-06 15:11:03 [scrapy] DEBUG: Received cookies from: <200 https://rate.taobao.com/user-rate-UvCNWvCcGMGHT.htm>
Set-Cookie: uc1=cookie14=UoWwJ0qnZOuFRA%3D%3D; Domain=.taobao.com; Path=/

Set-Cookie: v=0; Domain=.taobao.com; Path=/

Set-Cookie: cookie2=1c7133cfb59714dcc3ec9dcf84a56cd3;Domain=.taobao.com;Path=/;HttpOnly

Set-Cookie: t=1a30396ff1c018d379a81adf5c2dd4e8; Domain=.taobao.com; Expires=Mon, 05-Dec-2016 07:11:03 GMT; Path=/

2016-09-06 15:11:03 [scrapy] DEBUG: Crawled (200) <GET https://rate.taobao.com/user-rate-UvCNWvCcGMGHT.htm> (referer: https://shop20027371.taobao.com/)
2016-09-06 15:11:03 [pykafka.connection] DEBUG: Connecting to 192.168.103.245:9092
2016-09-06 15:11:03 [pykafka.connection] DEBUG: Successfully connected to 192.168.103.245:9092
2016-09-06 15:11:03 [pykafka.handlers] INFO: RequestHandler.stop: about to flush requests queue
2016-09-06 15:11:03 [pykafka.topic] INFO: Adding 3 partitions
2016-09-06 15:11:03 [pykafka.topic] DEBUG: Adding partition taobao.shop.info/0
2016-09-06 15:11:03 [pykafka.topic] DEBUG: Adding partition taobao.shop.info/1
2016-09-06 15:11:03 [pykafka.topic] DEBUG: Adding partition taobao.shop.info/2
2016-09-06 15:11:03 [pykafka.producer] INFO: Starting new produce worker for broker 0
2016-09-06 15:11:03 [pykafka.producer] DEBUG: Sending 1 messages to broker 0
2016-09-06 15:11:03 [pykafka.producer] DEBUG: Successfully sent 1/1 messages to broker 0
2016-09-06 15:11:03 [pykafka.producer] INFO: Blocking until all messages are sent
2016-09-06 15:11:04 [pykafka.handlers] INFO: RequestHandler worker: exiting cleanly
2016-09-06 15:11:08 [pykafka.producer] INFO: Worker exited for broker 192.168.103.245:9092
2016-09-06 15:11:08 [pykafka.producer] INFO: Blocking until all messages are sent
2016-09-06 15:11:08 [pykafka.producer] DEBUG: Finalising <pykafka.producer.Producer at 0x108830190>
2016-09-06 15:11:08 [scrapy] DEBUG: Scraped from <200 https://rate.taobao.com/user-rate-UvCNWvCcGMGHT.htm>
None
2016-09-06 15:11:08 [scrapy] INFO: Closing spider (finished)
2016-09-06 15:11:08 [scrapy] INFO: Dumping Scrapy stats:
{'downloader/request_bytes': 1321,
 'downloader/request_count': 5,
 'downloader/request_method_count/GET': 5,
 'downloader/response_bytes': 45294,
 'downloader/response_count': 5,
 'downloader/response_status_count/200': 4,
 'downloader/response_status_count/301': 1,
 'finish_reason': 'finished',
 'finish_time': datetime.datetime(2016, 9, 6, 7, 11, 8, 391655),
 'item_scraped_count': 2,
 'log_count/CRITICAL': 1,
 'log_count/DEBUG': 38,
 'log_count/INFO': 27,
 'request_depth_max': 1,
 'response_received_count': 4,
 'scheduler/dequeued': 5,
 'scheduler/dequeued/memory': 5,
 'scheduler/enqueued': 5,
 'scheduler/enqueued/memory': 5,
 'start_time': datetime.datetime(2016, 9, 6, 7, 10, 42, 438837)}
2016-09-06 15:11:08 [scrapy] INFO: Spider closed (finished)
2016-09-06 15:11:08 [pykafka.handlers] INFO: RequestHandler.stop: about to flush requests queue
