2016-09-05 11:06:14 [scrapy] INFO: Scrapy 1.1.2 started (bot: xmmspider)
2016-09-05 11:06:14 [scrapy] INFO: Overridden settings: {'COOKIES_DEBUG': True, 'NEWSPIDER_MODULE': 'xmmspider.spiders', 'SPIDER_MODULES': ['xmmspider.spiders'], 'BOT_NAME': 'xmmspider', 'LOG_FILE': '/Users/cean/workspace/Java/workspace/xmm-shop-tools/data-collection/xmmspider/xmmspider/logs/TaobaoShopSpider-1473004800.log', 'DOWNLOAD_DELAY': 3}
2016-09-05 11:06:14 [scrapy] INFO: Enabled extensions:
['scrapy.extensions.logstats.LogStats',
 'scrapy.extensions.telnet.TelnetConsole',
 'scrapy.extensions.corestats.CoreStats',
 'xmmspider.extensions.TaobaoShopDataMySQLLoader']
2016-09-05 11:06:14 [scrapy] INFO: Enabled downloader middlewares:
['scrapy.downloadermiddlewares.httpauth.HttpAuthMiddleware',
 'scrapy.downloadermiddlewares.downloadtimeout.DownloadTimeoutMiddleware',
 'scrapy.downloadermiddlewares.useragent.UserAgentMiddleware',
 'scrapy.downloadermiddlewares.retry.RetryMiddleware',
 'scrapy.downloadermiddlewares.defaultheaders.DefaultHeadersMiddleware',
 'scrapy.downloadermiddlewares.redirect.MetaRefreshMiddleware',
 'scrapy.downloadermiddlewares.redirect.RedirectMiddleware',
 'scrapy.downloadermiddlewares.cookies.CookiesMiddleware',
 'scrapy.downloadermiddlewares.httpcompression.HttpCompressionMiddleware',
 'scrapy.downloadermiddlewares.chunked.ChunkedTransferMiddleware',
 'scrapy.downloadermiddlewares.stats.DownloaderStats']
2016-09-05 11:06:14 [scrapy] INFO: Enabled spider middlewares:
['scrapy.spidermiddlewares.httperror.HttpErrorMiddleware',
 'scrapy.spidermiddlewares.offsite.OffsiteMiddleware',
 'scrapy.spidermiddlewares.referer.RefererMiddleware',
 'scrapy.spidermiddlewares.urllength.UrlLengthMiddleware',
 'scrapy.spidermiddlewares.depth.DepthMiddleware']
2016-09-05 11:06:14 [pykafka.topic] INFO: Could not load pykafka.rdkafka extension.
Traceback (most recent call last):
  File "/Library/Frameworks/Python.framework/Versions/2.7/lib/python2.7/site-packages/pykafka/topic.py", line 39, in <module>
    from . import rdkafka
  File "/Library/Frameworks/Python.framework/Versions/2.7/lib/python2.7/site-packages/pykafka/rdkafka/__init__.py", line 1, in <module>
    from .producer import RdKafkaProducer
  File "/Library/Frameworks/Python.framework/Versions/2.7/lib/python2.7/site-packages/pykafka/rdkafka/producer.py", line 6, in <module>
    from . import _rd_kafka
ImportError: cannot import name _rd_kafka
2016-09-05 11:06:14 [scrapy] INFO: Enabled item pipelines:
['xmmspider.pipelines.PushDataToKafka']
2016-09-05 11:06:14 [scrapy] INFO: Spider opened
2016-09-05 11:06:14 [pykafka.cluster] DEBUG: Updating cluster, attempt 1/3
2016-09-05 11:06:14 [pykafka.connection] DEBUG: Connecting to 192.168.103.245:9092
2016-09-05 11:06:14 [pykafka.connection] DEBUG: Successfully connected to 192.168.103.245:9092
2016-09-05 11:06:14 [pykafka.handlers] INFO: RequestHandler.stop: about to flush requests queue
2016-09-05 11:06:14 [pykafka.cluster] INFO: Discovered 1 brokers
2016-09-05 11:06:14 [pykafka.cluster] DEBUG: Discovered broker id 0: 192.168.103.245:9092
2016-09-05 11:06:14 [pykafka.connection] DEBUG: Connecting to 192.168.103.245:9092
2016-09-05 11:06:14 [pykafka.connection] DEBUG: Successfully connected to 192.168.103.245:9092
2016-09-05 11:06:14 [pykafka.cluster] INFO: Discovered 2 topics
2016-09-05 11:06:14 [pykafka.cluster] DEBUG: Discovered topic 'taobao.shop.info'
2016-09-05 11:06:14 [pykafka.cluster] DEBUG: Discovered topic 'taobao.shop.product'
2016-09-05 11:06:14 [scrapy] INFO: Crawled 0 pages (at 0 pages/min), scraped 0 items (at 0 items/min)
2016-09-05 11:06:14 [xmmspider.extensions] INFO: load shop urls
2016-09-05 11:06:14 [xmmspider.db] CRITICAL: 1062:Duplicate entry '1473004800' for key 'PRIMARY'
2016-09-05 11:06:14 [scrapy] DEBUG: Telnet console listening on 127.0.0.1:6023
2016-09-05 11:06:14 [scrapy] ERROR: Error while obtaining start requests
Traceback (most recent call last):
  File "/Library/Frameworks/Python.framework/Versions/2.7/lib/python2.7/site-packages/scrapy/core/engine.py", line 126, in _next_request
    request = next(slot.start_requests)
  File "/Users/cean/workspace/Java/workspace/xmm-shop-tools/data-collection/xmmspider/xmmspider/spiders/taobao_shop.py", line 18, in start_requests
    if super.shop_urls != None:
AttributeError: type object 'super' has no attribute 'shop_urls'
2016-09-05 11:06:14 [scrapy] INFO: Closing spider (finished)
2016-09-05 11:06:14 [scrapy] INFO: Dumping Scrapy stats:
{'finish_reason': 'finished',
 'finish_time': datetime.datetime(2016, 9, 5, 3, 6, 14, 944943),
 'log_count/CRITICAL': 1,
 'log_count/DEBUG': 9,
 'log_count/ERROR': 1,
 'log_count/INFO': 12,
 'start_time': datetime.datetime(2016, 9, 5, 3, 6, 14, 916910)}
2016-09-05 11:06:14 [scrapy] INFO: Spider closed (finished)
