2016-09-13 10:14:10 [scrapy] INFO: Scrapy 1.1.2 started (bot: xmmspider)
2016-09-13 10:14:10 [scrapy] INFO: Overridden settings: {'COOKIES_DEBUG': True, 'NEWSPIDER_MODULE': 'xmmspider.spiders', 'SPIDER_MODULES': ['xmmspider.spiders'], 'BOT_NAME': 'xmmspider', 'LOG_FILE': '/Users/cean/workspace/Java/workspace/xmm-shop-tools/data-collection/xmmspider/xmmspider/logs/TmallShopSpider-1473696000.log', 'DOWNLOAD_DELAY': 1}
2016-09-13 10:14:10 [scrapy] INFO: Enabled extensions:
['scrapy.extensions.logstats.LogStats',
 'scrapy.extensions.telnet.TelnetConsole',
 'scrapy.extensions.corestats.CoreStats',
 'xmmspider.extensions.SpiderRequestInterval',
 'xmmspider.extensions.TaobaoShopDataMySQLLoader',
 'xmmspider.extensions.SpiderMonitor']
2016-09-13 10:14:10 [scrapy] INFO: Enabled downloader middlewares:
['xmmspider.middlewares.ProxyMiddleware',
 'scrapy.downloadermiddlewares.httpauth.HttpAuthMiddleware',
 'scrapy.downloadermiddlewares.downloadtimeout.DownloadTimeoutMiddleware',
 'scrapy.downloadermiddlewares.useragent.UserAgentMiddleware',
 'scrapy.downloadermiddlewares.retry.RetryMiddleware',
 'scrapy.downloadermiddlewares.defaultheaders.DefaultHeadersMiddleware',
 'scrapy.downloadermiddlewares.redirect.MetaRefreshMiddleware',
 'scrapy.downloadermiddlewares.redirect.RedirectMiddleware',
 'scrapy.downloadermiddlewares.cookies.CookiesMiddleware',
 'scrapy.downloadermiddlewares.httpcompression.HttpCompressionMiddleware',
 'scrapy.downloadermiddlewares.chunked.ChunkedTransferMiddleware',
 'scrapy.downloadermiddlewares.stats.DownloaderStats']
2016-09-13 10:14:10 [scrapy] INFO: Enabled spider middlewares:
['scrapy.spidermiddlewares.httperror.HttpErrorMiddleware',
 'scrapy.spidermiddlewares.offsite.OffsiteMiddleware',
 'scrapy.spidermiddlewares.referer.RefererMiddleware',
 'scrapy.spidermiddlewares.urllength.UrlLengthMiddleware',
 'scrapy.spidermiddlewares.depth.DepthMiddleware']
2016-09-13 10:14:10 [pykafka.topic] INFO: Successfully loaded pykafka.rdkafka extension.
2016-09-13 10:14:10 [scrapy] INFO: Enabled item pipelines:
['xmmspider.pipelines.PushDataToKafka']
2016-09-13 10:14:10 [scrapy] INFO: Spider opened
2016-09-13 10:14:10 [pykafka.cluster] DEBUG: Updating cluster, attempt 1/3
2016-09-13 10:14:10 [pykafka.connection] DEBUG: Connecting to 192.168.103.245:9092
2016-09-13 10:14:11 [pykafka.connection] DEBUG: Successfully connected to 192.168.103.245:9092
2016-09-13 10:14:11 [pykafka.handlers] INFO: RequestHandler.stop: about to flush requests queue
2016-09-13 10:14:11 [pykafka.cluster] INFO: Discovered 1 brokers
2016-09-13 10:14:11 [pykafka.cluster] DEBUG: Discovered broker id 0: 192.168.103.245:9092
2016-09-13 10:14:11 [pykafka.connection] DEBUG: Connecting to 192.168.103.245:9092
2016-09-13 10:14:11 [pykafka.connection] DEBUG: Successfully connected to 192.168.103.245:9092
2016-09-13 10:14:11 [pykafka.cluster] INFO: Discovered 4 topics
2016-09-13 10:14:11 [pykafka.cluster] DEBUG: Discovered topic 'taobao.shop.info'
2016-09-13 10:14:11 [pykafka.cluster] DEBUG: Discovered topic 'taobao.shop.product'
2016-09-13 10:14:11 [pykafka.cluster] DEBUG: Discovered topic 'tmall.shop.product'
2016-09-13 10:14:11 [pykafka.cluster] DEBUG: Discovered topic 'tmall.shop.info'
2016-09-13 10:14:11 [scrapy] INFO: Crawled 0 pages (at 0 pages/min), scraped 0 items (at 0 items/min)
2016-09-13 10:14:11 [xmmspider.extensions] INFO: load shop urls
2016-09-13 10:14:11 [scrapy] DEBUG: Telnet console listening on 127.0.0.1:6025
2016-09-13 10:14:12 [pykafka.handlers] INFO: RequestHandler worker: exiting cleanly
2016-09-13 10:14:14 [scrapy] DEBUG: Redirecting (302) to <GET https://login.taobao.com/jump?target=http%3a%2f%2fkindle.tmall.com%2F%3ftbpm%3d1> from <GET https://kindle.tmall.com/>
2016-09-13 10:14:15 [scrapy] DEBUG: Redirecting (302) to <GET https://login.taobao.com/jump?target=http%3a%2f%2fhuromhuiyue.tmall.com%2F%3ftbpm%3d1> from <GET https://huromhuiyue.tmall.com/>
2016-09-13 10:14:16 [scrapy] DEBUG: Received cookies from: <302 https://login.taobao.com/jump?target=http%3a%2f%2fkindle.tmall.com%2F%3ftbpm%3d1>
Set-Cookie: _tb_token_=EantxK29KXDq;domain=.taobao.com;Path=/;HttpOnly

Set-Cookie: cookie2=703cf43e7f2bb97eaba03a02a8c43a26;domain=.taobao.com;Path=/;HttpOnly

Set-Cookie: t=a3aeef0b22bc4829847648bfd18ebe50;domain=.taobao.com;Expires=Mon, 12-Dec-2016 02:14:16 GMT;Path=/

2016-09-13 10:14:16 [scrapy] DEBUG: Redirecting (302) to <GET https://pass.tmall.com/add?_tb_token_=EantxK29KXDq&cookie2=703cf43e7f2bb97eaba03a02a8c43a26&t=a3aeef0b22bc4829847648bfd18ebe50&target=http%3a%2f%2fkindle.tmall.com%2F%3ftbpm%3d1&pacc=hzzDETLl3gn9gyu78L-EKA==&opi=101.204.247.120&tmsc=1473732856181795> from <GET https://login.taobao.com/jump?target=http%3a%2f%2fkindle.tmall.com%2F%3ftbpm%3d1>
2016-09-13 10:14:17 [scrapy] DEBUG: Received cookies from: <302 https://login.taobao.com/jump?target=http%3a%2f%2fhuromhuiyue.tmall.com%2F%3ftbpm%3d1>
Set-Cookie: _tb_token_=6n1ygCJQ37sE;domain=.taobao.com;Path=/;HttpOnly

Set-Cookie: cookie2=6167cf2c422fcb7e5c56c5413ab09b54;domain=.taobao.com;Path=/;HttpOnly

Set-Cookie: t=1ce9351a78a52cff13d8e01eccb8b4cd;domain=.taobao.com;Expires=Mon, 12-Dec-2016 02:14:17 GMT;Path=/

2016-09-13 10:14:17 [scrapy] DEBUG: Redirecting (302) to <GET https://pass.tmall.com/add?_tb_token_=6n1ygCJQ37sE&cookie2=6167cf2c422fcb7e5c56c5413ab09b54&t=1ce9351a78a52cff13d8e01eccb8b4cd&target=http%3a%2f%2fhuromhuiyue.tmall.com%2F%3ftbpm%3d1&pacc=YEF4eaMfEipfErhPSCeCXw==&opi=101.204.247.120&tmsc=1473732857244878> from <GET https://login.taobao.com/jump?target=http%3a%2f%2fhuromhuiyue.tmall.com%2F%3ftbpm%3d1>
2016-09-13 10:14:18 [scrapy] DEBUG: Received cookies from: <302 https://pass.tmall.com/add?_tb_token_=EantxK29KXDq&cookie2=703cf43e7f2bb97eaba03a02a8c43a26&t=a3aeef0b22bc4829847648bfd18ebe50&target=http%3a%2f%2fkindle.tmall.com%2F%3ftbpm%3d1&pacc=hzzDETLl3gn9gyu78L-EKA==&opi=101.204.247.120&tmsc=1473732856181795>
Set-Cookie: _tb_token_=EantxK29KXDq;domain=.tmall.com;Path=/

Set-Cookie: cookie2=703cf43e7f2bb97eaba03a02a8c43a26;domain=.tmall.com;Path=/;HttpOnly

Set-Cookie: t=a3aeef0b22bc4829847648bfd18ebe50;domain=.tmall.com;Path=/

2016-09-13 10:14:18 [scrapy] DEBUG: Redirecting (302) to <GET http://kindle.tmall.com/?tbpm=1> from <GET https://pass.tmall.com/add?_tb_token_=EantxK29KXDq&cookie2=703cf43e7f2bb97eaba03a02a8c43a26&t=a3aeef0b22bc4829847648bfd18ebe50&target=http%3a%2f%2fkindle.tmall.com%2F%3ftbpm%3d1&pacc=hzzDETLl3gn9gyu78L-EKA==&opi=101.204.247.120&tmsc=1473732856181795>
2016-09-13 10:14:19 [scrapy] DEBUG: Sending cookies to: <GET http://kindle.tmall.com/?tbpm=1>
Cookie: cookie2=703cf43e7f2bb97eaba03a02a8c43a26; _tb_token_=EantxK29KXDq; t=a3aeef0b22bc4829847648bfd18ebe50

2016-09-13 10:14:19 [scrapy] DEBUG: Received cookies from: <302 https://pass.tmall.com/add?_tb_token_=6n1ygCJQ37sE&cookie2=6167cf2c422fcb7e5c56c5413ab09b54&t=1ce9351a78a52cff13d8e01eccb8b4cd&target=http%3a%2f%2fhuromhuiyue.tmall.com%2F%3ftbpm%3d1&pacc=YEF4eaMfEipfErhPSCeCXw==&opi=101.204.247.120&tmsc=1473732857244878>
Set-Cookie: _tb_token_=6n1ygCJQ37sE;domain=.tmall.com;Path=/

Set-Cookie: cookie2=6167cf2c422fcb7e5c56c5413ab09b54;domain=.tmall.com;Path=/;HttpOnly

Set-Cookie: t=1ce9351a78a52cff13d8e01eccb8b4cd;domain=.tmall.com;Path=/

2016-09-13 10:14:19 [scrapy] DEBUG: Redirecting (302) to <GET http://huromhuiyue.tmall.com/?tbpm=1> from <GET https://pass.tmall.com/add?_tb_token_=6n1ygCJQ37sE&cookie2=6167cf2c422fcb7e5c56c5413ab09b54&t=1ce9351a78a52cff13d8e01eccb8b4cd&target=http%3a%2f%2fhuromhuiyue.tmall.com%2F%3ftbpm%3d1&pacc=YEF4eaMfEipfErhPSCeCXw==&opi=101.204.247.120&tmsc=1473732857244878>
2016-09-13 10:14:20 [scrapy] DEBUG: Sending cookies to: <GET http://huromhuiyue.tmall.com/?tbpm=1>
Cookie: cookie2=6167cf2c422fcb7e5c56c5413ab09b54; _tb_token_=6n1ygCJQ37sE; t=1ce9351a78a52cff13d8e01eccb8b4cd

2016-09-13 10:14:20 [scrapy] DEBUG: Redirecting (301) to <GET https://kindle.tmall.com/?tbpm=1> from <GET http://kindle.tmall.com/?tbpm=1>
2016-09-13 10:14:21 [scrapy] DEBUG: Sending cookies to: <GET https://kindle.tmall.com/?tbpm=1>
Cookie: cookie2=6167cf2c422fcb7e5c56c5413ab09b54; _tb_token_=6n1ygCJQ37sE; t=1ce9351a78a52cff13d8e01eccb8b4cd

2016-09-13 10:14:21 [scrapy] DEBUG: Redirecting (302) to <GET http://kindle.tmall.com/> from <GET https://kindle.tmall.com/?tbpm=1>
2016-09-13 10:14:22 [scrapy] DEBUG: Sending cookies to: <GET http://kindle.tmall.com/>
Cookie: cookie2=6167cf2c422fcb7e5c56c5413ab09b54; _tb_token_=6n1ygCJQ37sE; t=1ce9351a78a52cff13d8e01eccb8b4cd

2016-09-13 10:14:22 [scrapy] DEBUG: Redirecting (301) to <GET https://huromhuiyue.tmall.com/?tbpm=1> from <GET http://huromhuiyue.tmall.com/?tbpm=1>
2016-09-13 10:14:23 [scrapy] DEBUG: Sending cookies to: <GET https://huromhuiyue.tmall.com/?tbpm=1>
Cookie: cookie2=6167cf2c422fcb7e5c56c5413ab09b54; _tb_token_=6n1ygCJQ37sE; t=1ce9351a78a52cff13d8e01eccb8b4cd

2016-09-13 10:14:23 [scrapy] DEBUG: Redirecting (301) to <GET https://kindle.tmall.com/> from <GET http://kindle.tmall.com/>
2016-09-13 10:14:24 [scrapy] DEBUG: Sending cookies to: <GET https://kindle.tmall.com/>
Cookie: cookie2=6167cf2c422fcb7e5c56c5413ab09b54; _tb_token_=6n1ygCJQ37sE; t=1ce9351a78a52cff13d8e01eccb8b4cd

2016-09-13 10:14:24 [scrapy] DEBUG: Redirecting (302) to <GET http://huromhuiyue.tmall.com/> from <GET https://huromhuiyue.tmall.com/?tbpm=1>
2016-09-13 10:14:25 [scrapy] DEBUG: Sending cookies to: <GET http://huromhuiyue.tmall.com/>
Cookie: cookie2=6167cf2c422fcb7e5c56c5413ab09b54; _tb_token_=6n1ygCJQ37sE; t=1ce9351a78a52cff13d8e01eccb8b4cd

2016-09-13 10:14:25 [scrapy] DEBUG: Redirecting (301) to <GET https://huromhuiyue.tmall.com/> from <GET http://huromhuiyue.tmall.com/>
2016-09-13 10:14:26 [scrapy] DEBUG: Sending cookies to: <GET https://huromhuiyue.tmall.com/>
Cookie: cookie2=6167cf2c422fcb7e5c56c5413ab09b54; _tb_token_=6n1ygCJQ37sE; t=1ce9351a78a52cff13d8e01eccb8b4cd

2016-09-13 10:14:26 [scrapy] DEBUG: Crawled (200) <GET https://kindle.tmall.com/> (referer: None)
2016-09-13 10:14:27 [scrapy] DEBUG: Sending cookies to: <GET https://rate.taobao.com/user-rate-UvCNSOFNyvmxWvgTT.htm>
Cookie: cna=4RdLEIipQlECAWXM93goJEgl; cookie2=6167cf2c422fcb7e5c56c5413ab09b54; _tb_token_=6n1ygCJQ37sE; t=1ce9351a78a52cff13d8e01eccb8b4cd

2016-09-13 10:14:27 [scrapy] DEBUG: Crawled (200) <GET https://huromhuiyue.tmall.com/> (referer: None)
2016-09-13 10:14:28 [scrapy] DEBUG: Received cookies from: <200 https://rate.taobao.com/user-rate-UvCNSOFNyvmxWvgTT.htm>
Set-Cookie: uc1=cookie14=UoWwJ0xbqvwlbw%3D%3D; Domain=.taobao.com; Path=/

Set-Cookie: v=0; Domain=.taobao.com; Path=/

2016-09-13 10:14:28 [scrapy] DEBUG: Crawled (200) <GET https://rate.taobao.com/user-rate-UvCNSOFNyvmxWvgTT.htm> (referer: https://kindle.tmall.com/)
2016-09-13 10:14:28 [scrapy] DEBUG: Sending cookies to: <GET https://rate.taobao.com/user-rate-UvCQYvCkbMmcbONTT.htm>
Cookie: cna=4RdLEIipQlECAWXM93goJEgl; cookie2=6167cf2c422fcb7e5c56c5413ab09b54; _tb_token_=6n1ygCJQ37sE; t=1ce9351a78a52cff13d8e01eccb8b4cd; uc1=cookie14=UoWwJ0xbqvwlbw%3D%3D; v=0

2016-09-13 10:14:29 [scrapy] DEBUG: Received cookies from: <200 https://rate.taobao.com/user-rate-UvCQYvCkbMmcbONTT.htm>
Set-Cookie: uc1=cookie14=UoWwJ0xbqvwlYQ%3D%3D; Domain=.taobao.com; Path=/

2016-09-13 10:14:29 [scrapy] DEBUG: Crawled (200) <GET https://rate.taobao.com/user-rate-UvCQYvCkbMmcbONTT.htm> (referer: https://huromhuiyue.tmall.com/)
2016-09-13 10:14:29 [pykafka.connection] DEBUG: Connecting to 192.168.103.245:9092
2016-09-13 10:14:29 [pykafka.connection] DEBUG: Successfully connected to 192.168.103.245:9092
2016-09-13 10:14:29 [pykafka.handlers] INFO: RequestHandler.stop: about to flush requests queue
2016-09-13 10:14:29 [pykafka.topic] INFO: Adding 1 partitions
2016-09-13 10:14:29 [pykafka.topic] DEBUG: Adding partition tmall.shop.info/0
2016-09-13 10:14:29 [pykafka.producer] INFO: Starting new produce worker for broker 0
2016-09-13 10:14:29 [pykafka.producer] DEBUG: Sending 1 messages to broker 0
2016-09-13 10:14:29 [pykafka.producer] DEBUG: Successfully sent 1/1 messages to broker 0
2016-09-13 10:14:29 [pykafka.producer] INFO: Blocking until all messages are sent
2016-09-13 10:14:30 [pykafka.handlers] INFO: RequestHandler worker: exiting cleanly
2016-09-13 10:14:34 [pykafka.producer] INFO: Worker exited for broker 192.168.103.245:9092
2016-09-13 10:14:34 [pykafka.producer] INFO: Blocking until all messages are sent
2016-09-13 10:14:34 [pykafka.producer] DEBUG: Finalising <pykafka.producer.Producer at 0x10a3a6fd0>
2016-09-13 10:14:34 [scrapy] DEBUG: Scraped from <200 https://rate.taobao.com/user-rate-UvCNSOFNyvmxWvgTT.htm>
None
2016-09-13 10:14:34 [pykafka.connection] DEBUG: Connecting to 192.168.103.245:9092
2016-09-13 10:14:34 [pykafka.connection] DEBUG: Successfully connected to 192.168.103.245:9092
2016-09-13 10:14:34 [pykafka.handlers] INFO: RequestHandler.stop: about to flush requests queue
2016-09-13 10:14:34 [pykafka.topic] INFO: Adding 1 partitions
2016-09-13 10:14:34 [pykafka.topic] DEBUG: Adding partition tmall.shop.info/0
2016-09-13 10:14:34 [pykafka.producer] INFO: Starting new produce worker for broker 0
2016-09-13 10:14:34 [pykafka.producer] DEBUG: Sending 1 messages to broker 0
2016-09-13 10:14:34 [pykafka.producer] DEBUG: Successfully sent 1/1 messages to broker 0
2016-09-13 10:14:34 [pykafka.producer] INFO: Blocking until all messages are sent
2016-09-13 10:14:35 [pykafka.handlers] INFO: RequestHandler worker: exiting cleanly
2016-09-13 10:14:39 [pykafka.producer] INFO: Worker exited for broker 192.168.103.245:9092
2016-09-13 10:14:39 [pykafka.producer] INFO: Blocking until all messages are sent
2016-09-13 10:14:39 [pykafka.producer] DEBUG: Finalising <pykafka.producer.Producer at 0x10a3a6150>
2016-09-13 10:14:39 [scrapy] DEBUG: Scraped from <200 https://rate.taobao.com/user-rate-UvCQYvCkbMmcbONTT.htm>
None
2016-09-13 10:14:39 [scrapy] INFO: Closing spider (finished)
2016-09-13 10:14:39 [scrapy] INFO: Dumping Scrapy stats:
{'downloader/request_bytes': 5392,
 'downloader/request_count': 16,
 'downloader/request_method_count/GET': 16,
 'downloader/response_bytes': 61421,
 'downloader/response_count': 16,
 'downloader/response_status_count/200': 4,
 'downloader/response_status_count/301': 4,
 'downloader/response_status_count/302': 8,
 'finish_reason': 'finished',
 'finish_time': datetime.datetime(2016, 9, 13, 2, 14, 39, 123665),
 'item_scraped_count': 2,
 'log_count/DEBUG': 57,
 'log_count/INFO': 27,
 'request_depth_max': 1,
 'response_received_count': 4,
 'scheduler/dequeued': 16,
 'scheduler/dequeued/memory': 16,
 'scheduler/enqueued': 16,
 'scheduler/enqueued/memory': 16,
 'start_time': datetime.datetime(2016, 9, 13, 2, 14, 11, 770398)}
2016-09-13 10:14:39 [scrapy] INFO: Spider closed (finished)
2016-09-13 10:14:39 [pykafka.handlers] INFO: RequestHandler.stop: about to flush requests queue
