2016-09-10 09:48:15 [scrapy] INFO: Scrapy 1.1.2 started (bot: xmmspider)
2016-09-10 09:48:15 [scrapy] INFO: Overridden settings: {'COOKIES_DEBUG': True, 'NEWSPIDER_MODULE': 'xmmspider.spiders', 'SPIDER_MODULES': ['xmmspider.spiders'], 'RETRY_TIMES': 5, 'BOT_NAME': 'xmmspider', 'LOG_FILE': '/Users/cean/workspace/Java/workspace/xmm-shop-tools/data-collection/xmmspider/xmmspider/logs/TmallShopSpider-1473436800.log', 'DOWNLOAD_DELAY': 3}
2016-09-10 09:48:15 [scrapy] INFO: Enabled extensions:
['scrapy.extensions.logstats.LogStats',
 'scrapy.extensions.telnet.TelnetConsole',
 'scrapy.extensions.corestats.CoreStats',
 'xmmspider.extensions.SpiderRequestInterval',
 'xmmspider.extensions.TaobaoShopDataMySQLLoader',
 'xmmspider.extensions.SpiderMonitor']
2016-09-10 09:48:15 [scrapy] INFO: Enabled downloader middlewares:
['scrapy.downloadermiddlewares.httpauth.HttpAuthMiddleware',
 'scrapy.downloadermiddlewares.downloadtimeout.DownloadTimeoutMiddleware',
 'scrapy.downloadermiddlewares.useragent.UserAgentMiddleware',
 'scrapy.downloadermiddlewares.retry.RetryMiddleware',
 'scrapy.downloadermiddlewares.defaultheaders.DefaultHeadersMiddleware',
 'scrapy.downloadermiddlewares.redirect.MetaRefreshMiddleware',
 'scrapy.downloadermiddlewares.redirect.RedirectMiddleware',
 'scrapy.downloadermiddlewares.cookies.CookiesMiddleware',
 'scrapy.downloadermiddlewares.httpcompression.HttpCompressionMiddleware',
 'scrapy.downloadermiddlewares.chunked.ChunkedTransferMiddleware',
 'scrapy.downloadermiddlewares.stats.DownloaderStats']
2016-09-10 09:48:15 [scrapy] INFO: Enabled spider middlewares:
['scrapy.spidermiddlewares.httperror.HttpErrorMiddleware',
 'scrapy.spidermiddlewares.offsite.OffsiteMiddleware',
 'scrapy.spidermiddlewares.referer.RefererMiddleware',
 'scrapy.spidermiddlewares.urllength.UrlLengthMiddleware',
 'scrapy.spidermiddlewares.depth.DepthMiddleware']
2016-09-10 09:48:15 [pykafka.topic] INFO: Successfully loaded pykafka.rdkafka extension.
2016-09-10 09:48:15 [scrapy] INFO: Enabled item pipelines:
['xmmspider.pipelines.PushDataToKafka']
2016-09-10 09:48:15 [scrapy] INFO: Spider opened
2016-09-10 09:48:15 [pykafka.cluster] DEBUG: Updating cluster, attempt 1/3
2016-09-10 09:48:15 [pykafka.connection] DEBUG: Connecting to 192.168.103.245:9092
2016-09-10 09:48:15 [pykafka.connection] DEBUG: Successfully connected to 192.168.103.245:9092
2016-09-10 09:48:15 [pykafka.handlers] INFO: RequestHandler.stop: about to flush requests queue
2016-09-10 09:48:15 [pykafka.cluster] INFO: Discovered 1 brokers
2016-09-10 09:48:15 [pykafka.cluster] DEBUG: Discovered broker id 0: 192.168.103.245:9092
2016-09-10 09:48:15 [pykafka.connection] DEBUG: Connecting to 192.168.103.245:9092
2016-09-10 09:48:15 [pykafka.connection] DEBUG: Successfully connected to 192.168.103.245:9092
2016-09-10 09:48:15 [pykafka.cluster] INFO: Discovered 4 topics
2016-09-10 09:48:15 [pykafka.cluster] DEBUG: Discovered topic 'taobao.shop.info'
2016-09-10 09:48:15 [pykafka.cluster] DEBUG: Discovered topic 'taobao.shop.product'
2016-09-10 09:48:15 [pykafka.cluster] DEBUG: Discovered topic 'tmall.shop.product'
2016-09-10 09:48:15 [pykafka.cluster] DEBUG: Discovered topic 'tmall.shop.info'
2016-09-10 09:48:15 [scrapy] INFO: Crawled 0 pages (at 0 pages/min), scraped 0 items (at 0 items/min)
2016-09-10 09:48:15 [xmmspider.extensions] INFO: load shop urls
2016-09-10 09:48:15 [scrapy] DEBUG: Telnet console listening on 127.0.0.1:6023
2016-09-10 09:48:16 [pykafka.handlers] INFO: RequestHandler worker: exiting cleanly
2016-09-10 09:48:21 [scrapy] DEBUG: Redirecting (302) to <GET https://login.taobao.com/jump?target=http%3a%2f%2fhuromhuiyue.tmall.com%2F%3ftbpm%3d1> from <GET https://huromhuiyue.tmall.com/>
2016-09-10 09:48:24 [scrapy] DEBUG: Redirecting (302) to <GET https://login.taobao.com/jump?target=http%3a%2f%2fkindle.tmall.com%2F%3ftbpm%3d1> from <GET https://kindle.tmall.com/>
2016-09-10 09:48:27 [scrapy] DEBUG: Received cookies from: <302 https://login.taobao.com/jump?target=http%3a%2f%2fkindle.tmall.com%2F%3ftbpm%3d1>
Set-Cookie: _tb_token_=NPiiSMZgWOpd;domain=.taobao.com;Path=/;HttpOnly

Set-Cookie: cookie2=08773330b2858e47a387649cb06c851b;domain=.taobao.com;Path=/;HttpOnly

Set-Cookie: t=902d86d8dcc62238f40f8bd2df8cb2a6;domain=.taobao.com;Expires=Fri, 09-Dec-2016 01:48:27 GMT;Path=/

2016-09-10 09:48:27 [scrapy] DEBUG: Redirecting (302) to <GET https://pass.tmall.com/add?_tb_token_=NPiiSMZgWOpd&cookie2=08773330b2858e47a387649cb06c851b&t=902d86d8dcc62238f40f8bd2df8cb2a6&target=http%3a%2f%2fkindle.tmall.com%2F%3ftbpm%3d1&pacc=LWMlttnB-b07igaUa2zAKQ==&opi=101.204.247.120&tmsc=1473472107790553> from <GET https://login.taobao.com/jump?target=http%3a%2f%2fkindle.tmall.com%2F%3ftbpm%3d1>
2016-09-10 09:48:30 [scrapy] DEBUG: Received cookies from: <302 https://login.taobao.com/jump?target=http%3a%2f%2fhuromhuiyue.tmall.com%2F%3ftbpm%3d1>
Set-Cookie: _tb_token_=KqA6JR52szOx;domain=.taobao.com;Path=/;HttpOnly

Set-Cookie: cookie2=8b80282c02ef7295b78f1f539605e533;domain=.taobao.com;Path=/;HttpOnly

Set-Cookie: t=1fcc40ed220d229db7c0deba1cfdcfd1;domain=.taobao.com;Expires=Fri, 09-Dec-2016 01:48:27 GMT;Path=/

2016-09-10 09:48:30 [scrapy] DEBUG: Redirecting (302) to <GET https://pass.tmall.com/add?_tb_token_=KqA6JR52szOx&cookie2=8b80282c02ef7295b78f1f539605e533&t=1fcc40ed220d229db7c0deba1cfdcfd1&target=http%3a%2f%2fhuromhuiyue.tmall.com%2F%3ftbpm%3d1&pacc=kkERxedhGIsHicH52jXQXw==&opi=101.204.247.120&tmsc=1473472107790816> from <GET https://login.taobao.com/jump?target=http%3a%2f%2fhuromhuiyue.tmall.com%2F%3ftbpm%3d1>
2016-09-10 09:48:33 [scrapy] DEBUG: Received cookies from: <302 https://pass.tmall.com/add?_tb_token_=NPiiSMZgWOpd&cookie2=08773330b2858e47a387649cb06c851b&t=902d86d8dcc62238f40f8bd2df8cb2a6&target=http%3a%2f%2fkindle.tmall.com%2F%3ftbpm%3d1&pacc=LWMlttnB-b07igaUa2zAKQ==&opi=101.204.247.120&tmsc=1473472107790553>
Set-Cookie: _tb_token_=NPiiSMZgWOpd;domain=.tmall.com;Path=/

Set-Cookie: cookie2=08773330b2858e47a387649cb06c851b;domain=.tmall.com;Path=/;HttpOnly

Set-Cookie: t=902d86d8dcc62238f40f8bd2df8cb2a6;domain=.tmall.com;Path=/

2016-09-10 09:48:33 [scrapy] DEBUG: Redirecting (302) to <GET http://kindle.tmall.com/?tbpm=1> from <GET https://pass.tmall.com/add?_tb_token_=NPiiSMZgWOpd&cookie2=08773330b2858e47a387649cb06c851b&t=902d86d8dcc62238f40f8bd2df8cb2a6&target=http%3a%2f%2fkindle.tmall.com%2F%3ftbpm%3d1&pacc=LWMlttnB-b07igaUa2zAKQ==&opi=101.204.247.120&tmsc=1473472107790553>
2016-09-10 09:48:36 [scrapy] DEBUG: Sending cookies to: <GET http://kindle.tmall.com/?tbpm=1>
Cookie: cookie2=08773330b2858e47a387649cb06c851b; _tb_token_=NPiiSMZgWOpd; t=902d86d8dcc62238f40f8bd2df8cb2a6

2016-09-10 09:48:36 [scrapy] DEBUG: Received cookies from: <302 https://pass.tmall.com/add?_tb_token_=KqA6JR52szOx&cookie2=8b80282c02ef7295b78f1f539605e533&t=1fcc40ed220d229db7c0deba1cfdcfd1&target=http%3a%2f%2fhuromhuiyue.tmall.com%2F%3ftbpm%3d1&pacc=kkERxedhGIsHicH52jXQXw==&opi=101.204.247.120&tmsc=1473472107790816>
Set-Cookie: _tb_token_=KqA6JR52szOx;domain=.tmall.com;Path=/

Set-Cookie: cookie2=8b80282c02ef7295b78f1f539605e533;domain=.tmall.com;Path=/;HttpOnly

Set-Cookie: t=1fcc40ed220d229db7c0deba1cfdcfd1;domain=.tmall.com;Path=/

2016-09-10 09:48:36 [scrapy] DEBUG: Redirecting (302) to <GET http://huromhuiyue.tmall.com/?tbpm=1> from <GET https://pass.tmall.com/add?_tb_token_=KqA6JR52szOx&cookie2=8b80282c02ef7295b78f1f539605e533&t=1fcc40ed220d229db7c0deba1cfdcfd1&target=http%3a%2f%2fhuromhuiyue.tmall.com%2F%3ftbpm%3d1&pacc=kkERxedhGIsHicH52jXQXw==&opi=101.204.247.120&tmsc=1473472107790816>
2016-09-10 09:48:39 [scrapy] DEBUG: Sending cookies to: <GET http://huromhuiyue.tmall.com/?tbpm=1>
Cookie: cookie2=8b80282c02ef7295b78f1f539605e533; _tb_token_=KqA6JR52szOx; t=1fcc40ed220d229db7c0deba1cfdcfd1

2016-09-10 09:48:40 [scrapy] DEBUG: Redirecting (301) to <GET https://huromhuiyue.tmall.com/?tbpm=1> from <GET http://huromhuiyue.tmall.com/?tbpm=1>
2016-09-10 09:48:43 [scrapy] DEBUG: Sending cookies to: <GET https://huromhuiyue.tmall.com/?tbpm=1>
Cookie: cookie2=8b80282c02ef7295b78f1f539605e533; _tb_token_=KqA6JR52szOx; t=1fcc40ed220d229db7c0deba1cfdcfd1

2016-09-10 09:48:43 [scrapy] DEBUG: Redirecting (301) to <GET https://kindle.tmall.com/?tbpm=1> from <GET http://kindle.tmall.com/?tbpm=1>
2016-09-10 09:48:46 [scrapy] DEBUG: Sending cookies to: <GET https://kindle.tmall.com/?tbpm=1>
Cookie: cookie2=8b80282c02ef7295b78f1f539605e533; _tb_token_=KqA6JR52szOx; t=1fcc40ed220d229db7c0deba1cfdcfd1

2016-09-10 09:48:46 [scrapy] DEBUG: Redirecting (302) to <GET http://huromhuiyue.tmall.com/> from <GET https://huromhuiyue.tmall.com/?tbpm=1>
2016-09-10 09:48:49 [scrapy] DEBUG: Sending cookies to: <GET http://huromhuiyue.tmall.com/>
Cookie: cookie2=8b80282c02ef7295b78f1f539605e533; _tb_token_=KqA6JR52szOx; t=1fcc40ed220d229db7c0deba1cfdcfd1

2016-09-10 09:48:49 [scrapy] DEBUG: Redirecting (302) to <GET http://kindle.tmall.com/> from <GET https://kindle.tmall.com/?tbpm=1>
2016-09-10 09:48:52 [scrapy] DEBUG: Sending cookies to: <GET http://kindle.tmall.com/>
Cookie: cookie2=8b80282c02ef7295b78f1f539605e533; _tb_token_=KqA6JR52szOx; t=1fcc40ed220d229db7c0deba1cfdcfd1

2016-09-10 09:48:52 [scrapy] DEBUG: Redirecting (301) to <GET https://huromhuiyue.tmall.com/> from <GET http://huromhuiyue.tmall.com/>
2016-09-10 09:48:55 [scrapy] DEBUG: Sending cookies to: <GET https://huromhuiyue.tmall.com/>
Cookie: cookie2=8b80282c02ef7295b78f1f539605e533; _tb_token_=KqA6JR52szOx; t=1fcc40ed220d229db7c0deba1cfdcfd1

2016-09-10 09:48:55 [scrapy] DEBUG: Redirecting (301) to <GET https://kindle.tmall.com/> from <GET http://kindle.tmall.com/>
2016-09-10 09:48:58 [scrapy] DEBUG: Sending cookies to: <GET https://kindle.tmall.com/>
Cookie: cookie2=8b80282c02ef7295b78f1f539605e533; _tb_token_=KqA6JR52szOx; t=1fcc40ed220d229db7c0deba1cfdcfd1

2016-09-10 09:48:58 [scrapy] DEBUG: Crawled (200) <GET https://huromhuiyue.tmall.com/> (referer: None)
2016-09-10 09:48:58 [scrapy] DEBUG: Crawled (200) <GET https://kindle.tmall.com/> (referer: None)
2016-09-10 09:49:01 [scrapy] DEBUG: Sending cookies to: <GET https://rate.taobao.com/user-rate-UvCQYvCkbMmcbONTT.htm>
Cookie: cna=4RdLEIipQlECAWXM93goJEgl; cookie2=8b80282c02ef7295b78f1f539605e533; _tb_token_=KqA6JR52szOx; t=1fcc40ed220d229db7c0deba1cfdcfd1

2016-09-10 09:49:04 [scrapy] DEBUG: Sending cookies to: <GET https://rate.taobao.com/user-rate-UvCNSOFNyvmxWvgTT.htm>
Cookie: cna=4RdLEIipQlECAWXM93goJEgl; cookie2=8b80282c02ef7295b78f1f539605e533; _tb_token_=KqA6JR52szOx; t=1fcc40ed220d229db7c0deba1cfdcfd1

2016-09-10 09:49:04 [scrapy] DEBUG: Received cookies from: <200 https://rate.taobao.com/user-rate-UvCQYvCkbMmcbONTT.htm>
Set-Cookie: uc1=cookie14=UoWwJ08rDLtj6w%3D%3D; Domain=.taobao.com; Path=/

Set-Cookie: v=0; Domain=.taobao.com; Path=/

2016-09-10 09:49:04 [scrapy] DEBUG: Crawled (200) <GET https://rate.taobao.com/user-rate-UvCQYvCkbMmcbONTT.htm> (referer: https://huromhuiyue.tmall.com/)
2016-09-10 09:49:04 [pykafka.connection] DEBUG: Connecting to 192.168.103.245:9092
2016-09-10 09:49:04 [pykafka.connection] DEBUG: Successfully connected to 192.168.103.245:9092
2016-09-10 09:49:04 [pykafka.handlers] INFO: RequestHandler.stop: about to flush requests queue
2016-09-10 09:49:04 [pykafka.topic] INFO: Adding 1 partitions
2016-09-10 09:49:04 [pykafka.topic] DEBUG: Adding partition tmall.shop.info/0
2016-09-10 09:49:04 [pykafka.producer] INFO: Starting new produce worker for broker 0
2016-09-10 09:49:04 [pykafka.producer] DEBUG: Sending 1 messages to broker 0
2016-09-10 09:49:04 [pykafka.producer] DEBUG: Successfully sent 1/1 messages to broker 0
2016-09-10 09:49:04 [pykafka.producer] INFO: Blocking until all messages are sent
2016-09-10 09:49:05 [pykafka.handlers] INFO: RequestHandler worker: exiting cleanly
2016-09-10 09:49:09 [pykafka.producer] INFO: Worker exited for broker 192.168.103.245:9092
2016-09-10 09:49:09 [pykafka.producer] INFO: Blocking until all messages are sent
2016-09-10 09:49:09 [pykafka.producer] DEBUG: Finalising <pykafka.producer.Producer at 0x109e6a4d0>
2016-09-10 09:49:09 [scrapy] DEBUG: Scraped from <200 https://rate.taobao.com/user-rate-UvCQYvCkbMmcbONTT.htm>
None
2016-09-10 09:49:09 [scrapy] DEBUG: Received cookies from: <200 https://rate.taobao.com/user-rate-UvCNSOFNyvmxWvgTT.htm>
Set-Cookie: uc1=cookie14=UoWwJ08rDLtj5g%3D%3D; Domain=.taobao.com; Path=/

Set-Cookie: v=0; Domain=.taobao.com; Path=/

2016-09-10 09:49:09 [scrapy] DEBUG: Crawled (200) <GET https://rate.taobao.com/user-rate-UvCNSOFNyvmxWvgTT.htm> (referer: https://kindle.tmall.com/)
2016-09-10 09:49:10 [pykafka.connection] DEBUG: Connecting to 192.168.103.245:9092
2016-09-10 09:49:10 [pykafka.connection] DEBUG: Successfully connected to 192.168.103.245:9092
2016-09-10 09:49:10 [pykafka.handlers] INFO: RequestHandler.stop: about to flush requests queue
2016-09-10 09:49:10 [pykafka.topic] INFO: Adding 1 partitions
2016-09-10 09:49:10 [pykafka.topic] DEBUG: Adding partition tmall.shop.info/0
2016-09-10 09:49:10 [pykafka.producer] INFO: Starting new produce worker for broker 0
2016-09-10 09:49:10 [pykafka.producer] DEBUG: Sending 1 messages to broker 0
2016-09-10 09:49:10 [pykafka.producer] DEBUG: Successfully sent 1/1 messages to broker 0
2016-09-10 09:49:10 [pykafka.producer] INFO: Blocking until all messages are sent
2016-09-10 09:49:11 [pykafka.handlers] INFO: RequestHandler worker: exiting cleanly
2016-09-10 09:49:15 [pykafka.producer] INFO: Worker exited for broker 192.168.103.245:9092
2016-09-10 09:49:15 [pykafka.producer] INFO: Blocking until all messages are sent
2016-09-10 09:49:15 [pykafka.producer] DEBUG: Finalising <pykafka.producer.Producer at 0x10a48e210>
2016-09-10 09:49:15 [scrapy] DEBUG: Scraped from <200 https://rate.taobao.com/user-rate-UvCNSOFNyvmxWvgTT.htm>
None
2016-09-10 09:49:15 [scrapy] INFO: Closing spider (finished)
2016-09-10 09:49:15 [scrapy] INFO: Dumping Scrapy stats:
{'downloader/request_bytes': 5352,
 'downloader/request_count': 16,
 'downloader/request_method_count/GET': 16,
 'downloader/response_bytes': 55570,
 'downloader/response_count': 16,
 'downloader/response_status_count/200': 4,
 'downloader/response_status_count/301': 4,
 'downloader/response_status_count/302': 8,
 'finish_reason': 'finished',
 'finish_time': datetime.datetime(2016, 9, 10, 1, 49, 15, 106451),
 'item_scraped_count': 2,
 'log_count/DEBUG': 57,
 'log_count/INFO': 27,
 'request_depth_max': 1,
 'response_received_count': 4,
 'scheduler/dequeued': 16,
 'scheduler/dequeued/memory': 16,
 'scheduler/enqueued': 16,
 'scheduler/enqueued/memory': 16,
 'start_time': datetime.datetime(2016, 9, 10, 1, 48, 15, 253782)}
2016-09-10 09:49:15 [scrapy] INFO: Spider closed (finished)
2016-09-10 09:49:15 [pykafka.handlers] INFO: RequestHandler.stop: about to flush requests queue
