2016-09-09 09:28:51 [scrapy] INFO: Scrapy 1.1.2 started (bot: xmmspider)
2016-09-09 09:28:51 [scrapy] INFO: Overridden settings: {'COOKIES_DEBUG': True, 'NEWSPIDER_MODULE': 'xmmspider.spiders', 'SPIDER_MODULES': ['xmmspider.spiders'], 'RETRY_TIMES': 5, 'BOT_NAME': 'xmmspider', 'LOG_FILE': '/Users/cean/workspace/Java/workspace/xmm-shop-tools/data-collection/xmmspider/xmmspider/logs/TmallShopSpider-1473350400.log', 'DOWNLOAD_DELAY': 3}
2016-09-09 09:28:51 [scrapy] INFO: Enabled extensions:
['scrapy.extensions.logstats.LogStats',
 'scrapy.extensions.telnet.TelnetConsole',
 'scrapy.extensions.corestats.CoreStats',
 'xmmspider.extensions.SpiderRequestInterval',
 'xmmspider.extensions.TaobaoShopDataMySQLLoader',
 'xmmspider.extensions.SpiderMonitor']
2016-09-09 09:28:51 [scrapy] INFO: Enabled downloader middlewares:
['scrapy.downloadermiddlewares.httpauth.HttpAuthMiddleware',
 'scrapy.downloadermiddlewares.downloadtimeout.DownloadTimeoutMiddleware',
 'scrapy.downloadermiddlewares.useragent.UserAgentMiddleware',
 'scrapy.downloadermiddlewares.retry.RetryMiddleware',
 'scrapy.downloadermiddlewares.defaultheaders.DefaultHeadersMiddleware',
 'scrapy.downloadermiddlewares.redirect.MetaRefreshMiddleware',
 'scrapy.downloadermiddlewares.redirect.RedirectMiddleware',
 'scrapy.downloadermiddlewares.cookies.CookiesMiddleware',
 'scrapy.downloadermiddlewares.httpcompression.HttpCompressionMiddleware',
 'scrapy.downloadermiddlewares.chunked.ChunkedTransferMiddleware',
 'scrapy.downloadermiddlewares.stats.DownloaderStats']
2016-09-09 09:28:51 [scrapy] INFO: Enabled spider middlewares:
['scrapy.spidermiddlewares.httperror.HttpErrorMiddleware',
 'scrapy.spidermiddlewares.offsite.OffsiteMiddleware',
 'scrapy.spidermiddlewares.referer.RefererMiddleware',
 'scrapy.spidermiddlewares.urllength.UrlLengthMiddleware',
 'scrapy.spidermiddlewares.depth.DepthMiddleware']
2016-09-09 09:28:51 [pykafka.topic] INFO: Successfully loaded pykafka.rdkafka extension.
2016-09-09 09:28:51 [scrapy] INFO: Enabled item pipelines:
['xmmspider.pipelines.PushDataToKafka']
2016-09-09 09:28:51 [scrapy] INFO: Spider opened
2016-09-09 09:28:51 [pykafka.cluster] DEBUG: Updating cluster, attempt 1/3
2016-09-09 09:28:51 [pykafka.connection] DEBUG: Connecting to 192.168.103.245:9092
2016-09-09 09:28:51 [pykafka.connection] DEBUG: Successfully connected to 192.168.103.245:9092
2016-09-09 09:28:51 [pykafka.handlers] INFO: RequestHandler.stop: about to flush requests queue
2016-09-09 09:28:51 [pykafka.cluster] INFO: Discovered 1 brokers
2016-09-09 09:28:51 [pykafka.cluster] DEBUG: Discovered broker id 0: 192.168.103.245:9092
2016-09-09 09:28:51 [pykafka.connection] DEBUG: Connecting to 192.168.103.245:9092
2016-09-09 09:28:51 [pykafka.connection] DEBUG: Successfully connected to 192.168.103.245:9092
2016-09-09 09:28:51 [pykafka.cluster] INFO: Discovered 4 topics
2016-09-09 09:28:51 [pykafka.cluster] DEBUG: Discovered topic 'taobao.shop.info'
2016-09-09 09:28:51 [pykafka.cluster] DEBUG: Discovered topic 'taobao.shop.product'
2016-09-09 09:28:51 [pykafka.cluster] DEBUG: Discovered topic 'tmall.shop.product'
2016-09-09 09:28:51 [pykafka.cluster] DEBUG: Discovered topic 'tmall.shop.info'
2016-09-09 09:28:51 [scrapy] INFO: Crawled 0 pages (at 0 pages/min), scraped 0 items (at 0 items/min)
2016-09-09 09:28:51 [xmmspider.extensions] INFO: load shop urls
2016-09-09 09:28:51 [scrapy] DEBUG: Telnet console listening on 127.0.0.1:6023
2016-09-09 09:28:52 [pykafka.handlers] INFO: RequestHandler worker: exiting cleanly
2016-09-09 09:28:57 [scrapy] DEBUG: Redirecting (302) to <GET https://login.taobao.com/jump?target=http%3a%2f%2fhuromhuiyue.tmall.com%2F%3ftbpm%3d1> from <GET https://huromhuiyue.tmall.com/>
2016-09-09 09:29:01 [scrapy] DEBUG: Redirecting (302) to <GET https://login.taobao.com/jump?target=http%3a%2f%2fkindle.tmall.com%2F%3ftbpm%3d1> from <GET https://kindle.tmall.com/>
2016-09-09 09:29:04 [scrapy] DEBUG: Received cookies from: <302 https://login.taobao.com/jump?target=http%3a%2f%2fhuromhuiyue.tmall.com%2F%3ftbpm%3d1>
Set-Cookie: _tb_token_=m639e6uzxaHX;domain=.taobao.com;Path=/;HttpOnly

Set-Cookie: cookie2=8885c3d1de9fe5869cb270d9bec2b8b9;domain=.taobao.com;Path=/;HttpOnly

Set-Cookie: t=1b570730733d545dec6956afe9b9e7a7;domain=.taobao.com;Expires=Thu, 08-Dec-2016 01:29:01 GMT;Path=/

2016-09-09 09:29:04 [scrapy] DEBUG: Redirecting (302) to <GET https://pass.tmall.com/add?_tb_token_=m639e6uzxaHX&cookie2=8885c3d1de9fe5869cb270d9bec2b8b9&t=1b570730733d545dec6956afe9b9e7a7&target=http%3a%2f%2fhuromhuiyue.tmall.com%2F%3ftbpm%3d1&pacc=aLw-ff3NcG0EWuZDsKgvQQ==&opi=101.204.247.120&tmsc=1473384541960869> from <GET https://login.taobao.com/jump?target=http%3a%2f%2fhuromhuiyue.tmall.com%2F%3ftbpm%3d1>
2016-09-09 09:29:07 [scrapy] DEBUG: Received cookies from: <302 https://login.taobao.com/jump?target=http%3a%2f%2fkindle.tmall.com%2F%3ftbpm%3d1>
Set-Cookie: _tb_token_=xe3wvNB7ZDAM;domain=.taobao.com;Path=/;HttpOnly

Set-Cookie: cookie2=4e2d52239568a4a0339e9490f89bf42e;domain=.taobao.com;Path=/;HttpOnly

Set-Cookie: t=5b5dcfbc94b5b31741bfc28be99a56db;domain=.taobao.com;Expires=Thu, 08-Dec-2016 01:29:01 GMT;Path=/

2016-09-09 09:29:07 [scrapy] DEBUG: Redirecting (302) to <GET https://pass.tmall.com/add?_tb_token_=xe3wvNB7ZDAM&cookie2=4e2d52239568a4a0339e9490f89bf42e&t=5b5dcfbc94b5b31741bfc28be99a56db&target=http%3a%2f%2fkindle.tmall.com%2F%3ftbpm%3d1&pacc=iGQ3Q-le0kIOikgr2IT-aA==&opi=101.204.247.120&tmsc=1473384541961000> from <GET https://login.taobao.com/jump?target=http%3a%2f%2fkindle.tmall.com%2F%3ftbpm%3d1>
2016-09-09 09:29:10 [scrapy] DEBUG: Received cookies from: <302 https://pass.tmall.com/add?_tb_token_=xe3wvNB7ZDAM&cookie2=4e2d52239568a4a0339e9490f89bf42e&t=5b5dcfbc94b5b31741bfc28be99a56db&target=http%3a%2f%2fkindle.tmall.com%2F%3ftbpm%3d1&pacc=iGQ3Q-le0kIOikgr2IT-aA==&opi=101.204.247.120&tmsc=1473384541961000>
Set-Cookie: _tb_token_=xe3wvNB7ZDAM;domain=.tmall.com;Path=/

Set-Cookie: cookie2=4e2d52239568a4a0339e9490f89bf42e;domain=.tmall.com;Path=/;HttpOnly

Set-Cookie: t=5b5dcfbc94b5b31741bfc28be99a56db;domain=.tmall.com;Path=/

2016-09-09 09:29:10 [scrapy] DEBUG: Redirecting (302) to <GET http://kindle.tmall.com/?tbpm=1> from <GET https://pass.tmall.com/add?_tb_token_=xe3wvNB7ZDAM&cookie2=4e2d52239568a4a0339e9490f89bf42e&t=5b5dcfbc94b5b31741bfc28be99a56db&target=http%3a%2f%2fkindle.tmall.com%2F%3ftbpm%3d1&pacc=iGQ3Q-le0kIOikgr2IT-aA==&opi=101.204.247.120&tmsc=1473384541961000>
2016-09-09 09:29:13 [scrapy] DEBUG: Sending cookies to: <GET http://kindle.tmall.com/?tbpm=1>
Cookie: cookie2=4e2d52239568a4a0339e9490f89bf42e; _tb_token_=xe3wvNB7ZDAM; t=5b5dcfbc94b5b31741bfc28be99a56db

2016-09-09 09:29:13 [scrapy] DEBUG: Received cookies from: <302 https://pass.tmall.com/add?_tb_token_=m639e6uzxaHX&cookie2=8885c3d1de9fe5869cb270d9bec2b8b9&t=1b570730733d545dec6956afe9b9e7a7&target=http%3a%2f%2fhuromhuiyue.tmall.com%2F%3ftbpm%3d1&pacc=aLw-ff3NcG0EWuZDsKgvQQ==&opi=101.204.247.120&tmsc=1473384541960869>
Set-Cookie: _tb_token_=m639e6uzxaHX;domain=.tmall.com;Path=/

Set-Cookie: cookie2=8885c3d1de9fe5869cb270d9bec2b8b9;domain=.tmall.com;Path=/;HttpOnly

Set-Cookie: t=1b570730733d545dec6956afe9b9e7a7;domain=.tmall.com;Path=/

2016-09-09 09:29:13 [scrapy] DEBUG: Redirecting (302) to <GET http://huromhuiyue.tmall.com/?tbpm=1> from <GET https://pass.tmall.com/add?_tb_token_=m639e6uzxaHX&cookie2=8885c3d1de9fe5869cb270d9bec2b8b9&t=1b570730733d545dec6956afe9b9e7a7&target=http%3a%2f%2fhuromhuiyue.tmall.com%2F%3ftbpm%3d1&pacc=aLw-ff3NcG0EWuZDsKgvQQ==&opi=101.204.247.120&tmsc=1473384541960869>
2016-09-09 09:29:16 [scrapy] DEBUG: Sending cookies to: <GET http://huromhuiyue.tmall.com/?tbpm=1>
Cookie: cookie2=8885c3d1de9fe5869cb270d9bec2b8b9; _tb_token_=m639e6uzxaHX; t=1b570730733d545dec6956afe9b9e7a7

2016-09-09 09:29:16 [scrapy] DEBUG: Redirecting (301) to <GET https://kindle.tmall.com/?tbpm=1> from <GET http://kindle.tmall.com/?tbpm=1>
2016-09-09 09:29:19 [scrapy] DEBUG: Sending cookies to: <GET https://kindle.tmall.com/?tbpm=1>
Cookie: cookie2=8885c3d1de9fe5869cb270d9bec2b8b9; _tb_token_=m639e6uzxaHX; t=1b570730733d545dec6956afe9b9e7a7

2016-09-09 09:29:19 [scrapy] DEBUG: Redirecting (301) to <GET https://huromhuiyue.tmall.com/?tbpm=1> from <GET http://huromhuiyue.tmall.com/?tbpm=1>
2016-09-09 09:29:22 [scrapy] DEBUG: Sending cookies to: <GET https://huromhuiyue.tmall.com/?tbpm=1>
Cookie: cookie2=8885c3d1de9fe5869cb270d9bec2b8b9; _tb_token_=m639e6uzxaHX; t=1b570730733d545dec6956afe9b9e7a7

2016-09-09 09:29:22 [scrapy] DEBUG: Redirecting (302) to <GET http://kindle.tmall.com/> from <GET https://kindle.tmall.com/?tbpm=1>
2016-09-09 09:29:25 [scrapy] DEBUG: Sending cookies to: <GET http://kindle.tmall.com/>
Cookie: cookie2=8885c3d1de9fe5869cb270d9bec2b8b9; _tb_token_=m639e6uzxaHX; t=1b570730733d545dec6956afe9b9e7a7

2016-09-09 09:29:25 [scrapy] DEBUG: Redirecting (302) to <GET http://huromhuiyue.tmall.com/> from <GET https://huromhuiyue.tmall.com/?tbpm=1>
2016-09-09 09:29:28 [scrapy] DEBUG: Sending cookies to: <GET http://huromhuiyue.tmall.com/>
Cookie: cookie2=8885c3d1de9fe5869cb270d9bec2b8b9; _tb_token_=m639e6uzxaHX; t=1b570730733d545dec6956afe9b9e7a7

2016-09-09 09:29:28 [scrapy] DEBUG: Redirecting (301) to <GET https://kindle.tmall.com/> from <GET http://kindle.tmall.com/>
2016-09-09 09:29:31 [scrapy] DEBUG: Sending cookies to: <GET https://kindle.tmall.com/>
Cookie: cookie2=8885c3d1de9fe5869cb270d9bec2b8b9; _tb_token_=m639e6uzxaHX; t=1b570730733d545dec6956afe9b9e7a7

2016-09-09 09:29:31 [scrapy] DEBUG: Redirecting (301) to <GET https://huromhuiyue.tmall.com/> from <GET http://huromhuiyue.tmall.com/>
2016-09-09 09:29:34 [scrapy] DEBUG: Sending cookies to: <GET https://huromhuiyue.tmall.com/>
Cookie: cookie2=8885c3d1de9fe5869cb270d9bec2b8b9; _tb_token_=m639e6uzxaHX; t=1b570730733d545dec6956afe9b9e7a7

2016-09-09 09:29:34 [scrapy] DEBUG: Crawled (200) <GET https://kindle.tmall.com/> (referer: None)
2016-09-09 09:29:34 [scrapy] DEBUG: Crawled (200) <GET https://huromhuiyue.tmall.com/> (referer: None)
2016-09-09 09:29:40 [scrapy] DEBUG: Sending cookies to: <GET https://rate.taobao.com/user-rate-UvCQYvCkbMmcbONTT.htm>
Cookie: cna=4RdLEIipQlECAWXM93goJEgl; cookie2=4e2d52239568a4a0339e9490f89bf42e; _tb_token_=xe3wvNB7ZDAM; t=5b5dcfbc94b5b31741bfc28be99a56db

2016-09-09 09:29:40 [scrapy] DEBUG: Sending cookies to: <GET https://rate.taobao.com/user-rate-UvCNSOFNyvmxWvgTT.htm>
Cookie: cna=4RdLEIipQlECAWXM93goJEgl; cookie2=4e2d52239568a4a0339e9490f89bf42e; _tb_token_=xe3wvNB7ZDAM; t=5b5dcfbc94b5b31741bfc28be99a56db

2016-09-09 09:29:41 [scrapy] DEBUG: Received cookies from: <200 https://rate.taobao.com/user-rate-UvCQYvCkbMmcbONTT.htm>
Set-Cookie: uc1=cookie14=UoWwJ0gtTt%2FSWA%3D%3D; Domain=.taobao.com; Path=/

Set-Cookie: v=0; Domain=.taobao.com; Path=/

2016-09-09 09:29:41 [scrapy] DEBUG: Crawled (200) <GET https://rate.taobao.com/user-rate-UvCQYvCkbMmcbONTT.htm> (referer: https://huromhuiyue.tmall.com/)
2016-09-09 09:29:41 [pykafka.connection] DEBUG: Connecting to 192.168.103.245:9092
2016-09-09 09:29:41 [pykafka.connection] DEBUG: Successfully connected to 192.168.103.245:9092
2016-09-09 09:29:41 [pykafka.handlers] INFO: RequestHandler.stop: about to flush requests queue
2016-09-09 09:29:41 [pykafka.topic] INFO: Adding 1 partitions
2016-09-09 09:29:41 [pykafka.topic] DEBUG: Adding partition tmall.shop.info/0
2016-09-09 09:29:41 [pykafka.producer] INFO: Starting new produce worker for broker 0
2016-09-09 09:29:41 [pykafka.producer] DEBUG: Sending 1 messages to broker 0
2016-09-09 09:29:41 [pykafka.producer] DEBUG: Successfully sent 1/1 messages to broker 0
2016-09-09 09:29:41 [pykafka.producer] INFO: Blocking until all messages are sent
2016-09-09 09:29:42 [pykafka.handlers] INFO: RequestHandler worker: exiting cleanly
2016-09-09 09:29:46 [pykafka.producer] INFO: Worker exited for broker 192.168.103.245:9092
2016-09-09 09:29:46 [pykafka.producer] INFO: Blocking until all messages are sent
2016-09-09 09:29:46 [pykafka.producer] DEBUG: Finalising <pykafka.producer.Producer at 0x109feb490>
2016-09-09 09:29:46 [scrapy] DEBUG: Scraped from <200 https://rate.taobao.com/user-rate-UvCQYvCkbMmcbONTT.htm>
None
2016-09-09 09:29:46 [scrapy] DEBUG: Received cookies from: <200 https://rate.taobao.com/user-rate-UvCNSOFNyvmxWvgTT.htm>
Set-Cookie: uc1=cookie14=UoWwJ0gtTt%2Fd9w%3D%3D; Domain=.taobao.com; Path=/

Set-Cookie: v=0; Domain=.taobao.com; Path=/

2016-09-09 09:29:46 [scrapy] DEBUG: Crawled (200) <GET https://rate.taobao.com/user-rate-UvCNSOFNyvmxWvgTT.htm> (referer: https://kindle.tmall.com/)
2016-09-09 09:29:46 [pykafka.connection] DEBUG: Connecting to 192.168.103.245:9092
2016-09-09 09:29:46 [pykafka.connection] DEBUG: Successfully connected to 192.168.103.245:9092
2016-09-09 09:29:46 [pykafka.handlers] INFO: RequestHandler.stop: about to flush requests queue
2016-09-09 09:29:46 [pykafka.topic] INFO: Adding 1 partitions
2016-09-09 09:29:46 [pykafka.topic] DEBUG: Adding partition tmall.shop.info/0
2016-09-09 09:29:46 [pykafka.producer] INFO: Starting new produce worker for broker 0
2016-09-09 09:29:46 [pykafka.producer] DEBUG: Sending 1 messages to broker 0
2016-09-09 09:29:46 [pykafka.producer] DEBUG: Successfully sent 1/1 messages to broker 0
2016-09-09 09:29:46 [pykafka.producer] INFO: Blocking until all messages are sent
2016-09-09 09:29:47 [pykafka.handlers] INFO: RequestHandler worker: exiting cleanly
2016-09-09 09:29:51 [pykafka.producer] INFO: Worker exited for broker 192.168.103.245:9092
2016-09-09 09:29:51 [pykafka.producer] INFO: Blocking until all messages are sent
2016-09-09 09:29:51 [pykafka.producer] DEBUG: Finalising <pykafka.producer.Producer at 0x10a479050>
2016-09-09 09:29:51 [scrapy] DEBUG: Scraped from <200 https://rate.taobao.com/user-rate-UvCNSOFNyvmxWvgTT.htm>
None
2016-09-09 09:29:51 [scrapy] INFO: Closing spider (finished)
2016-09-09 09:29:51 [scrapy] INFO: Dumping Scrapy stats:
{'downloader/request_bytes': 5352,
 'downloader/request_count': 16,
 'downloader/request_method_count/GET': 16,
 'downloader/response_bytes': 55556,
 'downloader/response_count': 16,
 'downloader/response_status_count/200': 4,
 'downloader/response_status_count/301': 4,
 'downloader/response_status_count/302': 8,
 'finish_reason': 'finished',
 'finish_time': datetime.datetime(2016, 9, 9, 1, 29, 51, 640045),
 'item_scraped_count': 2,
 'log_count/DEBUG': 57,
 'log_count/INFO': 27,
 'request_depth_max': 1,
 'response_received_count': 4,
 'scheduler/dequeued': 16,
 'scheduler/dequeued/memory': 16,
 'scheduler/enqueued': 16,
 'scheduler/enqueued/memory': 16,
 'start_time': datetime.datetime(2016, 9, 9, 1, 28, 51, 694765)}
2016-09-09 09:29:51 [scrapy] INFO: Spider closed (finished)
2016-09-09 09:29:51 [pykafka.handlers] INFO: RequestHandler.stop: about to flush requests queue
