2016-09-07 20:17:09 [scrapy] INFO: Scrapy 1.1.2 started (bot: xmmspider)
2016-09-07 20:17:09 [scrapy] INFO: Overridden settings: {'COOKIES_DEBUG': True, 'NEWSPIDER_MODULE': 'xmmspider.spiders', 'SPIDER_MODULES': ['xmmspider.spiders'], 'RETRY_TIMES': 5, 'BOT_NAME': 'xmmspider', 'LOG_FILE': '/Users/cean/workspace/Java/workspace/xmm-shop-tools/data-collection/xmmspider/xmmspider/logs/TmallShopSpider-1473177600.log', 'DOWNLOAD_DELAY': 3}
2016-09-07 20:17:09 [scrapy] INFO: Enabled extensions:
['scrapy.extensions.logstats.LogStats',
 'scrapy.extensions.telnet.TelnetConsole',
 'scrapy.extensions.corestats.CoreStats',
 'xmmspider.extensions.SpiderRequestInterval',
 'xmmspider.extensions.TaobaoShopDataMySQLLoader',
 'xmmspider.extensions.SpiderMonitor']
2016-09-07 20:17:09 [scrapy] INFO: Enabled downloader middlewares:
['scrapy.downloadermiddlewares.httpauth.HttpAuthMiddleware',
 'scrapy.downloadermiddlewares.downloadtimeout.DownloadTimeoutMiddleware',
 'scrapy.downloadermiddlewares.useragent.UserAgentMiddleware',
 'scrapy.downloadermiddlewares.retry.RetryMiddleware',
 'scrapy.downloadermiddlewares.defaultheaders.DefaultHeadersMiddleware',
 'scrapy.downloadermiddlewares.redirect.MetaRefreshMiddleware',
 'scrapy.downloadermiddlewares.redirect.RedirectMiddleware',
 'scrapy.downloadermiddlewares.cookies.CookiesMiddleware',
 'scrapy.downloadermiddlewares.httpcompression.HttpCompressionMiddleware',
 'scrapy.downloadermiddlewares.chunked.ChunkedTransferMiddleware',
 'scrapy.downloadermiddlewares.stats.DownloaderStats']
2016-09-07 20:17:09 [scrapy] INFO: Enabled spider middlewares:
['scrapy.spidermiddlewares.httperror.HttpErrorMiddleware',
 'scrapy.spidermiddlewares.offsite.OffsiteMiddleware',
 'scrapy.spidermiddlewares.referer.RefererMiddleware',
 'scrapy.spidermiddlewares.urllength.UrlLengthMiddleware',
 'scrapy.spidermiddlewares.depth.DepthMiddleware']
2016-09-07 20:17:09 [pykafka.topic] INFO: Successfully loaded pykafka.rdkafka extension.
2016-09-07 20:17:09 [scrapy] INFO: Enabled item pipelines:
['xmmspider.pipelines.PushDataToKafka']
2016-09-07 20:17:09 [scrapy] INFO: Spider opened
2016-09-07 20:17:09 [pykafka.cluster] DEBUG: Updating cluster, attempt 1/3
2016-09-07 20:17:09 [pykafka.connection] DEBUG: Connecting to 192.168.103.245:9092
2016-09-07 20:17:09 [pykafka.connection] DEBUG: Successfully connected to 192.168.103.245:9092
2016-09-07 20:17:09 [pykafka.handlers] INFO: RequestHandler.stop: about to flush requests queue
2016-09-07 20:17:09 [pykafka.cluster] INFO: Discovered 1 brokers
2016-09-07 20:17:09 [pykafka.cluster] DEBUG: Discovered broker id 0: 192.168.103.245:9092
2016-09-07 20:17:09 [pykafka.connection] DEBUG: Connecting to 192.168.103.245:9092
2016-09-07 20:17:09 [pykafka.connection] DEBUG: Successfully connected to 192.168.103.245:9092
2016-09-07 20:17:09 [pykafka.cluster] INFO: Discovered 4 topics
2016-09-07 20:17:09 [pykafka.cluster] DEBUG: Discovered topic 'taobao.shop.info'
2016-09-07 20:17:09 [pykafka.cluster] DEBUG: Discovered topic 'taobao.shop.product'
2016-09-07 20:17:09 [pykafka.cluster] DEBUG: Discovered topic 'tmall.shop.product'
2016-09-07 20:17:09 [pykafka.cluster] DEBUG: Discovered topic 'tmall.shop.info'
2016-09-07 20:17:09 [scrapy] INFO: Crawled 0 pages (at 0 pages/min), scraped 0 items (at 0 items/min)
2016-09-07 20:17:09 [xmmspider.extensions] INFO: load shop urls
2016-09-07 20:17:10 [scrapy] DEBUG: Telnet console listening on 127.0.0.1:6023
2016-09-07 20:17:10 [pykafka.handlers] INFO: RequestHandler worker: exiting cleanly
2016-09-07 20:17:13 [scrapy] DEBUG: Redirecting (302) to <GET https://login.taobao.com/jump?target=http%3a%2f%2fkindle.tmall.com%2F%3ftbpm%3d1> from <GET https://kindle.tmall.com/>
2016-09-07 20:17:17 [scrapy] DEBUG: Received cookies from: <302 https://login.taobao.com/jump?target=http%3a%2f%2fkindle.tmall.com%2F%3ftbpm%3d1>
Set-Cookie: _tb_token_=XnQGaufxL3gJ;domain=.taobao.com;Path=/;HttpOnly

Set-Cookie: cookie2=5259628d5d5f096ac394907cb6506244;domain=.taobao.com;Path=/;HttpOnly

Set-Cookie: t=efef869a48305afb2c7cc47335cfd8a4;domain=.taobao.com;Expires=Tue, 06-Dec-2016 12:17:17 GMT;Path=/

2016-09-07 20:17:17 [scrapy] DEBUG: Redirecting (302) to <GET https://pass.tmall.com/add?_tb_token_=XnQGaufxL3gJ&cookie2=5259628d5d5f096ac394907cb6506244&t=efef869a48305afb2c7cc47335cfd8a4&target=http%3a%2f%2fkindle.tmall.com%2F%3ftbpm%3d1&pacc=tKZbhQ_uREeYQlFVzV5Ffg==&opi=101.204.247.120&tmsc=1473250637299345> from <GET https://login.taobao.com/jump?target=http%3a%2f%2fkindle.tmall.com%2F%3ftbpm%3d1>
2016-09-07 20:17:20 [scrapy] DEBUG: Received cookies from: <302 https://pass.tmall.com/add?_tb_token_=XnQGaufxL3gJ&cookie2=5259628d5d5f096ac394907cb6506244&t=efef869a48305afb2c7cc47335cfd8a4&target=http%3a%2f%2fkindle.tmall.com%2F%3ftbpm%3d1&pacc=tKZbhQ_uREeYQlFVzV5Ffg==&opi=101.204.247.120&tmsc=1473250637299345>
Set-Cookie: _tb_token_=XnQGaufxL3gJ;domain=.tmall.com;Path=/

Set-Cookie: cookie2=5259628d5d5f096ac394907cb6506244;domain=.tmall.com;Path=/;HttpOnly

Set-Cookie: t=efef869a48305afb2c7cc47335cfd8a4;domain=.tmall.com;Path=/

2016-09-07 20:17:20 [scrapy] DEBUG: Redirecting (302) to <GET http://kindle.tmall.com/?tbpm=1> from <GET https://pass.tmall.com/add?_tb_token_=XnQGaufxL3gJ&cookie2=5259628d5d5f096ac394907cb6506244&t=efef869a48305afb2c7cc47335cfd8a4&target=http%3a%2f%2fkindle.tmall.com%2F%3ftbpm%3d1&pacc=tKZbhQ_uREeYQlFVzV5Ffg==&opi=101.204.247.120&tmsc=1473250637299345>
2016-09-07 20:17:23 [scrapy] DEBUG: Sending cookies to: <GET http://kindle.tmall.com/?tbpm=1>
Cookie: cookie2=5259628d5d5f096ac394907cb6506244; _tb_token_=XnQGaufxL3gJ; t=efef869a48305afb2c7cc47335cfd8a4

2016-09-07 20:17:23 [scrapy] DEBUG: Redirecting (301) to <GET https://kindle.tmall.com/?tbpm=1> from <GET http://kindle.tmall.com/?tbpm=1>
2016-09-07 20:17:26 [scrapy] DEBUG: Sending cookies to: <GET https://kindle.tmall.com/?tbpm=1>
Cookie: cookie2=5259628d5d5f096ac394907cb6506244; _tb_token_=XnQGaufxL3gJ; t=efef869a48305afb2c7cc47335cfd8a4

2016-09-07 20:17:27 [scrapy] DEBUG: Redirecting (302) to <GET http://kindle.tmall.com/> from <GET https://kindle.tmall.com/?tbpm=1>
2016-09-07 20:17:30 [scrapy] DEBUG: Sending cookies to: <GET http://kindle.tmall.com/>
Cookie: cookie2=5259628d5d5f096ac394907cb6506244; _tb_token_=XnQGaufxL3gJ; t=efef869a48305afb2c7cc47335cfd8a4

2016-09-07 20:17:30 [scrapy] DEBUG: Redirecting (301) to <GET https://kindle.tmall.com/> from <GET http://kindle.tmall.com/>
2016-09-07 20:17:33 [scrapy] DEBUG: Sending cookies to: <GET https://kindle.tmall.com/>
Cookie: cookie2=5259628d5d5f096ac394907cb6506244; _tb_token_=XnQGaufxL3gJ; t=efef869a48305afb2c7cc47335cfd8a4

2016-09-07 20:17:35 [scrapy] DEBUG: Crawled (200) <GET https://kindle.tmall.com/> (referer: None)
2016-09-07 20:17:38 [scrapy] DEBUG: Sending cookies to: <GET https://rate.taobao.com/user-rate-UvCNSOFNyvmxWvgTT.htm>
Cookie: cna=4RdLEIipQlECAWXM93goJEgl; cookie2=5259628d5d5f096ac394907cb6506244; _tb_token_=XnQGaufxL3gJ; t=efef869a48305afb2c7cc47335cfd8a4

2016-09-07 20:17:38 [scrapy] DEBUG: Received cookies from: <200 https://rate.taobao.com/user-rate-UvCNSOFNyvmxWvgTT.htm>
Set-Cookie: uc1=cookie14=UoWwJ0nNy3Y8Gg%3D%3D; Domain=.taobao.com; Path=/

Set-Cookie: v=0; Domain=.taobao.com; Path=/

2016-09-07 20:17:38 [scrapy] DEBUG: Crawled (200) <GET https://rate.taobao.com/user-rate-UvCNSOFNyvmxWvgTT.htm> (referer: https://kindle.tmall.com/)
2016-09-07 20:17:38 [pykafka.connection] DEBUG: Connecting to 192.168.103.245:9092
2016-09-07 20:17:38 [pykafka.connection] DEBUG: Successfully connected to 192.168.103.245:9092
2016-09-07 20:17:38 [pykafka.handlers] INFO: RequestHandler.stop: about to flush requests queue
2016-09-07 20:17:38 [pykafka.topic] INFO: Adding 1 partitions
2016-09-07 20:17:38 [pykafka.topic] DEBUG: Adding partition tmall.shop.info/0
2016-09-07 20:17:38 [pykafka.producer] INFO: Starting new produce worker for broker 0
2016-09-07 20:17:38 [pykafka.producer] DEBUG: Sending 1 messages to broker 0
2016-09-07 20:17:38 [pykafka.producer] DEBUG: Successfully sent 1/1 messages to broker 0
2016-09-07 20:17:38 [pykafka.producer] INFO: Blocking until all messages are sent
2016-09-07 20:17:39 [pykafka.handlers] INFO: RequestHandler worker: exiting cleanly
2016-09-07 20:17:43 [pykafka.producer] INFO: Worker exited for broker 192.168.103.245:9092
2016-09-07 20:17:43 [pykafka.producer] INFO: Blocking until all messages are sent
2016-09-07 20:17:43 [pykafka.producer] DEBUG: Finalising <pykafka.producer.Producer at 0x10863d4d0>
2016-09-07 20:17:43 [scrapy] DEBUG: Scraped from <200 https://rate.taobao.com/user-rate-UvCNSOFNyvmxWvgTT.htm>
None
2016-09-07 20:17:43 [scrapy] INFO: Closing spider (finished)
2016-09-07 20:17:43 [scrapy] INFO: Dumping Scrapy stats:
{'downloader/request_bytes': 2656,
 'downloader/request_count': 8,
 'downloader/request_method_count/GET': 8,
 'downloader/response_bytes': 29576,
 'downloader/response_count': 8,
 'downloader/response_status_count/200': 2,
 'downloader/response_status_count/301': 2,
 'downloader/response_status_count/302': 4,
 'finish_reason': 'finished',
 'finish_time': datetime.datetime(2016, 9, 7, 12, 17, 43, 805451),
 'item_scraped_count': 1,
 'log_count/DEBUG': 34,
 'log_count/INFO': 20,
 'request_depth_max': 1,
 'response_received_count': 2,
 'scheduler/dequeued': 8,
 'scheduler/dequeued/memory': 8,
 'scheduler/enqueued': 8,
 'scheduler/enqueued/memory': 8,
 'start_time': datetime.datetime(2016, 9, 7, 12, 17, 9, 714497)}
2016-09-07 20:17:43 [scrapy] INFO: Spider closed (finished)
2016-09-07 20:17:43 [pykafka.handlers] INFO: RequestHandler.stop: about to flush requests queue
2016-09-07 20:29:13 [scrapy] INFO: Scrapy 1.1.2 started (bot: xmmspider)
2016-09-07 20:29:13 [scrapy] INFO: Overridden settings: {'COOKIES_DEBUG': True, 'NEWSPIDER_MODULE': 'xmmspider.spiders', 'SPIDER_MODULES': ['xmmspider.spiders'], 'RETRY_TIMES': 5, 'BOT_NAME': 'xmmspider', 'LOG_FILE': '/Users/cean/workspace/Java/workspace/xmm-shop-tools/data-collection/xmmspider/xmmspider/logs/TmallShopSpider-1473177600.log', 'DOWNLOAD_DELAY': 3}
2016-09-07 20:29:14 [scrapy] INFO: Enabled extensions:
['scrapy.extensions.logstats.LogStats',
 'scrapy.extensions.telnet.TelnetConsole',
 'scrapy.extensions.corestats.CoreStats',
 'xmmspider.extensions.SpiderRequestInterval',
 'xmmspider.extensions.TaobaoShopDataMySQLLoader',
 'xmmspider.extensions.SpiderMonitor']
2016-09-07 20:29:14 [scrapy] INFO: Enabled downloader middlewares:
['scrapy.downloadermiddlewares.httpauth.HttpAuthMiddleware',
 'scrapy.downloadermiddlewares.downloadtimeout.DownloadTimeoutMiddleware',
 'scrapy.downloadermiddlewares.useragent.UserAgentMiddleware',
 'scrapy.downloadermiddlewares.retry.RetryMiddleware',
 'scrapy.downloadermiddlewares.defaultheaders.DefaultHeadersMiddleware',
 'scrapy.downloadermiddlewares.redirect.MetaRefreshMiddleware',
 'scrapy.downloadermiddlewares.redirect.RedirectMiddleware',
 'scrapy.downloadermiddlewares.cookies.CookiesMiddleware',
 'scrapy.downloadermiddlewares.httpcompression.HttpCompressionMiddleware',
 'scrapy.downloadermiddlewares.chunked.ChunkedTransferMiddleware',
 'scrapy.downloadermiddlewares.stats.DownloaderStats']
2016-09-07 20:29:14 [scrapy] INFO: Enabled spider middlewares:
['scrapy.spidermiddlewares.httperror.HttpErrorMiddleware',
 'scrapy.spidermiddlewares.offsite.OffsiteMiddleware',
 'scrapy.spidermiddlewares.referer.RefererMiddleware',
 'scrapy.spidermiddlewares.urllength.UrlLengthMiddleware',
 'scrapy.spidermiddlewares.depth.DepthMiddleware']
2016-09-07 20:29:14 [pykafka.topic] INFO: Successfully loaded pykafka.rdkafka extension.
2016-09-07 20:29:14 [scrapy] INFO: Enabled item pipelines:
['xmmspider.pipelines.PushDataToKafka']
2016-09-07 20:29:14 [scrapy] INFO: Spider opened
2016-09-07 20:29:14 [pykafka.cluster] DEBUG: Updating cluster, attempt 1/3
2016-09-07 20:29:14 [pykafka.connection] DEBUG: Connecting to 192.168.103.245:9092
2016-09-07 20:29:14 [pykafka.connection] DEBUG: Successfully connected to 192.168.103.245:9092
2016-09-07 20:29:14 [pykafka.handlers] INFO: RequestHandler.stop: about to flush requests queue
2016-09-07 20:29:14 [pykafka.cluster] INFO: Discovered 1 brokers
2016-09-07 20:29:14 [pykafka.cluster] DEBUG: Discovered broker id 0: 192.168.103.245:9092
2016-09-07 20:29:14 [pykafka.connection] DEBUG: Connecting to 192.168.103.245:9092
2016-09-07 20:29:14 [pykafka.connection] DEBUG: Successfully connected to 192.168.103.245:9092
2016-09-07 20:29:14 [pykafka.cluster] INFO: Discovered 4 topics
2016-09-07 20:29:14 [pykafka.cluster] DEBUG: Discovered topic 'taobao.shop.info'
2016-09-07 20:29:14 [pykafka.cluster] DEBUG: Discovered topic 'taobao.shop.product'
2016-09-07 20:29:14 [pykafka.cluster] DEBUG: Discovered topic 'tmall.shop.product'
2016-09-07 20:29:14 [pykafka.cluster] DEBUG: Discovered topic 'tmall.shop.info'
2016-09-07 20:29:14 [scrapy] INFO: Crawled 0 pages (at 0 pages/min), scraped 0 items (at 0 items/min)
2016-09-07 20:29:14 [xmmspider.extensions] INFO: load shop urls
2016-09-07 20:29:14 [scrapy] DEBUG: Telnet console listening on 127.0.0.1:6023
2016-09-07 20:29:15 [pykafka.handlers] INFO: RequestHandler worker: exiting cleanly
2016-09-07 20:29:17 [scrapy] DEBUG: Redirecting (302) to <GET https://login.taobao.com/jump?target=http%3a%2f%2fkindle.tmall.com%2F%3ftbpm%3d1> from <GET https://kindle.tmall.com/>
2016-09-07 20:29:20 [scrapy] DEBUG: Received cookies from: <302 https://login.taobao.com/jump?target=http%3a%2f%2fkindle.tmall.com%2F%3ftbpm%3d1>
Set-Cookie: _tb_token_=EirMhaqIYrzP;domain=.taobao.com;Path=/;HttpOnly

Set-Cookie: cookie2=59e2c136cd19ff291df1c064fe6a381d;domain=.taobao.com;Path=/;HttpOnly

Set-Cookie: t=de212099dade0e1a2a7477d4b8dcf7d2;domain=.taobao.com;Expires=Tue, 06-Dec-2016 12:29:20 GMT;Path=/

2016-09-07 20:29:20 [scrapy] DEBUG: Redirecting (302) to <GET https://pass.tmall.com/add?_tb_token_=EirMhaqIYrzP&cookie2=59e2c136cd19ff291df1c064fe6a381d&t=de212099dade0e1a2a7477d4b8dcf7d2&target=http%3a%2f%2fkindle.tmall.com%2F%3ftbpm%3d1&pacc=HOkPJsmiLX5etT-t-caoIQ==&opi=101.204.247.120&tmsc=1473251360843060> from <GET https://login.taobao.com/jump?target=http%3a%2f%2fkindle.tmall.com%2F%3ftbpm%3d1>
2016-09-07 20:29:24 [scrapy] DEBUG: Received cookies from: <302 https://pass.tmall.com/add?_tb_token_=EirMhaqIYrzP&cookie2=59e2c136cd19ff291df1c064fe6a381d&t=de212099dade0e1a2a7477d4b8dcf7d2&target=http%3a%2f%2fkindle.tmall.com%2F%3ftbpm%3d1&pacc=HOkPJsmiLX5etT-t-caoIQ==&opi=101.204.247.120&tmsc=1473251360843060>
Set-Cookie: _tb_token_=EirMhaqIYrzP;domain=.tmall.com;Path=/

Set-Cookie: cookie2=59e2c136cd19ff291df1c064fe6a381d;domain=.tmall.com;Path=/;HttpOnly

Set-Cookie: t=de212099dade0e1a2a7477d4b8dcf7d2;domain=.tmall.com;Path=/

2016-09-07 20:29:24 [scrapy] DEBUG: Redirecting (302) to <GET http://kindle.tmall.com/?tbpm=1> from <GET https://pass.tmall.com/add?_tb_token_=EirMhaqIYrzP&cookie2=59e2c136cd19ff291df1c064fe6a381d&t=de212099dade0e1a2a7477d4b8dcf7d2&target=http%3a%2f%2fkindle.tmall.com%2F%3ftbpm%3d1&pacc=HOkPJsmiLX5etT-t-caoIQ==&opi=101.204.247.120&tmsc=1473251360843060>
2016-09-07 20:29:27 [scrapy] DEBUG: Sending cookies to: <GET http://kindle.tmall.com/?tbpm=1>
Cookie: cookie2=59e2c136cd19ff291df1c064fe6a381d; _tb_token_=EirMhaqIYrzP; t=de212099dade0e1a2a7477d4b8dcf7d2

2016-09-07 20:29:27 [scrapy] DEBUG: Redirecting (301) to <GET https://kindle.tmall.com/?tbpm=1> from <GET http://kindle.tmall.com/?tbpm=1>
2016-09-07 20:29:30 [scrapy] DEBUG: Sending cookies to: <GET https://kindle.tmall.com/?tbpm=1>
Cookie: cookie2=59e2c136cd19ff291df1c064fe6a381d; _tb_token_=EirMhaqIYrzP; t=de212099dade0e1a2a7477d4b8dcf7d2

2016-09-07 20:29:30 [scrapy] DEBUG: Redirecting (302) to <GET http://kindle.tmall.com/> from <GET https://kindle.tmall.com/?tbpm=1>
2016-09-07 20:29:33 [scrapy] DEBUG: Sending cookies to: <GET http://kindle.tmall.com/>
Cookie: cookie2=59e2c136cd19ff291df1c064fe6a381d; _tb_token_=EirMhaqIYrzP; t=de212099dade0e1a2a7477d4b8dcf7d2

2016-09-07 20:29:33 [scrapy] DEBUG: Redirecting (301) to <GET https://kindle.tmall.com/> from <GET http://kindle.tmall.com/>
2016-09-07 20:29:36 [scrapy] DEBUG: Sending cookies to: <GET https://kindle.tmall.com/>
Cookie: cookie2=59e2c136cd19ff291df1c064fe6a381d; _tb_token_=EirMhaqIYrzP; t=de212099dade0e1a2a7477d4b8dcf7d2

2016-09-07 20:29:36 [scrapy] DEBUG: Crawled (200) <GET https://kindle.tmall.com/> (referer: None)
2016-09-07 20:29:39 [scrapy] DEBUG: Sending cookies to: <GET https://rate.taobao.com/user-rate-UvCNSOFNyvmxWvgTT.htm>
Cookie: cna=4RdLEIipQlECAWXM93goJEgl; cookie2=59e2c136cd19ff291df1c064fe6a381d; _tb_token_=EirMhaqIYrzP; t=de212099dade0e1a2a7477d4b8dcf7d2

2016-09-07 20:29:39 [scrapy] DEBUG: Received cookies from: <200 https://rate.taobao.com/user-rate-UvCNSOFNyvmxWvgTT.htm>
Set-Cookie: uc1=cookie14=UoWwJ0nNyhLm5g%3D%3D; Domain=.taobao.com; Path=/

Set-Cookie: v=0; Domain=.taobao.com; Path=/

2016-09-07 20:29:39 [scrapy] DEBUG: Crawled (200) <GET https://rate.taobao.com/user-rate-UvCNSOFNyvmxWvgTT.htm> (referer: https://kindle.tmall.com/)
2016-09-07 20:29:39 [pykafka.connection] DEBUG: Connecting to 192.168.103.245:9092
2016-09-07 20:29:39 [pykafka.connection] DEBUG: Successfully connected to 192.168.103.245:9092
2016-09-07 20:29:39 [pykafka.handlers] INFO: RequestHandler.stop: about to flush requests queue
2016-09-07 20:29:39 [pykafka.topic] INFO: Adding 1 partitions
2016-09-07 20:29:39 [pykafka.topic] DEBUG: Adding partition tmall.shop.info/0
2016-09-07 20:29:39 [pykafka.producer] INFO: Starting new produce worker for broker 0
2016-09-07 20:29:39 [pykafka.producer] DEBUG: Sending 1 messages to broker 0
2016-09-07 20:29:40 [pykafka.producer] DEBUG: Successfully sent 1/1 messages to broker 0
2016-09-07 20:29:40 [pykafka.producer] INFO: Blocking until all messages are sent
2016-09-07 20:29:40 [pykafka.handlers] INFO: RequestHandler worker: exiting cleanly
2016-09-07 20:29:45 [pykafka.producer] INFO: Worker exited for broker 192.168.103.245:9092
2016-09-07 20:29:45 [pykafka.producer] INFO: Blocking until all messages are sent
2016-09-07 20:29:45 [pykafka.producer] DEBUG: Finalising <pykafka.producer.Producer at 0x1074994d0>
2016-09-07 20:29:45 [scrapy] DEBUG: Scraped from <200 https://rate.taobao.com/user-rate-UvCNSOFNyvmxWvgTT.htm>
None
2016-09-07 20:29:45 [scrapy] INFO: Closing spider (finished)
2016-09-07 20:29:45 [scrapy] INFO: Dumping Scrapy stats:
{'downloader/request_bytes': 2656,
 'downloader/request_count': 8,
 'downloader/request_method_count/GET': 8,
 'downloader/response_bytes': 29576,
 'downloader/response_count': 8,
 'downloader/response_status_count/200': 2,
 'downloader/response_status_count/301': 2,
 'downloader/response_status_count/302': 4,
 'finish_reason': 'finished',
 'finish_time': datetime.datetime(2016, 9, 7, 12, 29, 45, 19726),
 'item_scraped_count': 1,
 'log_count/DEBUG': 34,
 'log_count/INFO': 20,
 'request_depth_max': 1,
 'response_received_count': 2,
 'scheduler/dequeued': 8,
 'scheduler/dequeued/memory': 8,
 'scheduler/enqueued': 8,
 'scheduler/enqueued/memory': 8,
 'start_time': datetime.datetime(2016, 9, 7, 12, 29, 14, 124242)}
2016-09-07 20:29:45 [scrapy] INFO: Spider closed (finished)
2016-09-07 20:29:45 [pykafka.handlers] INFO: RequestHandler.stop: about to flush requests queue
2016-09-07 20:46:36 [scrapy] INFO: Scrapy 1.1.2 started (bot: xmmspider)
2016-09-07 20:46:36 [scrapy] INFO: Overridden settings: {'COOKIES_DEBUG': True, 'NEWSPIDER_MODULE': 'xmmspider.spiders', 'SPIDER_MODULES': ['xmmspider.spiders'], 'RETRY_TIMES': 5, 'BOT_NAME': 'xmmspider', 'LOG_FILE': '/Users/cean/workspace/Java/workspace/xmm-shop-tools/data-collection/xmmspider/xmmspider/logs/TmallShopSpider-1473177600.log', 'DOWNLOAD_DELAY': 3}
2016-09-07 20:46:36 [scrapy] INFO: Enabled extensions:
['scrapy.extensions.logstats.LogStats',
 'scrapy.extensions.telnet.TelnetConsole',
 'scrapy.extensions.corestats.CoreStats',
 'xmmspider.extensions.SpiderRequestInterval',
 'xmmspider.extensions.TaobaoShopDataMySQLLoader',
 'xmmspider.extensions.SpiderMonitor']
2016-09-07 20:46:36 [scrapy] INFO: Enabled downloader middlewares:
['scrapy.downloadermiddlewares.httpauth.HttpAuthMiddleware',
 'scrapy.downloadermiddlewares.downloadtimeout.DownloadTimeoutMiddleware',
 'scrapy.downloadermiddlewares.useragent.UserAgentMiddleware',
 'scrapy.downloadermiddlewares.retry.RetryMiddleware',
 'scrapy.downloadermiddlewares.defaultheaders.DefaultHeadersMiddleware',
 'scrapy.downloadermiddlewares.redirect.MetaRefreshMiddleware',
 'scrapy.downloadermiddlewares.redirect.RedirectMiddleware',
 'scrapy.downloadermiddlewares.cookies.CookiesMiddleware',
 'scrapy.downloadermiddlewares.httpcompression.HttpCompressionMiddleware',
 'scrapy.downloadermiddlewares.chunked.ChunkedTransferMiddleware',
 'scrapy.downloadermiddlewares.stats.DownloaderStats']
2016-09-07 20:46:36 [scrapy] INFO: Enabled spider middlewares:
['scrapy.spidermiddlewares.httperror.HttpErrorMiddleware',
 'scrapy.spidermiddlewares.offsite.OffsiteMiddleware',
 'scrapy.spidermiddlewares.referer.RefererMiddleware',
 'scrapy.spidermiddlewares.urllength.UrlLengthMiddleware',
 'scrapy.spidermiddlewares.depth.DepthMiddleware']
2016-09-07 20:46:36 [pykafka.topic] INFO: Successfully loaded pykafka.rdkafka extension.
2016-09-07 20:46:36 [scrapy] INFO: Enabled item pipelines:
['xmmspider.pipelines.PushDataToKafka']
2016-09-07 20:46:36 [scrapy] INFO: Spider opened
2016-09-07 20:46:36 [pykafka.cluster] DEBUG: Updating cluster, attempt 1/3
2016-09-07 20:46:36 [pykafka.connection] DEBUG: Connecting to 192.168.103.245:9092
2016-09-07 20:46:36 [pykafka.connection] DEBUG: Successfully connected to 192.168.103.245:9092
2016-09-07 20:46:36 [pykafka.handlers] INFO: RequestHandler.stop: about to flush requests queue
2016-09-07 20:46:36 [pykafka.cluster] INFO: Discovered 1 brokers
2016-09-07 20:46:36 [pykafka.cluster] DEBUG: Discovered broker id 0: 192.168.103.245:9092
2016-09-07 20:46:36 [pykafka.connection] DEBUG: Connecting to 192.168.103.245:9092
2016-09-07 20:46:36 [pykafka.connection] DEBUG: Successfully connected to 192.168.103.245:9092
2016-09-07 20:46:36 [pykafka.cluster] INFO: Discovered 4 topics
2016-09-07 20:46:36 [pykafka.cluster] DEBUG: Discovered topic 'taobao.shop.info'
2016-09-07 20:46:36 [pykafka.cluster] DEBUG: Discovered topic 'taobao.shop.product'
2016-09-07 20:46:36 [pykafka.cluster] DEBUG: Discovered topic 'tmall.shop.product'
2016-09-07 20:46:36 [pykafka.cluster] DEBUG: Discovered topic 'tmall.shop.info'
2016-09-07 20:46:36 [scrapy] INFO: Crawled 0 pages (at 0 pages/min), scraped 0 items (at 0 items/min)
2016-09-07 20:46:36 [xmmspider.extensions] INFO: load shop urls
2016-09-07 20:46:36 [scrapy] DEBUG: Telnet console listening on 127.0.0.1:6024
2016-09-07 20:46:37 [pykafka.handlers] INFO: RequestHandler worker: exiting cleanly
2016-09-07 20:46:39 [scrapy] DEBUG: Redirecting (302) to <GET https://login.taobao.com/jump?target=http%3a%2f%2fhuromhuiyue.tmall.com%2F%3ftbpm%3d1> from <GET https://huromhuiyue.tmall.com/>
2016-09-07 20:46:42 [scrapy] DEBUG: Received cookies from: <302 https://login.taobao.com/jump?target=http%3a%2f%2fhuromhuiyue.tmall.com%2F%3ftbpm%3d1>
Set-Cookie: _tb_token_=A5pBI8v5lUq9;domain=.taobao.com;Path=/;HttpOnly

Set-Cookie: cookie2=7fa256d4792452ebadd433d3e24867a2;domain=.taobao.com;Path=/;HttpOnly

Set-Cookie: t=c884d7fe3a6de96d117aa8f1aa7b93c4;domain=.taobao.com;Expires=Tue, 06-Dec-2016 12:46:42 GMT;Path=/

2016-09-07 20:46:42 [scrapy] DEBUG: Redirecting (302) to <GET https://pass.tmall.com/add?_tb_token_=A5pBI8v5lUq9&cookie2=7fa256d4792452ebadd433d3e24867a2&t=c884d7fe3a6de96d117aa8f1aa7b93c4&target=http%3a%2f%2fhuromhuiyue.tmall.com%2F%3ftbpm%3d1&pacc=PcGgR5rmps-z_s4i56sNMA==&opi=101.204.247.120&tmsc=1473252402702345> from <GET https://login.taobao.com/jump?target=http%3a%2f%2fhuromhuiyue.tmall.com%2F%3ftbpm%3d1>
2016-09-07 20:46:47 [scrapy] DEBUG: Received cookies from: <302 https://pass.tmall.com/add?_tb_token_=A5pBI8v5lUq9&cookie2=7fa256d4792452ebadd433d3e24867a2&t=c884d7fe3a6de96d117aa8f1aa7b93c4&target=http%3a%2f%2fhuromhuiyue.tmall.com%2F%3ftbpm%3d1&pacc=PcGgR5rmps-z_s4i56sNMA==&opi=101.204.247.120&tmsc=1473252402702345>
Set-Cookie: _tb_token_=A5pBI8v5lUq9;domain=.tmall.com;Path=/

Set-Cookie: cookie2=7fa256d4792452ebadd433d3e24867a2;domain=.tmall.com;Path=/;HttpOnly

Set-Cookie: t=c884d7fe3a6de96d117aa8f1aa7b93c4;domain=.tmall.com;Path=/

2016-09-07 20:46:47 [scrapy] DEBUG: Redirecting (302) to <GET http://huromhuiyue.tmall.com/?tbpm=1> from <GET https://pass.tmall.com/add?_tb_token_=A5pBI8v5lUq9&cookie2=7fa256d4792452ebadd433d3e24867a2&t=c884d7fe3a6de96d117aa8f1aa7b93c4&target=http%3a%2f%2fhuromhuiyue.tmall.com%2F%3ftbpm%3d1&pacc=PcGgR5rmps-z_s4i56sNMA==&opi=101.204.247.120&tmsc=1473252402702345>
2016-09-07 20:46:50 [scrapy] DEBUG: Sending cookies to: <GET http://huromhuiyue.tmall.com/?tbpm=1>
Cookie: cookie2=7fa256d4792452ebadd433d3e24867a2; _tb_token_=A5pBI8v5lUq9; t=c884d7fe3a6de96d117aa8f1aa7b93c4

2016-09-07 20:46:50 [scrapy] DEBUG: Redirecting (301) to <GET https://huromhuiyue.tmall.com/?tbpm=1> from <GET http://huromhuiyue.tmall.com/?tbpm=1>
2016-09-07 20:46:53 [scrapy] DEBUG: Sending cookies to: <GET https://huromhuiyue.tmall.com/?tbpm=1>
Cookie: cookie2=7fa256d4792452ebadd433d3e24867a2; _tb_token_=A5pBI8v5lUq9; t=c884d7fe3a6de96d117aa8f1aa7b93c4

2016-09-07 20:46:53 [scrapy] DEBUG: Redirecting (302) to <GET http://huromhuiyue.tmall.com/> from <GET https://huromhuiyue.tmall.com/?tbpm=1>
2016-09-07 20:46:56 [scrapy] DEBUG: Sending cookies to: <GET http://huromhuiyue.tmall.com/>
Cookie: cookie2=7fa256d4792452ebadd433d3e24867a2; _tb_token_=A5pBI8v5lUq9; t=c884d7fe3a6de96d117aa8f1aa7b93c4

2016-09-07 20:46:56 [scrapy] DEBUG: Redirecting (301) to <GET https://huromhuiyue.tmall.com/> from <GET http://huromhuiyue.tmall.com/>
2016-09-07 20:46:59 [scrapy] DEBUG: Sending cookies to: <GET https://huromhuiyue.tmall.com/>
Cookie: cookie2=7fa256d4792452ebadd433d3e24867a2; _tb_token_=A5pBI8v5lUq9; t=c884d7fe3a6de96d117aa8f1aa7b93c4

2016-09-07 20:47:00 [scrapy] DEBUG: Crawled (200) <GET https://huromhuiyue.tmall.com/> (referer: None)
2016-09-07 20:47:03 [scrapy] DEBUG: Sending cookies to: <GET https://rate.taobao.com/user-rate-UvCQYvCkbMmcbONTT.htm>
Cookie: cna=4RdLEIipQlECAWXM93goJEgl; cookie2=7fa256d4792452ebadd433d3e24867a2; _tb_token_=A5pBI8v5lUq9; t=c884d7fe3a6de96d117aa8f1aa7b93c4

2016-09-07 20:47:04 [scrapy] DEBUG: Received cookies from: <200 https://rate.taobao.com/user-rate-UvCQYvCkbMmcbONTT.htm>
Set-Cookie: uc1=cookie14=UoWwJ0nNybLUBA%3D%3D; Domain=.taobao.com; Path=/

Set-Cookie: v=0; Domain=.taobao.com; Path=/

2016-09-07 20:47:04 [scrapy] DEBUG: Crawled (200) <GET https://rate.taobao.com/user-rate-UvCQYvCkbMmcbONTT.htm> (referer: https://huromhuiyue.tmall.com/)
2016-09-07 20:47:04 [pykafka.connection] DEBUG: Connecting to 192.168.103.245:9092
2016-09-07 20:47:04 [pykafka.connection] DEBUG: Successfully connected to 192.168.103.245:9092
2016-09-07 20:47:04 [pykafka.handlers] INFO: RequestHandler.stop: about to flush requests queue
2016-09-07 20:47:04 [pykafka.topic] INFO: Adding 1 partitions
2016-09-07 20:47:04 [pykafka.topic] DEBUG: Adding partition tmall.shop.info/0
2016-09-07 20:47:04 [pykafka.producer] INFO: Starting new produce worker for broker 0
2016-09-07 20:47:04 [pykafka.producer] DEBUG: Sending 1 messages to broker 0
2016-09-07 20:47:04 [pykafka.producer] DEBUG: Successfully sent 1/1 messages to broker 0
2016-09-07 20:47:04 [pykafka.producer] INFO: Blocking until all messages are sent
2016-09-07 20:47:05 [pykafka.handlers] INFO: RequestHandler worker: exiting cleanly
2016-09-07 20:47:09 [pykafka.producer] INFO: Worker exited for broker 192.168.103.245:9092
2016-09-07 20:47:09 [pykafka.producer] INFO: Blocking until all messages are sent
2016-09-07 20:47:09 [pykafka.producer] DEBUG: Finalising <pykafka.producer.Producer at 0x1086354d0>
2016-09-07 20:47:09 [scrapy] DEBUG: Scraped from <200 https://rate.taobao.com/user-rate-UvCQYvCkbMmcbONTT.htm>
None
2016-09-07 20:47:09 [scrapy] INFO: Closing spider (finished)
2016-09-07 20:47:09 [scrapy] INFO: Dumping Scrapy stats:
{'downloader/request_bytes': 2696,
 'downloader/request_count': 8,
 'downloader/request_method_count/GET': 8,
 'downloader/response_bytes': 25897,
 'downloader/response_count': 8,
 'downloader/response_status_count/200': 2,
 'downloader/response_status_count/301': 2,
 'downloader/response_status_count/302': 4,
 'finish_reason': 'finished',
 'finish_time': datetime.datetime(2016, 9, 7, 12, 47, 9, 237151),
 'item_scraped_count': 1,
 'log_count/DEBUG': 34,
 'log_count/INFO': 20,
 'request_depth_max': 1,
 'response_received_count': 2,
 'scheduler/dequeued': 8,
 'scheduler/dequeued/memory': 8,
 'scheduler/enqueued': 8,
 'scheduler/enqueued/memory': 8,
 'start_time': datetime.datetime(2016, 9, 7, 12, 46, 36, 315508)}
2016-09-07 20:47:09 [scrapy] INFO: Spider closed (finished)
2016-09-07 20:47:09 [pykafka.handlers] INFO: RequestHandler.stop: about to flush requests queue
