2016-09-12 13:08:57 [scrapy] INFO: Scrapy 1.1.2 started (bot: xmmspider)
2016-09-12 13:08:57 [scrapy] INFO: Overridden settings: {'COOKIES_DEBUG': True, 'NEWSPIDER_MODULE': 'xmmspider.spiders', 'SPIDER_MODULES': ['xmmspider.spiders'], 'BOT_NAME': 'xmmspider', 'LOG_FILE': '/Users/cean/workspace/Java/workspace/xmm-shop-tools/data-collection/xmmspider/xmmspider/logs/TmallShopSpider-1473609600.log', 'DOWNLOAD_DELAY': 3}
2016-09-12 13:08:57 [scrapy] INFO: Enabled extensions:
['scrapy.extensions.logstats.LogStats',
 'scrapy.extensions.telnet.TelnetConsole',
 'scrapy.extensions.corestats.CoreStats',
 'xmmspider.extensions.SpiderRequestInterval',
 'xmmspider.extensions.TaobaoShopDataMySQLLoader',
 'xmmspider.extensions.SpiderMonitor']
2016-09-12 13:08:57 [scrapy] INFO: Enabled downloader middlewares:
['scrapy.downloadermiddlewares.httpauth.HttpAuthMiddleware',
 'scrapy.downloadermiddlewares.downloadtimeout.DownloadTimeoutMiddleware',
 'scrapy.downloadermiddlewares.useragent.UserAgentMiddleware',
 'scrapy.downloadermiddlewares.retry.RetryMiddleware',
 'scrapy.downloadermiddlewares.defaultheaders.DefaultHeadersMiddleware',
 'scrapy.downloadermiddlewares.redirect.MetaRefreshMiddleware',
 'scrapy.downloadermiddlewares.redirect.RedirectMiddleware',
 'scrapy.downloadermiddlewares.cookies.CookiesMiddleware',
 'scrapy.downloadermiddlewares.httpcompression.HttpCompressionMiddleware',
 'scrapy.downloadermiddlewares.chunked.ChunkedTransferMiddleware',
 'scrapy.downloadermiddlewares.stats.DownloaderStats']
2016-09-12 13:08:57 [scrapy] INFO: Enabled spider middlewares:
['scrapy.spidermiddlewares.httperror.HttpErrorMiddleware',
 'scrapy.spidermiddlewares.offsite.OffsiteMiddleware',
 'scrapy.spidermiddlewares.referer.RefererMiddleware',
 'scrapy.spidermiddlewares.urllength.UrlLengthMiddleware',
 'scrapy.spidermiddlewares.depth.DepthMiddleware']
2016-09-12 13:08:57 [pykafka.topic] INFO: Successfully loaded pykafka.rdkafka extension.
2016-09-12 13:08:57 [scrapy] INFO: Enabled item pipelines:
['xmmspider.pipelines.PushDataToKafka']
2016-09-12 13:08:57 [scrapy] INFO: Spider opened
2016-09-12 13:08:57 [pykafka.cluster] DEBUG: Updating cluster, attempt 1/3
2016-09-12 13:08:57 [pykafka.connection] DEBUG: Connecting to 192.168.103.245:9092
2016-09-12 13:08:57 [pykafka.connection] DEBUG: Successfully connected to 192.168.103.245:9092
2016-09-12 13:08:57 [pykafka.handlers] INFO: RequestHandler.stop: about to flush requests queue
2016-09-12 13:08:57 [pykafka.cluster] INFO: Discovered 1 brokers
2016-09-12 13:08:57 [pykafka.cluster] DEBUG: Discovered broker id 0: 192.168.103.245:9092
2016-09-12 13:08:57 [pykafka.connection] DEBUG: Connecting to 192.168.103.245:9092
2016-09-12 13:08:57 [pykafka.connection] DEBUG: Successfully connected to 192.168.103.245:9092
2016-09-12 13:08:57 [pykafka.cluster] INFO: Discovered 4 topics
2016-09-12 13:08:57 [pykafka.cluster] DEBUG: Discovered topic 'taobao.shop.info'
2016-09-12 13:08:57 [pykafka.cluster] DEBUG: Discovered topic 'taobao.shop.product'
2016-09-12 13:08:57 [pykafka.cluster] DEBUG: Discovered topic 'tmall.shop.product'
2016-09-12 13:08:57 [pykafka.cluster] DEBUG: Discovered topic 'tmall.shop.info'
2016-09-12 13:08:57 [scrapy] INFO: Crawled 0 pages (at 0 pages/min), scraped 0 items (at 0 items/min)
2016-09-12 13:08:57 [xmmspider.extensions] INFO: load shop urls
2016-09-12 13:08:57 [scrapy] DEBUG: Telnet console listening on 127.0.0.1:6025
2016-09-12 13:08:58 [pykafka.handlers] INFO: RequestHandler worker: exiting cleanly
2016-09-12 13:09:03 [scrapy] DEBUG: Redirecting (302) to <GET https://login.taobao.com/jump?target=http%3a%2f%2fkindle.tmall.com%2F%3ftbpm%3d1> from <GET https://kindle.tmall.com/>
2016-09-12 13:09:06 [scrapy] DEBUG: Redirecting (302) to <GET https://login.taobao.com/jump?target=http%3a%2f%2fhuromhuiyue.tmall.com%2F%3ftbpm%3d1> from <GET https://huromhuiyue.tmall.com/>
2016-09-12 13:09:09 [scrapy] DEBUG: Received cookies from: <302 https://login.taobao.com/jump?target=http%3a%2f%2fkindle.tmall.com%2F%3ftbpm%3d1>
Set-Cookie: _tb_token_=9yJcy911YhPq;domain=.taobao.com;Path=/;HttpOnly

Set-Cookie: cookie2=2b88d620270768325a90431f067ca3e8;domain=.taobao.com;Path=/;HttpOnly

Set-Cookie: t=0b3cfa3560158cd83f83e0a8dc9b4924;domain=.taobao.com;Expires=Sun, 11-Dec-2016 05:09:09 GMT;Path=/

2016-09-12 13:09:09 [scrapy] DEBUG: Redirecting (302) to <GET https://pass.tmall.com/add?_tb_token_=9yJcy911YhPq&cookie2=2b88d620270768325a90431f067ca3e8&t=0b3cfa3560158cd83f83e0a8dc9b4924&target=http%3a%2f%2fkindle.tmall.com%2F%3ftbpm%3d1&pacc=YhCYxcU2GsicTm2rfe-8qA==&opi=101.204.247.120&tmsc=1473656949881207> from <GET https://login.taobao.com/jump?target=http%3a%2f%2fkindle.tmall.com%2F%3ftbpm%3d1>
2016-09-12 13:09:12 [scrapy] DEBUG: Received cookies from: <302 https://login.taobao.com/jump?target=http%3a%2f%2fhuromhuiyue.tmall.com%2F%3ftbpm%3d1>
Set-Cookie: _tb_token_=3iVdFoTPnHcV;domain=.taobao.com;Path=/;HttpOnly

Set-Cookie: cookie2=5446585c49239d3a61e28e1c4885760e;domain=.taobao.com;Path=/;HttpOnly

Set-Cookie: t=e4c4ace9ec57b4b2f3b1da5db33c63db;domain=.taobao.com;Expires=Sun, 11-Dec-2016 05:09:12 GMT;Path=/

2016-09-12 13:09:12 [scrapy] DEBUG: Redirecting (302) to <GET https://pass.tmall.com/add?_tb_token_=3iVdFoTPnHcV&cookie2=5446585c49239d3a61e28e1c4885760e&t=e4c4ace9ec57b4b2f3b1da5db33c63db&target=http%3a%2f%2fhuromhuiyue.tmall.com%2F%3ftbpm%3d1&pacc=lyNyenJ8fXXMElqcm50HEA==&opi=101.204.247.120&tmsc=1473656952926767> from <GET https://login.taobao.com/jump?target=http%3a%2f%2fhuromhuiyue.tmall.com%2F%3ftbpm%3d1>
2016-09-12 13:09:16 [scrapy] DEBUG: Received cookies from: <302 https://pass.tmall.com/add?_tb_token_=9yJcy911YhPq&cookie2=2b88d620270768325a90431f067ca3e8&t=0b3cfa3560158cd83f83e0a8dc9b4924&target=http%3a%2f%2fkindle.tmall.com%2F%3ftbpm%3d1&pacc=YhCYxcU2GsicTm2rfe-8qA==&opi=101.204.247.120&tmsc=1473656949881207>
Set-Cookie: _tb_token_=9yJcy911YhPq;domain=.tmall.com;Path=/

Set-Cookie: cookie2=2b88d620270768325a90431f067ca3e8;domain=.tmall.com;Path=/;HttpOnly

Set-Cookie: t=0b3cfa3560158cd83f83e0a8dc9b4924;domain=.tmall.com;Path=/

2016-09-12 13:09:16 [scrapy] DEBUG: Redirecting (302) to <GET http://kindle.tmall.com/?tbpm=1> from <GET https://pass.tmall.com/add?_tb_token_=9yJcy911YhPq&cookie2=2b88d620270768325a90431f067ca3e8&t=0b3cfa3560158cd83f83e0a8dc9b4924&target=http%3a%2f%2fkindle.tmall.com%2F%3ftbpm%3d1&pacc=YhCYxcU2GsicTm2rfe-8qA==&opi=101.204.247.120&tmsc=1473656949881207>
2016-09-12 13:09:19 [scrapy] DEBUG: Sending cookies to: <GET http://kindle.tmall.com/?tbpm=1>
Cookie: cookie2=2b88d620270768325a90431f067ca3e8; _tb_token_=9yJcy911YhPq; t=0b3cfa3560158cd83f83e0a8dc9b4924

2016-09-12 13:09:19 [scrapy] DEBUG: Received cookies from: <302 https://pass.tmall.com/add?_tb_token_=3iVdFoTPnHcV&cookie2=5446585c49239d3a61e28e1c4885760e&t=e4c4ace9ec57b4b2f3b1da5db33c63db&target=http%3a%2f%2fhuromhuiyue.tmall.com%2F%3ftbpm%3d1&pacc=lyNyenJ8fXXMElqcm50HEA==&opi=101.204.247.120&tmsc=1473656952926767>
Set-Cookie: _tb_token_=3iVdFoTPnHcV;domain=.tmall.com;Path=/

Set-Cookie: cookie2=5446585c49239d3a61e28e1c4885760e;domain=.tmall.com;Path=/;HttpOnly

Set-Cookie: t=e4c4ace9ec57b4b2f3b1da5db33c63db;domain=.tmall.com;Path=/

2016-09-12 13:09:19 [scrapy] DEBUG: Redirecting (302) to <GET http://huromhuiyue.tmall.com/?tbpm=1> from <GET https://pass.tmall.com/add?_tb_token_=3iVdFoTPnHcV&cookie2=5446585c49239d3a61e28e1c4885760e&t=e4c4ace9ec57b4b2f3b1da5db33c63db&target=http%3a%2f%2fhuromhuiyue.tmall.com%2F%3ftbpm%3d1&pacc=lyNyenJ8fXXMElqcm50HEA==&opi=101.204.247.120&tmsc=1473656952926767>
2016-09-12 13:09:22 [scrapy] DEBUG: Sending cookies to: <GET http://huromhuiyue.tmall.com/?tbpm=1>
Cookie: cookie2=5446585c49239d3a61e28e1c4885760e; _tb_token_=3iVdFoTPnHcV; t=e4c4ace9ec57b4b2f3b1da5db33c63db

2016-09-12 13:09:22 [scrapy] DEBUG: Redirecting (301) to <GET https://kindle.tmall.com/?tbpm=1> from <GET http://kindle.tmall.com/?tbpm=1>
2016-09-12 13:09:25 [scrapy] DEBUG: Sending cookies to: <GET https://kindle.tmall.com/?tbpm=1>
Cookie: cookie2=5446585c49239d3a61e28e1c4885760e; _tb_token_=3iVdFoTPnHcV; t=e4c4ace9ec57b4b2f3b1da5db33c63db

2016-09-12 13:09:25 [scrapy] DEBUG: Redirecting (302) to <GET http://kindle.tmall.com/> from <GET https://kindle.tmall.com/?tbpm=1>
2016-09-12 13:09:28 [scrapy] DEBUG: Sending cookies to: <GET http://kindle.tmall.com/>
Cookie: cookie2=5446585c49239d3a61e28e1c4885760e; _tb_token_=3iVdFoTPnHcV; t=e4c4ace9ec57b4b2f3b1da5db33c63db

2016-09-12 13:09:28 [scrapy] DEBUG: Redirecting (301) to <GET https://huromhuiyue.tmall.com/?tbpm=1> from <GET http://huromhuiyue.tmall.com/?tbpm=1>
2016-09-12 13:09:31 [scrapy] DEBUG: Sending cookies to: <GET https://huromhuiyue.tmall.com/?tbpm=1>
Cookie: cookie2=5446585c49239d3a61e28e1c4885760e; _tb_token_=3iVdFoTPnHcV; t=e4c4ace9ec57b4b2f3b1da5db33c63db

2016-09-12 13:09:31 [scrapy] DEBUG: Redirecting (301) to <GET https://kindle.tmall.com/> from <GET http://kindle.tmall.com/>
2016-09-12 13:09:34 [scrapy] DEBUG: Sending cookies to: <GET https://kindle.tmall.com/>
Cookie: cookie2=5446585c49239d3a61e28e1c4885760e; _tb_token_=3iVdFoTPnHcV; t=e4c4ace9ec57b4b2f3b1da5db33c63db

2016-09-12 13:09:34 [scrapy] DEBUG: Redirecting (302) to <GET http://huromhuiyue.tmall.com/> from <GET https://huromhuiyue.tmall.com/?tbpm=1>
2016-09-12 13:09:37 [scrapy] DEBUG: Sending cookies to: <GET http://huromhuiyue.tmall.com/>
Cookie: cookie2=5446585c49239d3a61e28e1c4885760e; _tb_token_=3iVdFoTPnHcV; t=e4c4ace9ec57b4b2f3b1da5db33c63db

2016-09-12 13:09:37 [scrapy] DEBUG: Redirecting (301) to <GET https://huromhuiyue.tmall.com/> from <GET http://huromhuiyue.tmall.com/>
2016-09-12 13:09:40 [scrapy] DEBUG: Sending cookies to: <GET https://huromhuiyue.tmall.com/>
Cookie: cookie2=5446585c49239d3a61e28e1c4885760e; _tb_token_=3iVdFoTPnHcV; t=e4c4ace9ec57b4b2f3b1da5db33c63db

2016-09-12 13:09:40 [scrapy] DEBUG: Crawled (200) <GET https://kindle.tmall.com/> (referer: None)
2016-09-12 13:09:40 [scrapy] DEBUG: Crawled (200) <GET https://huromhuiyue.tmall.com/> (referer: None)
2016-09-12 13:09:43 [scrapy] DEBUG: Sending cookies to: <GET https://rate.taobao.com/user-rate-UvCNSOFNyvmxWvgTT.htm>
Cookie: cna=4RdLEIipQlECAWXM93goJEgl; cookie2=5446585c49239d3a61e28e1c4885760e; _tb_token_=3iVdFoTPnHcV; t=e4c4ace9ec57b4b2f3b1da5db33c63db

2016-09-12 13:09:46 [scrapy] DEBUG: Sending cookies to: <GET https://rate.taobao.com/user-rate-UvCQYvCkbMmcbONTT.htm>
Cookie: cna=4RdLEIipQlECAWXM93goJEgl; cookie2=5446585c49239d3a61e28e1c4885760e; _tb_token_=3iVdFoTPnHcV; t=e4c4ace9ec57b4b2f3b1da5db33c63db

2016-09-12 13:09:46 [scrapy] DEBUG: Received cookies from: <200 https://rate.taobao.com/user-rate-UvCQYvCkbMmcbONTT.htm>
Set-Cookie: uc1=cookie14=UoWwJ01z8f8pNQ%3D%3D; Domain=.taobao.com; Path=/

Set-Cookie: v=0; Domain=.taobao.com; Path=/

2016-09-12 13:09:46 [scrapy] DEBUG: Crawled (200) <GET https://rate.taobao.com/user-rate-UvCQYvCkbMmcbONTT.htm> (referer: https://huromhuiyue.tmall.com/)
2016-09-12 13:09:46 [scrapy] DEBUG: Received cookies from: <200 https://rate.taobao.com/user-rate-UvCNSOFNyvmxWvgTT.htm>
Set-Cookie: uc1=cookie14=UoWwJ01z8f8pNQ%3D%3D; Domain=.taobao.com; Path=/

Set-Cookie: v=0; Domain=.taobao.com; Path=/

2016-09-12 13:09:46 [scrapy] DEBUG: Crawled (200) <GET https://rate.taobao.com/user-rate-UvCNSOFNyvmxWvgTT.htm> (referer: https://kindle.tmall.com/)
2016-09-12 13:09:46 [pykafka.connection] DEBUG: Connecting to 192.168.103.245:9092
2016-09-12 13:09:46 [pykafka.connection] DEBUG: Successfully connected to 192.168.103.245:9092
2016-09-12 13:09:46 [pykafka.handlers] INFO: RequestHandler.stop: about to flush requests queue
2016-09-12 13:09:46 [pykafka.topic] INFO: Adding 1 partitions
2016-09-12 13:09:46 [pykafka.topic] DEBUG: Adding partition tmall.shop.info/0
2016-09-12 13:09:46 [pykafka.producer] INFO: Starting new produce worker for broker 0
2016-09-12 13:09:46 [pykafka.producer] DEBUG: Sending 1 messages to broker 0
2016-09-12 13:09:46 [pykafka.producer] DEBUG: Successfully sent 1/1 messages to broker 0
2016-09-12 13:09:46 [pykafka.producer] INFO: Blocking until all messages are sent
2016-09-12 13:09:47 [pykafka.handlers] INFO: RequestHandler worker: exiting cleanly
2016-09-12 13:09:51 [pykafka.producer] INFO: Worker exited for broker 192.168.103.245:9092
2016-09-12 13:09:51 [pykafka.producer] INFO: Blocking until all messages are sent
2016-09-12 13:09:51 [pykafka.producer] DEBUG: Finalising <pykafka.producer.Producer at 0x109fea590>
2016-09-12 13:09:51 [scrapy] DEBUG: Scraped from <200 https://rate.taobao.com/user-rate-UvCQYvCkbMmcbONTT.htm>
None
2016-09-12 13:09:51 [pykafka.connection] DEBUG: Connecting to 192.168.103.245:9092
2016-09-12 13:09:51 [pykafka.connection] DEBUG: Successfully connected to 192.168.103.245:9092
2016-09-12 13:09:51 [pykafka.handlers] INFO: RequestHandler.stop: about to flush requests queue
2016-09-12 13:09:51 [pykafka.topic] INFO: Adding 1 partitions
2016-09-12 13:09:51 [pykafka.topic] DEBUG: Adding partition tmall.shop.info/0
2016-09-12 13:09:51 [pykafka.producer] INFO: Starting new produce worker for broker 0
2016-09-12 13:09:51 [pykafka.producer] DEBUG: Sending 1 messages to broker 0
2016-09-12 13:09:51 [pykafka.producer] DEBUG: Successfully sent 1/1 messages to broker 0
2016-09-12 13:09:51 [pykafka.producer] INFO: Blocking until all messages are sent
2016-09-12 13:09:52 [pykafka.handlers] INFO: RequestHandler worker: exiting cleanly
2016-09-12 13:09:56 [pykafka.producer] INFO: Worker exited for broker 192.168.103.245:9092
2016-09-12 13:09:56 [pykafka.producer] INFO: Blocking until all messages are sent
2016-09-12 13:09:56 [pykafka.producer] DEBUG: Finalising <pykafka.producer.Producer at 0x10a462c10>
2016-09-12 13:09:56 [scrapy] DEBUG: Scraped from <200 https://rate.taobao.com/user-rate-UvCNSOFNyvmxWvgTT.htm>
None
2016-09-12 13:09:56 [scrapy] INFO: Closing spider (finished)
2016-09-12 13:09:56 [scrapy] INFO: Dumping Scrapy stats:
{'downloader/request_bytes': 5352,
 'downloader/request_count': 16,
 'downloader/request_method_count/GET': 16,
 'downloader/response_bytes': 61314,
 'downloader/response_count': 16,
 'downloader/response_status_count/200': 4,
 'downloader/response_status_count/301': 4,
 'downloader/response_status_count/302': 8,
 'finish_reason': 'finished',
 'finish_time': datetime.datetime(2016, 9, 12, 5, 9, 56, 795376),
 'item_scraped_count': 2,
 'log_count/DEBUG': 57,
 'log_count/INFO': 27,
 'request_depth_max': 1,
 'response_received_count': 4,
 'scheduler/dequeued': 16,
 'scheduler/dequeued/memory': 16,
 'scheduler/enqueued': 16,
 'scheduler/enqueued/memory': 16,
 'start_time': datetime.datetime(2016, 9, 12, 5, 8, 57, 400002)}
2016-09-12 13:09:56 [scrapy] INFO: Spider closed (finished)
2016-09-12 13:09:56 [pykafka.handlers] INFO: RequestHandler.stop: about to flush requests queue
2016-09-12 14:48:43 [scrapy] INFO: Scrapy 1.1.2 started (bot: xmmspider)
2016-09-12 14:48:43 [scrapy] INFO: Overridden settings: {'COOKIES_DEBUG': True, 'NEWSPIDER_MODULE': 'xmmspider.spiders', 'SPIDER_MODULES': ['xmmspider.spiders'], 'BOT_NAME': 'xmmspider', 'LOG_FILE': '/Users/cean/workspace/Java/workspace/xmm-shop-tools/data-collection/xmmspider/xmmspider/logs/TmallShopSpider-1473609600.log', 'DOWNLOAD_DELAY': 1}
2016-09-12 14:48:43 [scrapy] INFO: Enabled extensions:
['scrapy.extensions.logstats.LogStats',
 'scrapy.extensions.telnet.TelnetConsole',
 'scrapy.extensions.corestats.CoreStats',
 'xmmspider.extensions.SpiderRequestInterval',
 'xmmspider.extensions.TaobaoShopDataMySQLLoader',
 'xmmspider.extensions.SpiderMonitor']
2016-09-12 14:48:43 [scrapy] INFO: Enabled downloader middlewares:
['scrapy.downloadermiddlewares.httpauth.HttpAuthMiddleware',
 'scrapy.downloadermiddlewares.downloadtimeout.DownloadTimeoutMiddleware',
 'scrapy.downloadermiddlewares.useragent.UserAgentMiddleware',
 'scrapy.downloadermiddlewares.retry.RetryMiddleware',
 'scrapy.downloadermiddlewares.defaultheaders.DefaultHeadersMiddleware',
 'scrapy.downloadermiddlewares.redirect.MetaRefreshMiddleware',
 'scrapy.downloadermiddlewares.redirect.RedirectMiddleware',
 'scrapy.downloadermiddlewares.cookies.CookiesMiddleware',
 'scrapy.downloadermiddlewares.httpcompression.HttpCompressionMiddleware',
 'scrapy.downloadermiddlewares.chunked.ChunkedTransferMiddleware',
 'scrapy.downloadermiddlewares.stats.DownloaderStats']
2016-09-12 14:48:43 [scrapy] INFO: Enabled spider middlewares:
['scrapy.spidermiddlewares.httperror.HttpErrorMiddleware',
 'scrapy.spidermiddlewares.offsite.OffsiteMiddleware',
 'scrapy.spidermiddlewares.referer.RefererMiddleware',
 'scrapy.spidermiddlewares.urllength.UrlLengthMiddleware',
 'scrapy.spidermiddlewares.depth.DepthMiddleware']
2016-09-12 14:48:43 [pykafka.topic] INFO: Successfully loaded pykafka.rdkafka extension.
2016-09-12 14:48:43 [scrapy] INFO: Enabled item pipelines:
['xmmspider.pipelines.PushDataToKafka']
2016-09-12 14:48:43 [scrapy] INFO: Spider opened
2016-09-12 14:48:43 [pykafka.cluster] DEBUG: Updating cluster, attempt 1/3
2016-09-12 14:48:43 [pykafka.connection] DEBUG: Connecting to 192.168.103.245:9092
2016-09-12 14:48:43 [pykafka.connection] DEBUG: Successfully connected to 192.168.103.245:9092
2016-09-12 14:48:43 [pykafka.handlers] INFO: RequestHandler.stop: about to flush requests queue
2016-09-12 14:48:43 [pykafka.cluster] INFO: Discovered 1 brokers
2016-09-12 14:48:43 [pykafka.cluster] DEBUG: Discovered broker id 0: 192.168.103.245:9092
2016-09-12 14:48:43 [pykafka.connection] DEBUG: Connecting to 192.168.103.245:9092
2016-09-12 14:48:43 [pykafka.connection] DEBUG: Successfully connected to 192.168.103.245:9092
2016-09-12 14:48:43 [pykafka.cluster] INFO: Discovered 4 topics
2016-09-12 14:48:43 [pykafka.cluster] DEBUG: Discovered topic 'taobao.shop.info'
2016-09-12 14:48:43 [pykafka.cluster] DEBUG: Discovered topic 'taobao.shop.product'
2016-09-12 14:48:43 [pykafka.cluster] DEBUG: Discovered topic 'tmall.shop.product'
2016-09-12 14:48:43 [pykafka.cluster] DEBUG: Discovered topic 'tmall.shop.info'
2016-09-12 14:48:43 [scrapy] INFO: Crawled 0 pages (at 0 pages/min), scraped 0 items (at 0 items/min)
2016-09-12 14:48:43 [xmmspider.extensions] INFO: load shop urls
2016-09-12 14:48:43 [scrapy] DEBUG: Telnet console listening on 127.0.0.1:6023
2016-09-12 14:48:44 [pykafka.handlers] INFO: RequestHandler worker: exiting cleanly
2016-09-12 14:48:45 [scrapy] DEBUG: Redirecting (302) to <GET https://login.taobao.com/jump?target=http%3a%2f%2fkindle.tmall.com%2F%3ftbpm%3d1> from <GET https://kindle.tmall.com/>
2016-09-12 14:48:46 [scrapy] DEBUG: Received cookies from: <302 https://login.taobao.com/jump?target=http%3a%2f%2fkindle.tmall.com%2F%3ftbpm%3d1>
Set-Cookie: _tb_token_=wufr2KH3iSva;domain=.taobao.com;Path=/;HttpOnly

Set-Cookie: cookie2=85f8ff818e8ba17a5f74012dbc041f79;domain=.taobao.com;Path=/;HttpOnly

Set-Cookie: t=7cf016e56fe1356364d5c2069dde3dad;domain=.taobao.com;Expires=Sun, 11-Dec-2016 06:48:46 GMT;Path=/

2016-09-12 14:48:46 [scrapy] DEBUG: Redirecting (302) to <GET https://pass.tmall.com/add?_tb_token_=wufr2KH3iSva&cookie2=85f8ff818e8ba17a5f74012dbc041f79&t=7cf016e56fe1356364d5c2069dde3dad&target=http%3a%2f%2fkindle.tmall.com%2F%3ftbpm%3d1&pacc=xUiYP_MqT84lFQ7o4JJiCQ==&opi=101.204.247.120&tmsc=1473662926942880> from <GET https://login.taobao.com/jump?target=http%3a%2f%2fkindle.tmall.com%2F%3ftbpm%3d1>
2016-09-12 14:48:48 [scrapy] DEBUG: Received cookies from: <302 https://pass.tmall.com/add?_tb_token_=wufr2KH3iSva&cookie2=85f8ff818e8ba17a5f74012dbc041f79&t=7cf016e56fe1356364d5c2069dde3dad&target=http%3a%2f%2fkindle.tmall.com%2F%3ftbpm%3d1&pacc=xUiYP_MqT84lFQ7o4JJiCQ==&opi=101.204.247.120&tmsc=1473662926942880>
Set-Cookie: _tb_token_=wufr2KH3iSva;domain=.tmall.com;Path=/

Set-Cookie: cookie2=85f8ff818e8ba17a5f74012dbc041f79;domain=.tmall.com;Path=/;HttpOnly

Set-Cookie: t=7cf016e56fe1356364d5c2069dde3dad;domain=.tmall.com;Path=/

2016-09-12 14:48:48 [scrapy] DEBUG: Redirecting (302) to <GET http://kindle.tmall.com/?tbpm=1> from <GET https://pass.tmall.com/add?_tb_token_=wufr2KH3iSva&cookie2=85f8ff818e8ba17a5f74012dbc041f79&t=7cf016e56fe1356364d5c2069dde3dad&target=http%3a%2f%2fkindle.tmall.com%2F%3ftbpm%3d1&pacc=xUiYP_MqT84lFQ7o4JJiCQ==&opi=101.204.247.120&tmsc=1473662926942880>
2016-09-12 14:48:49 [scrapy] DEBUG: Sending cookies to: <GET http://kindle.tmall.com/?tbpm=1>
Cookie: cookie2=85f8ff818e8ba17a5f74012dbc041f79; _tb_token_=wufr2KH3iSva; t=7cf016e56fe1356364d5c2069dde3dad

2016-09-12 14:48:49 [scrapy] DEBUG: Redirecting (301) to <GET https://kindle.tmall.com/?tbpm=1> from <GET http://kindle.tmall.com/?tbpm=1>
2016-09-12 14:48:50 [scrapy] DEBUG: Sending cookies to: <GET https://kindle.tmall.com/?tbpm=1>
Cookie: cookie2=85f8ff818e8ba17a5f74012dbc041f79; _tb_token_=wufr2KH3iSva; t=7cf016e56fe1356364d5c2069dde3dad

2016-09-12 14:48:50 [scrapy] DEBUG: Redirecting (302) to <GET https://login.taobao.com/jump?target=http%3a%2f%2fhuromhuiyue.tmall.com%2F%3ftbpm%3d1> from <GET https://huromhuiyue.tmall.com/>
2016-09-12 14:48:51 [scrapy] DEBUG: Sending cookies to: <GET https://login.taobao.com/jump?target=http%3a%2f%2fhuromhuiyue.tmall.com%2F%3ftbpm%3d1>
Cookie: cookie2=85f8ff818e8ba17a5f74012dbc041f79; _tb_token_=wufr2KH3iSva; t=7cf016e56fe1356364d5c2069dde3dad

2016-09-12 14:48:51 [scrapy] DEBUG: Redirecting (302) to <GET https://pass.tmall.com/add?cookie2=85f8ff818e8ba17a5f74012dbc041f79&_tb_token_=wufr2KH3iSva&t=7cf016e56fe1356364d5c2069dde3dad&target=http%3a%2f%2fhuromhuiyue.tmall.com%2F%3ftbpm%3d1&pacc=JIaS2jodEbaDrFZ6gtZ9KQ==&opi=101.204.247.120&tmsc=1473662931660200> from <GET https://login.taobao.com/jump?target=http%3a%2f%2fhuromhuiyue.tmall.com%2F%3ftbpm%3d1>
2016-09-12 14:48:52 [scrapy] DEBUG: Sending cookies to: <GET https://pass.tmall.com/add?cookie2=85f8ff818e8ba17a5f74012dbc041f79&_tb_token_=wufr2KH3iSva&t=7cf016e56fe1356364d5c2069dde3dad&target=http%3a%2f%2fhuromhuiyue.tmall.com%2F%3ftbpm%3d1&pacc=JIaS2jodEbaDrFZ6gtZ9KQ==&opi=101.204.247.120&tmsc=1473662931660200>
Cookie: cookie2=85f8ff818e8ba17a5f74012dbc041f79; _tb_token_=wufr2KH3iSva; t=7cf016e56fe1356364d5c2069dde3dad

2016-09-12 14:48:52 [scrapy] DEBUG: Redirecting (302) to <GET http://kindle.tmall.com/> from <GET https://kindle.tmall.com/?tbpm=1>
2016-09-12 14:48:53 [scrapy] DEBUG: Sending cookies to: <GET http://kindle.tmall.com/>
Cookie: cookie2=85f8ff818e8ba17a5f74012dbc041f79; _tb_token_=wufr2KH3iSva; t=7cf016e56fe1356364d5c2069dde3dad

2016-09-12 14:48:53 [scrapy] DEBUG: Redirecting (301) to <GET https://kindle.tmall.com/> from <GET http://kindle.tmall.com/>
2016-09-12 14:48:54 [scrapy] DEBUG: Sending cookies to: <GET https://kindle.tmall.com/>
Cookie: cookie2=85f8ff818e8ba17a5f74012dbc041f79; _tb_token_=wufr2KH3iSva; t=7cf016e56fe1356364d5c2069dde3dad

2016-09-12 14:48:54 [scrapy] DEBUG: Received cookies from: <302 https://pass.tmall.com/add?cookie2=85f8ff818e8ba17a5f74012dbc041f79&_tb_token_=wufr2KH3iSva&t=7cf016e56fe1356364d5c2069dde3dad&target=http%3a%2f%2fhuromhuiyue.tmall.com%2F%3ftbpm%3d1&pacc=JIaS2jodEbaDrFZ6gtZ9KQ==&opi=101.204.247.120&tmsc=1473662931660200>
Set-Cookie: cookie2=85f8ff818e8ba17a5f74012dbc041f79;domain=.tmall.com;Path=/;HttpOnly

Set-Cookie: _tb_token_=wufr2KH3iSva;domain=.tmall.com;Path=/

Set-Cookie: t=7cf016e56fe1356364d5c2069dde3dad;domain=.tmall.com;Path=/

2016-09-12 14:48:54 [scrapy] DEBUG: Redirecting (302) to <GET http://huromhuiyue.tmall.com/?tbpm=1> from <GET https://pass.tmall.com/add?cookie2=85f8ff818e8ba17a5f74012dbc041f79&_tb_token_=wufr2KH3iSva&t=7cf016e56fe1356364d5c2069dde3dad&target=http%3a%2f%2fhuromhuiyue.tmall.com%2F%3ftbpm%3d1&pacc=JIaS2jodEbaDrFZ6gtZ9KQ==&opi=101.204.247.120&tmsc=1473662931660200>
2016-09-12 14:48:55 [scrapy] DEBUG: Sending cookies to: <GET http://huromhuiyue.tmall.com/?tbpm=1>
Cookie: cookie2=85f8ff818e8ba17a5f74012dbc041f79; _tb_token_=wufr2KH3iSva; t=7cf016e56fe1356364d5c2069dde3dad

2016-09-12 14:48:55 [scrapy] DEBUG: Redirecting (301) to <GET https://huromhuiyue.tmall.com/?tbpm=1> from <GET http://huromhuiyue.tmall.com/?tbpm=1>
2016-09-12 14:48:56 [scrapy] DEBUG: Sending cookies to: <GET https://huromhuiyue.tmall.com/?tbpm=1>
Cookie: cookie2=85f8ff818e8ba17a5f74012dbc041f79; _tb_token_=wufr2KH3iSva; t=7cf016e56fe1356364d5c2069dde3dad

2016-09-12 14:48:56 [scrapy] DEBUG: Crawled (200) <GET https://kindle.tmall.com/> (referer: None)
2016-09-12 14:48:57 [scrapy] DEBUG: Sending cookies to: <GET https://rate.taobao.com/user-rate-UvCNSOFNyvmxWvgTT.htm>
Cookie: cna=4RdLEIipQlECAWXM93goJEgl; cookie2=85f8ff818e8ba17a5f74012dbc041f79; _tb_token_=wufr2KH3iSva; t=7cf016e56fe1356364d5c2069dde3dad

2016-09-12 14:48:57 [scrapy] DEBUG: Redirecting (302) to <GET http://huromhuiyue.tmall.com/> from <GET https://huromhuiyue.tmall.com/?tbpm=1>
2016-09-12 14:48:58 [scrapy] DEBUG: Sending cookies to: <GET http://huromhuiyue.tmall.com/>
Cookie: cookie2=85f8ff818e8ba17a5f74012dbc041f79; _tb_token_=wufr2KH3iSva; t=7cf016e56fe1356364d5c2069dde3dad

2016-09-12 14:48:59 [scrapy] DEBUG: Received cookies from: <200 https://rate.taobao.com/user-rate-UvCNSOFNyvmxWvgTT.htm>
Set-Cookie: uc1=cookie14=UoWwJ01wwSfrPw%3D%3D; Domain=.taobao.com; Path=/

Set-Cookie: v=0; Domain=.taobao.com; Path=/

2016-09-12 14:48:59 [scrapy] DEBUG: Crawled (200) <GET https://rate.taobao.com/user-rate-UvCNSOFNyvmxWvgTT.htm> (referer: https://kindle.tmall.com/)
2016-09-12 14:48:59 [pykafka.connection] DEBUG: Connecting to 192.168.103.245:9092
2016-09-12 14:48:59 [pykafka.connection] DEBUG: Successfully connected to 192.168.103.245:9092
2016-09-12 14:48:59 [pykafka.handlers] INFO: RequestHandler.stop: about to flush requests queue
2016-09-12 14:48:59 [pykafka.topic] INFO: Adding 1 partitions
2016-09-12 14:48:59 [pykafka.topic] DEBUG: Adding partition tmall.shop.info/0
2016-09-12 14:48:59 [pykafka.producer] INFO: Starting new produce worker for broker 0
2016-09-12 14:48:59 [pykafka.producer] DEBUG: Sending 1 messages to broker 0
2016-09-12 14:48:59 [pykafka.producer] DEBUG: Successfully sent 1/1 messages to broker 0
2016-09-12 14:48:59 [pykafka.producer] INFO: Blocking until all messages are sent
2016-09-12 14:49:00 [pykafka.handlers] INFO: RequestHandler worker: exiting cleanly
2016-09-12 14:49:04 [pykafka.producer] INFO: Worker exited for broker 192.168.103.245:9092
2016-09-12 14:49:04 [pykafka.producer] INFO: Blocking until all messages are sent
2016-09-12 14:49:04 [pykafka.producer] DEBUG: Finalising <pykafka.producer.Producer at 0x109d35590>
2016-09-12 14:49:04 [scrapy] DEBUG: Scraped from <200 https://rate.taobao.com/user-rate-UvCNSOFNyvmxWvgTT.htm>
None
2016-09-12 14:49:04 [scrapy] DEBUG: Redirecting (301) to <GET https://huromhuiyue.tmall.com/> from <GET http://huromhuiyue.tmall.com/>
2016-09-12 14:49:05 [scrapy] DEBUG: Sending cookies to: <GET https://huromhuiyue.tmall.com/>
Cookie: cookie2=85f8ff818e8ba17a5f74012dbc041f79; _tb_token_=wufr2KH3iSva; t=7cf016e56fe1356364d5c2069dde3dad

2016-09-12 14:49:05 [scrapy] DEBUG: Crawled (200) <GET https://huromhuiyue.tmall.com/> (referer: None)
2016-09-12 14:49:06 [scrapy] DEBUG: Sending cookies to: <GET https://rate.taobao.com/user-rate-UvCQYvCkbMmcbONTT.htm>
Cookie: cna=4RdLEIipQlECAWXM93goJEgl; cookie2=85f8ff818e8ba17a5f74012dbc041f79; _tb_token_=wufr2KH3iSva; t=7cf016e56fe1356364d5c2069dde3dad; uc1=cookie14=UoWwJ01wwSfrPw%3D%3D; v=0

2016-09-12 14:49:06 [scrapy] DEBUG: Received cookies from: <200 https://rate.taobao.com/user-rate-UvCQYvCkbMmcbONTT.htm>
Set-Cookie: uc1=cookie14=UoWwJ01wwSfsCQ%3D%3D; Domain=.taobao.com; Path=/

2016-09-12 14:49:06 [scrapy] DEBUG: Crawled (200) <GET https://rate.taobao.com/user-rate-UvCQYvCkbMmcbONTT.htm> (referer: https://huromhuiyue.tmall.com/)
2016-09-12 14:49:06 [pykafka.connection] DEBUG: Connecting to 192.168.103.245:9092
2016-09-12 14:49:06 [pykafka.connection] DEBUG: Successfully connected to 192.168.103.245:9092
2016-09-12 14:49:06 [pykafka.handlers] INFO: RequestHandler.stop: about to flush requests queue
2016-09-12 14:49:06 [pykafka.topic] INFO: Adding 1 partitions
2016-09-12 14:49:06 [pykafka.topic] DEBUG: Adding partition tmall.shop.info/0
2016-09-12 14:49:06 [pykafka.producer] INFO: Starting new produce worker for broker 0
2016-09-12 14:49:06 [pykafka.producer] DEBUG: Sending 1 messages to broker 0
2016-09-12 14:49:06 [pykafka.producer] DEBUG: Successfully sent 1/1 messages to broker 0
2016-09-12 14:49:06 [pykafka.producer] INFO: Blocking until all messages are sent
2016-09-12 14:49:07 [pykafka.handlers] INFO: RequestHandler worker: exiting cleanly
2016-09-12 14:49:11 [pykafka.producer] INFO: Worker exited for broker 192.168.103.245:9092
2016-09-12 14:49:11 [pykafka.producer] INFO: Blocking until all messages are sent
2016-09-12 14:49:11 [pykafka.producer] DEBUG: Finalising <pykafka.producer.Producer at 0x10a2981d0>
2016-09-12 14:49:11 [scrapy] DEBUG: Scraped from <200 https://rate.taobao.com/user-rate-UvCQYvCkbMmcbONTT.htm>
None
2016-09-12 14:49:11 [scrapy] INFO: Closing spider (finished)
2016-09-12 14:49:11 [scrapy] INFO: Dumping Scrapy stats:
{'downloader/request_bytes': 5614,
 'downloader/request_count': 16,
 'downloader/request_method_count/GET': 16,
 'downloader/response_bytes': 60945,
 'downloader/response_count': 16,
 'downloader/response_status_count/200': 4,
 'downloader/response_status_count/301': 4,
 'downloader/response_status_count/302': 8,
 'finish_reason': 'finished',
 'finish_time': datetime.datetime(2016, 9, 12, 6, 49, 11, 940010),
 'item_scraped_count': 2,
 'log_count/DEBUG': 58,
 'log_count/INFO': 27,
 'request_depth_max': 1,
 'response_received_count': 4,
 'scheduler/dequeued': 16,
 'scheduler/dequeued/memory': 16,
 'scheduler/enqueued': 16,
 'scheduler/enqueued/memory': 16,
 'start_time': datetime.datetime(2016, 9, 12, 6, 48, 43, 287048)}
2016-09-12 14:49:11 [scrapy] INFO: Spider closed (finished)
2016-09-12 14:49:12 [pykafka.handlers] INFO: RequestHandler.stop: about to flush requests queue
2016-09-12 15:30:00 [scrapy] INFO: Scrapy 1.1.2 started (bot: xmmspider)
2016-09-12 15:30:00 [scrapy] INFO: Overridden settings: {'COOKIES_DEBUG': True, 'NEWSPIDER_MODULE': 'xmmspider.spiders', 'SPIDER_MODULES': ['xmmspider.spiders'], 'BOT_NAME': 'xmmspider', 'LOG_FILE': '/Users/cean/workspace/Java/workspace/xmm-shop-tools/data-collection/xmmspider/xmmspider/logs/TmallShopSpider-1473609600.log', 'DOWNLOAD_DELAY': 1}
2016-09-12 15:30:00 [scrapy] INFO: Enabled extensions:
['scrapy.extensions.logstats.LogStats',
 'scrapy.extensions.telnet.TelnetConsole',
 'scrapy.extensions.corestats.CoreStats',
 'xmmspider.extensions.SpiderRequestInterval',
 'xmmspider.extensions.TaobaoShopDataMySQLLoader',
 'xmmspider.extensions.SpiderMonitor']
2016-09-12 15:30:00 [scrapy] INFO: Enabled downloader middlewares:
['scrapy.downloadermiddlewares.httpauth.HttpAuthMiddleware',
 'scrapy.downloadermiddlewares.downloadtimeout.DownloadTimeoutMiddleware',
 'scrapy.downloadermiddlewares.useragent.UserAgentMiddleware',
 'scrapy.downloadermiddlewares.retry.RetryMiddleware',
 'scrapy.downloadermiddlewares.defaultheaders.DefaultHeadersMiddleware',
 'scrapy.downloadermiddlewares.redirect.MetaRefreshMiddleware',
 'scrapy.downloadermiddlewares.redirect.RedirectMiddleware',
 'scrapy.downloadermiddlewares.cookies.CookiesMiddleware',
 'scrapy.downloadermiddlewares.httpcompression.HttpCompressionMiddleware',
 'scrapy.downloadermiddlewares.chunked.ChunkedTransferMiddleware',
 'scrapy.downloadermiddlewares.stats.DownloaderStats']
2016-09-12 15:30:00 [scrapy] INFO: Enabled spider middlewares:
['scrapy.spidermiddlewares.httperror.HttpErrorMiddleware',
 'scrapy.spidermiddlewares.offsite.OffsiteMiddleware',
 'scrapy.spidermiddlewares.referer.RefererMiddleware',
 'scrapy.spidermiddlewares.urllength.UrlLengthMiddleware',
 'scrapy.spidermiddlewares.depth.DepthMiddleware']
2016-09-12 15:30:01 [pykafka.topic] INFO: Successfully loaded pykafka.rdkafka extension.
2016-09-12 15:30:01 [scrapy] INFO: Enabled item pipelines:
['xmmspider.pipelines.PushDataToKafka']
2016-09-12 15:30:01 [scrapy] INFO: Spider opened
2016-09-12 15:30:01 [pykafka.cluster] DEBUG: Updating cluster, attempt 1/3
2016-09-12 15:30:01 [pykafka.connection] DEBUG: Connecting to 192.168.103.245:9092
2016-09-12 15:30:01 [pykafka.connection] DEBUG: Successfully connected to 192.168.103.245:9092
2016-09-12 15:30:01 [pykafka.handlers] INFO: RequestHandler.stop: about to flush requests queue
2016-09-12 15:30:01 [pykafka.cluster] INFO: Discovered 1 brokers
2016-09-12 15:30:01 [pykafka.cluster] DEBUG: Discovered broker id 0: 192.168.103.245:9092
2016-09-12 15:30:01 [pykafka.connection] DEBUG: Connecting to 192.168.103.245:9092
2016-09-12 15:30:01 [pykafka.connection] DEBUG: Successfully connected to 192.168.103.245:9092
2016-09-12 15:30:01 [pykafka.cluster] INFO: Discovered 4 topics
2016-09-12 15:30:01 [pykafka.cluster] DEBUG: Discovered topic 'taobao.shop.info'
2016-09-12 15:30:01 [pykafka.cluster] DEBUG: Discovered topic 'taobao.shop.product'
2016-09-12 15:30:01 [pykafka.cluster] DEBUG: Discovered topic 'tmall.shop.product'
2016-09-12 15:30:01 [pykafka.cluster] DEBUG: Discovered topic 'tmall.shop.info'
2016-09-12 15:30:01 [scrapy] INFO: Crawled 0 pages (at 0 pages/min), scraped 0 items (at 0 items/min)
2016-09-12 15:30:01 [xmmspider.extensions] INFO: load shop urls
2016-09-12 15:30:01 [scrapy] DEBUG: Telnet console listening on 127.0.0.1:6024
2016-09-12 15:30:02 [pykafka.handlers] INFO: RequestHandler worker: exiting cleanly
2016-09-12 15:30:03 [scrapy] DEBUG: Redirecting (302) to <GET https://login.taobao.com/jump?target=http%3a%2f%2fkindle.tmall.com%2F%3ftbpm%3d1> from <GET https://kindle.tmall.com/>
2016-09-12 15:30:04 [scrapy] DEBUG: Redirecting (302) to <GET https://login.taobao.com/jump?target=http%3a%2f%2fhuromhuiyue.tmall.com%2F%3ftbpm%3d1> from <GET https://huromhuiyue.tmall.com/>
2016-09-12 15:30:05 [scrapy] DEBUG: Received cookies from: <302 https://login.taobao.com/jump?target=http%3a%2f%2fhuromhuiyue.tmall.com%2F%3ftbpm%3d1>
Set-Cookie: _tb_token_=XxGNAyspn0uN;domain=.taobao.com;Path=/;HttpOnly

Set-Cookie: cookie2=effc59f4f941df952e1b938e8417e58c;domain=.taobao.com;Path=/;HttpOnly

Set-Cookie: t=fd413a90d424823dcc8a8809a0c2634a;domain=.taobao.com;Expires=Sun, 11-Dec-2016 07:30:05 GMT;Path=/

2016-09-12 15:30:05 [scrapy] DEBUG: Redirecting (302) to <GET https://pass.tmall.com/add?_tb_token_=XxGNAyspn0uN&cookie2=effc59f4f941df952e1b938e8417e58c&t=fd413a90d424823dcc8a8809a0c2634a&target=http%3a%2f%2fhuromhuiyue.tmall.com%2F%3ftbpm%3d1&pacc=XfBKWFmMzZyNdFwyjHJniw==&opi=101.204.247.120&tmsc=1473665405667515> from <GET https://login.taobao.com/jump?target=http%3a%2f%2fhuromhuiyue.tmall.com%2F%3ftbpm%3d1>
2016-09-12 15:30:06 [scrapy] DEBUG: Received cookies from: <302 https://login.taobao.com/jump?target=http%3a%2f%2fkindle.tmall.com%2F%3ftbpm%3d1>
Set-Cookie: _tb_token_=KiPJvYPwSS3L;domain=.taobao.com;Path=/;HttpOnly

Set-Cookie: cookie2=664a12c6153b9651643416662b2c4704;domain=.taobao.com;Path=/;HttpOnly

Set-Cookie: t=7c3033c353062925c9593f8ae85426c2;domain=.taobao.com;Expires=Sun, 11-Dec-2016 07:30:05 GMT;Path=/

2016-09-12 15:30:06 [scrapy] DEBUG: Redirecting (302) to <GET https://pass.tmall.com/add?_tb_token_=KiPJvYPwSS3L&cookie2=664a12c6153b9651643416662b2c4704&t=7c3033c353062925c9593f8ae85426c2&target=http%3a%2f%2fkindle.tmall.com%2F%3ftbpm%3d1&pacc=lgIYAhIeerS54TPKC17GMA==&opi=101.204.247.120&tmsc=1473665405667769> from <GET https://login.taobao.com/jump?target=http%3a%2f%2fkindle.tmall.com%2F%3ftbpm%3d1>
2016-09-12 15:30:07 [scrapy] DEBUG: Received cookies from: <302 https://pass.tmall.com/add?_tb_token_=XxGNAyspn0uN&cookie2=effc59f4f941df952e1b938e8417e58c&t=fd413a90d424823dcc8a8809a0c2634a&target=http%3a%2f%2fhuromhuiyue.tmall.com%2F%3ftbpm%3d1&pacc=XfBKWFmMzZyNdFwyjHJniw==&opi=101.204.247.120&tmsc=1473665405667515>
Set-Cookie: _tb_token_=XxGNAyspn0uN;domain=.tmall.com;Path=/

Set-Cookie: cookie2=effc59f4f941df952e1b938e8417e58c;domain=.tmall.com;Path=/;HttpOnly

Set-Cookie: t=fd413a90d424823dcc8a8809a0c2634a;domain=.tmall.com;Path=/

2016-09-12 15:30:07 [scrapy] DEBUG: Redirecting (302) to <GET http://huromhuiyue.tmall.com/?tbpm=1> from <GET https://pass.tmall.com/add?_tb_token_=XxGNAyspn0uN&cookie2=effc59f4f941df952e1b938e8417e58c&t=fd413a90d424823dcc8a8809a0c2634a&target=http%3a%2f%2fhuromhuiyue.tmall.com%2F%3ftbpm%3d1&pacc=XfBKWFmMzZyNdFwyjHJniw==&opi=101.204.247.120&tmsc=1473665405667515>
2016-09-12 15:30:08 [scrapy] DEBUG: Sending cookies to: <GET http://huromhuiyue.tmall.com/?tbpm=1>
Cookie: cookie2=effc59f4f941df952e1b938e8417e58c; _tb_token_=XxGNAyspn0uN; t=fd413a90d424823dcc8a8809a0c2634a

2016-09-12 15:30:08 [scrapy] DEBUG: Received cookies from: <302 https://pass.tmall.com/add?_tb_token_=KiPJvYPwSS3L&cookie2=664a12c6153b9651643416662b2c4704&t=7c3033c353062925c9593f8ae85426c2&target=http%3a%2f%2fkindle.tmall.com%2F%3ftbpm%3d1&pacc=lgIYAhIeerS54TPKC17GMA==&opi=101.204.247.120&tmsc=1473665405667769>
Set-Cookie: _tb_token_=KiPJvYPwSS3L;domain=.tmall.com;Path=/

Set-Cookie: cookie2=664a12c6153b9651643416662b2c4704;domain=.tmall.com;Path=/;HttpOnly

Set-Cookie: t=7c3033c353062925c9593f8ae85426c2;domain=.tmall.com;Path=/

2016-09-12 15:30:08 [scrapy] DEBUG: Redirecting (302) to <GET http://kindle.tmall.com/?tbpm=1> from <GET https://pass.tmall.com/add?_tb_token_=KiPJvYPwSS3L&cookie2=664a12c6153b9651643416662b2c4704&t=7c3033c353062925c9593f8ae85426c2&target=http%3a%2f%2fkindle.tmall.com%2F%3ftbpm%3d1&pacc=lgIYAhIeerS54TPKC17GMA==&opi=101.204.247.120&tmsc=1473665405667769>
2016-09-12 15:30:09 [scrapy] DEBUG: Sending cookies to: <GET http://kindle.tmall.com/?tbpm=1>
Cookie: cookie2=664a12c6153b9651643416662b2c4704; _tb_token_=KiPJvYPwSS3L; t=7c3033c353062925c9593f8ae85426c2

2016-09-12 15:30:09 [scrapy] DEBUG: Redirecting (301) to <GET https://huromhuiyue.tmall.com/?tbpm=1> from <GET http://huromhuiyue.tmall.com/?tbpm=1>
2016-09-12 15:30:10 [scrapy] DEBUG: Sending cookies to: <GET https://huromhuiyue.tmall.com/?tbpm=1>
Cookie: cookie2=664a12c6153b9651643416662b2c4704; _tb_token_=KiPJvYPwSS3L; t=7c3033c353062925c9593f8ae85426c2

2016-09-12 15:30:10 [scrapy] DEBUG: Redirecting (302) to <GET http://huromhuiyue.tmall.com/> from <GET https://huromhuiyue.tmall.com/?tbpm=1>
2016-09-12 15:30:11 [scrapy] DEBUG: Sending cookies to: <GET http://huromhuiyue.tmall.com/>
Cookie: cookie2=664a12c6153b9651643416662b2c4704; _tb_token_=KiPJvYPwSS3L; t=7c3033c353062925c9593f8ae85426c2

2016-09-12 15:30:11 [scrapy] DEBUG: Redirecting (301) to <GET https://kindle.tmall.com/?tbpm=1> from <GET http://kindle.tmall.com/?tbpm=1>
2016-09-12 15:30:12 [scrapy] DEBUG: Sending cookies to: <GET https://kindle.tmall.com/?tbpm=1>
Cookie: cookie2=664a12c6153b9651643416662b2c4704; _tb_token_=KiPJvYPwSS3L; t=7c3033c353062925c9593f8ae85426c2

2016-09-12 15:30:12 [scrapy] DEBUG: Redirecting (301) to <GET https://huromhuiyue.tmall.com/> from <GET http://huromhuiyue.tmall.com/>
2016-09-12 15:30:13 [scrapy] DEBUG: Sending cookies to: <GET https://huromhuiyue.tmall.com/>
Cookie: cookie2=664a12c6153b9651643416662b2c4704; _tb_token_=KiPJvYPwSS3L; t=7c3033c353062925c9593f8ae85426c2

2016-09-12 15:30:13 [scrapy] DEBUG: Redirecting (302) to <GET http://kindle.tmall.com/> from <GET https://kindle.tmall.com/?tbpm=1>
2016-09-12 15:30:14 [scrapy] DEBUG: Sending cookies to: <GET http://kindle.tmall.com/>
Cookie: cookie2=664a12c6153b9651643416662b2c4704; _tb_token_=KiPJvYPwSS3L; t=7c3033c353062925c9593f8ae85426c2

2016-09-12 15:30:14 [scrapy] DEBUG: Redirecting (301) to <GET https://kindle.tmall.com/> from <GET http://kindle.tmall.com/>
2016-09-12 15:30:15 [scrapy] DEBUG: Sending cookies to: <GET https://kindle.tmall.com/>
Cookie: cookie2=664a12c6153b9651643416662b2c4704; _tb_token_=KiPJvYPwSS3L; t=7c3033c353062925c9593f8ae85426c2

2016-09-12 15:30:16 [scrapy] DEBUG: Crawled (200) <GET https://huromhuiyue.tmall.com/> (referer: None)
2016-09-12 15:30:16 [scrapy] DEBUG: Crawled (200) <GET https://kindle.tmall.com/> (referer: None)
2016-09-12 15:30:17 [scrapy] DEBUG: Sending cookies to: <GET https://rate.taobao.com/user-rate-UvCQYvCkbMmcbONTT.htm>
Cookie: cna=4RdLEIipQlECAWXM93goJEgl; cookie2=664a12c6153b9651643416662b2c4704; _tb_token_=KiPJvYPwSS3L; t=7c3033c353062925c9593f8ae85426c2

2016-09-12 15:30:18 [scrapy] DEBUG: Sending cookies to: <GET https://rate.taobao.com/user-rate-UvCNSOFNyvmxWvgTT.htm>
Cookie: cna=4RdLEIipQlECAWXM93goJEgl; cookie2=664a12c6153b9651643416662b2c4704; _tb_token_=KiPJvYPwSS3L; t=7c3033c353062925c9593f8ae85426c2

2016-09-12 15:30:18 [scrapy] DEBUG: Received cookies from: <200 https://rate.taobao.com/user-rate-UvCNSOFNyvmxWvgTT.htm>
Set-Cookie: uc1=cookie14=UoWwJ01wxnmnNA%3D%3D; Domain=.taobao.com; Path=/

Set-Cookie: v=0; Domain=.taobao.com; Path=/

2016-09-12 15:30:18 [scrapy] DEBUG: Crawled (200) <GET https://rate.taobao.com/user-rate-UvCNSOFNyvmxWvgTT.htm> (referer: https://kindle.tmall.com/)
2016-09-12 15:30:18 [scrapy] DEBUG: Received cookies from: <200 https://rate.taobao.com/user-rate-UvCQYvCkbMmcbONTT.htm>
Set-Cookie: uc1=cookie14=UoWwJ01wxnmnNA%3D%3D; Domain=.taobao.com; Path=/

Set-Cookie: v=0; Domain=.taobao.com; Path=/

2016-09-12 15:30:18 [scrapy] DEBUG: Crawled (200) <GET https://rate.taobao.com/user-rate-UvCQYvCkbMmcbONTT.htm> (referer: https://huromhuiyue.tmall.com/)
2016-09-12 15:30:18 [pykafka.connection] DEBUG: Connecting to 192.168.103.245:9092
2016-09-12 15:30:18 [pykafka.connection] DEBUG: Successfully connected to 192.168.103.245:9092
2016-09-12 15:30:18 [pykafka.handlers] INFO: RequestHandler.stop: about to flush requests queue
2016-09-12 15:30:18 [pykafka.topic] INFO: Adding 1 partitions
2016-09-12 15:30:18 [pykafka.topic] DEBUG: Adding partition tmall.shop.info/0
2016-09-12 15:30:18 [pykafka.producer] INFO: Starting new produce worker for broker 0
2016-09-12 15:30:18 [pykafka.producer] DEBUG: Sending 1 messages to broker 0
2016-09-12 15:30:18 [pykafka.producer] DEBUG: Successfully sent 1/1 messages to broker 0
2016-09-12 15:30:18 [pykafka.producer] INFO: Blocking until all messages are sent
2016-09-12 15:30:19 [pykafka.handlers] INFO: RequestHandler worker: exiting cleanly
2016-09-12 15:30:23 [pykafka.producer] INFO: Worker exited for broker 192.168.103.245:9092
2016-09-12 15:30:23 [pykafka.producer] INFO: Blocking until all messages are sent
2016-09-12 15:30:23 [pykafka.producer] DEBUG: Finalising <pykafka.producer.Producer at 0x109d354d0>
2016-09-12 15:30:23 [scrapy] DEBUG: Scraped from <200 https://rate.taobao.com/user-rate-UvCNSOFNyvmxWvgTT.htm>
None
2016-09-12 15:30:23 [pykafka.connection] DEBUG: Connecting to 192.168.103.245:9092
2016-09-12 15:30:23 [pykafka.connection] DEBUG: Successfully connected to 192.168.103.245:9092
2016-09-12 15:30:23 [pykafka.handlers] INFO: RequestHandler.stop: about to flush requests queue
2016-09-12 15:30:23 [pykafka.topic] INFO: Adding 1 partitions
2016-09-12 15:30:23 [pykafka.topic] DEBUG: Adding partition tmall.shop.info/0
2016-09-12 15:30:23 [pykafka.producer] INFO: Starting new produce worker for broker 0
2016-09-12 15:30:23 [pykafka.producer] DEBUG: Sending 1 messages to broker 0
2016-09-12 15:30:23 [pykafka.producer] DEBUG: Successfully sent 1/1 messages to broker 0
2016-09-12 15:30:23 [pykafka.producer] INFO: Blocking until all messages are sent
2016-09-12 15:30:24 [pykafka.handlers] INFO: RequestHandler worker: exiting cleanly
2016-09-12 15:30:28 [pykafka.producer] INFO: Worker exited for broker 192.168.103.245:9092
2016-09-12 15:30:28 [pykafka.producer] INFO: Blocking until all messages are sent
2016-09-12 15:30:28 [pykafka.producer] DEBUG: Finalising <pykafka.producer.Producer at 0x109d354d0>
2016-09-12 15:30:28 [scrapy] DEBUG: Scraped from <200 https://rate.taobao.com/user-rate-UvCQYvCkbMmcbONTT.htm>
None
2016-09-12 15:30:28 [scrapy] INFO: Closing spider (finished)
2016-09-12 15:30:28 [scrapy] INFO: Dumping Scrapy stats:
{'downloader/request_bytes': 5352,
 'downloader/request_count': 16,
 'downloader/request_method_count/GET': 16,
 'downloader/response_bytes': 61330,
 'downloader/response_count': 16,
 'downloader/response_status_count/200': 4,
 'downloader/response_status_count/301': 4,
 'downloader/response_status_count/302': 8,
 'finish_reason': 'finished',
 'finish_time': datetime.datetime(2016, 9, 12, 7, 30, 28, 553089),
 'item_scraped_count': 2,
 'log_count/DEBUG': 57,
 'log_count/INFO': 27,
 'request_depth_max': 1,
 'response_received_count': 4,
 'scheduler/dequeued': 16,
 'scheduler/dequeued/memory': 16,
 'scheduler/enqueued': 16,
 'scheduler/enqueued/memory': 16,
 'start_time': datetime.datetime(2016, 9, 12, 7, 30, 1, 83431)}
2016-09-12 15:30:28 [scrapy] INFO: Spider closed (finished)
2016-09-12 15:30:28 [pykafka.handlers] INFO: RequestHandler.stop: about to flush requests queue
